[ 2016-10-11T22:53:01+08:00 ] ::1 /LibraryWeb-master/
INFO: [ app_init ] --START--
INFO: Run Behavior\BuildLiteBehavior [ RunTime:0.000114s ]
INFO: [ app_init ] --END-- [ RunTime:0.172298s ]
INFO: [ app_begin ] --START--
INFO: Run Behavior\ReadHtmlCacheBehavior [ RunTime:0.035553s ]
INFO: [ app_begin ] --END-- [ RunTime:0.036369s ]
INFO: [ view_parse ] --START--
INFO: [ template_filter ] --START--
INFO: Run Behavior\ContentReplaceBehavior [ RunTime:0.004650s ]
INFO: [ template_filter ] --END-- [ RunTime:0.005459s ]
INFO: Run Behavior\ParseTemplateBehavior [ RunTime:0.349502s ]
INFO: [ view_parse ] --END-- [ RunTime:0.350072s ]
INFO: [ view_filter ] --START--
INFO: Run Behavior\WriteHtmlCacheBehavior [ RunTime:0.195552s ]
INFO: [ view_filter ] --END-- [ RunTime:0.196136s ]

[ 2016-10-11T22:53:04+08:00 ] ::1 /LibraryWeb-master/index.php/Login/login.html
INFO: [ app_init ] --START--
INFO: Run Behavior\BuildLiteBehavior [ RunTime:0.000113s ]
INFO: [ app_init ] --END-- [ RunTime:0.001805s ]
INFO: [ app_begin ] --START--
INFO: Run Behavior\ReadHtmlCacheBehavior [ RunTime:0.001806s ]
INFO: [ app_begin ] --END-- [ RunTime:0.002386s ]
INFO: [ view_parse ] --START--
INFO: [ template_filter ] --START--
INFO: Run Behavior\ContentReplaceBehavior [ RunTime:0.000298s ]
INFO: [ template_filter ] --END-- [ RunTime:0.000857s ]
NOTIC: [8] Use of undefined constant verify - assumed 'verify' D:\php_code\LibraryWeb-master\Application\Runtime\Cache\Admin\0dfec61edd66f450033aa87c28a760f4.php 第 54 行.
INFO: Run Behavior\ParseTemplateBehavior [ RunTime:0.054215s ]
INFO: [ view_parse ] --END-- [ RunTime:0.054786s ]
INFO: [ view_filter ] --START--
INFO: Run Behavior\WriteHtmlCacheBehavior [ RunTime:0.001314s ]
INFO: [ view_filter ] --END-- [ RunTime:0.001845s ]
INFO: [ app_end ] --START--
INFO: Run Behavior\ShowPageTraceBehavior [ RunTime:0.063388s ]
INFO: [ app_end ] --END-- [ RunTime:0.064182s ]

[ 2016-10-11T22:53:06+08:00 ] ::1 /LibraryWeb-master/index.php/Login/verify.html
INFO: [ app_init ] --START--
INFO: Run Behavior\BuildLiteBehavior [ RunTime:0.000111s ]
INFO: [ app_init ] --END-- [ RunTime:0.001796s ]
INFO: [ app_begin ] --START--
INFO: Run Behavior\ReadHtmlCacheBehavior [ RunTime:0.001753s ]
INFO: [ app_begin ] --END-- [ RunTime:0.002378s ]
INFO: [ app_end ] --START--
INFO: Run Behavior\ShowPageTraceBehavior [ RunTime:0.002496s ]
INFO: [ app_end ] --END-- [ RunTime:0.003974s ]

[ 2016-10-11T22:53:28+08:00 ] ::1 /LibraryWeb-master/index.php/Login/login.html
INFO: [ app_init ] --START--
INFO: Run Behavior\BuildLiteBehavior [ RunTime:0.000118s ]
INFO: [ app_init ] --END-- [ RunTime:0.002495s ]
INFO: [ app_begin ] --START--
INFO: Run Behavior\ReadHtmlCacheBehavior [ RunTime:0.003366s ]
INFO: [ app_begin ] --END-- [ RunTime:0.004079s ]
ERR: SQLSTATE[HY000] [1045] Accès refusé pour l'utilisateur: 'root'@'@localhost' (mot de passe: OUI)

[ 2016-10-11T22:53:53+08:00 ] ::1 /LibraryWeb-master/index.php/Login/login.html
INFO: [ app_init ] --START--
INFO: Run Behavior\BuildLiteBehavior [ RunTime:0.000112s ]
INFO: [ app_init ] --END-- [ RunTime:0.001669s ]
INFO: [ app_begin ] --START--
INFO: Run Behavior\ReadHtmlCacheBehavior [ RunTime:0.002400s ]
INFO: [ app_begin ] --END-- [ RunTime:0.003103s ]
ERR: SQLSTATE[HY000] [1045] Accès refusé pour l'utilisateur: 'root'@'@localhost' (mot de passe: OUI)

[ 2016-10-11T23:01:11+08:00 ] ::1 /LibraryWeb-master/index.php/Login/login.html
INFO: [ app_init ] --START--
INFO: Run Behavior\BuildLiteBehavior [ RunTime:0.000118s ]
INFO: [ app_init ] --END-- [ RunTime:0.001801s ]
INFO: [ app_begin ] --START--
INFO: Run Behavior\ReadHtmlCacheBehavior [ RunTime:0.001865s ]
INFO: [ app_begin ] --END-- [ RunTime:0.002432s ]
ERR: SQLSTATE[HY000] [1045] Accès refusé pour l'utilisateur: 'root'@'@localhost' (mot de passe: NON)

[ 2016-10-11T23:03:53+08:00 ] ::1 /LibraryWeb-master/index.php/Login/login.html
INFO: [ app_init ] --START--
INFO: Run Behavior\BuildLiteBehavior [ RunTime:0.000109s ]
INFO: [ app_init ] --END-- [ RunTime:0.001698s ]
INFO: [ app_begin ] --START--
INFO: Run Behavior\ReadHtmlCacheBehavior [ RunTime:0.002003s ]
INFO: [ app_begin ] --END-- [ RunTime:0.002567s ]
ERR: SQLSTATE[HY000] [1049] Base 'booksystem' inconnue

[ 2016-10-11T23:06:50+08:00 ] ::1 /LibraryWeb-master/
INFO: [ app_init ] --START--
INFO: Run Behavior\BuildLiteBehavior [ RunTime:0.000129s ]
INFO: [ app_init ] --END-- [ RunTime:0.002808s ]
INFO: [ app_begin ] --START--
INFO: Run Behavior\ReadHtmlCacheBehavior [ RunTime:0.002177s ]
INFO: [ app_begin ] --END-- [ RunTime:0.002751s ]
INFO: [ view_parse ] --START--
INFO: [ template_filter ] --START--
INFO: Run Behavior\ContentReplaceBehavior [ RunTime:0.000286s ]
INFO: [ template_filter ] --END-- [ RunTime:0.000844s ]
INFO: Run Behavior\ParseTemplateBehavior [ RunTime:0.022545s ]
INFO: [ view_parse ] --END-- [ RunTime:0.023114s ]
INFO: [ view_filter ] --START--
INFO: Run Behavior\WriteHtmlCacheBehavior [ RunTime:0.001307s ]
INFO: [ view_filter ] --END-- [ RunTime:0.001838s ]

[ 2016-10-11T23:06:53+08:00 ] ::1 /LibraryWeb-master/index.php/Login/login.html
INFO: [ app_init ] --START--
INFO: Run Behavior\BuildLiteBehavior [ RunTime:0.000114s ]
INFO: [ app_init ] --END-- [ RunTime:0.001838s ]
INFO: [ app_begin ] --START--
INFO: Run Behavior\ReadHtmlCacheBehavior [ RunTime:0.002603s ]
INFO: [ app_begin ] --END-- [ RunTime:0.003358s ]
INFO: [ view_parse ] --START--
INFO: [ template_filter ] --START--
INFO: Run Behavior\ContentReplaceBehavior [ RunTime:0.000301s ]
INFO: [ template_filter ] --END-- [ RunTime:0.000863s ]
NOTIC: [8] Use of undefined constant verify - assumed 'verify' D:\php_code\LibraryWeb-master\Application\Runtime\Cache\Admin\0dfec61edd66f450033aa87c28a760f4.php 第 54 行.
INFO: Run Behavior\ParseTemplateBehavior [ RunTime:0.026870s ]
INFO: [ view_parse ] --END-- [ RunTime:0.027429s ]
INFO: [ view_filter ] --START--
INFO: Run Behavior\WriteHtmlCacheBehavior [ RunTime:0.001292s ]
INFO: [ view_filter ] --END-- [ RunTime:0.001828s ]
INFO: [ app_end ] --START--
INFO: Run Behavior\ShowPageTraceBehavior [ RunTime:0.002386s ]
INFO: [ app_end ] --END-- [ RunTime:0.002943s ]

[ 2016-10-11T23:06:54+08:00 ] ::1 /LibraryWeb-master/index.php/Login/verify.html
INFO: [ app_init ] --START--
INFO: Run Behavior\BuildLiteBehavior [ RunTime:0.000116s ]
INFO: [ app_init ] --END-- [ RunTime:0.002036s ]
INFO: [ app_begin ] --START--
INFO: Run Behavior\ReadHtmlCacheBehavior [ RunTime:0.001808s ]
INFO: [ app_begin ] --END-- [ RunTime:0.002500s ]
INFO: [ app_end ] --START--
INFO: Run Behavior\ShowPageTraceBehavior [ RunTime:0.001923s ]
INFO: [ app_end ] --END-- [ RunTime:0.002514s ]

[ 2016-10-11T23:07:13+08:00 ] ::1 /LibraryWeb-master/index.php/Login/login.html
INFO: [ app_init ] --START--
INFO: Run Behavior\BuildLiteBehavior [ RunTime:0.000111s ]
INFO: [ app_init ] --END-- [ RunTime:0.001984s ]
INFO: [ app_begin ] --START--
INFO: Run Behavior\ReadHtmlCacheBehavior [ RunTime:0.003908s ]
INFO: [ app_begin ] --END-- [ RunTime:0.004529s ]
ERR: SQLSTATE[HY000] [1049] Base 'booksystem' inconnue

[ 2016-10-11T23:30:41+08:00 ] ::1 /LibraryWeb-master/
INFO: [ app_init ] --START--
INFO: Run Behavior\BuildLiteBehavior [ RunTime:0.000108s ]
INFO: [ app_init ] --END-- [ RunTime:0.001781s ]
INFO: [ app_begin ] --START--
INFO: Run Behavior\ReadHtmlCacheBehavior [ RunTime:0.001872s ]
INFO: [ app_begin ] --END-- [ RunTime:0.002469s ]
INFO: [ view_parse ] --START--
INFO: [ template_filter ] --START--
INFO: Run Behavior\ContentReplaceBehavior [ RunTime:0.000289s ]
INFO: [ template_filter ] --END-- [ RunTime:0.000891s ]
INFO: Run Behavior\ParseTemplateBehavior [ RunTime:0.024111s ]
INFO: [ view_parse ] --END-- [ RunTime:0.024676s ]
INFO: [ view_filter ] --START--
INFO: Run Behavior\WriteHtmlCacheBehavior [ RunTime:0.001304s ]
INFO: [ view_filter ] --END-- [ RunTime:0.001828s ]

[ 2016-10-11T23:30:45+08:00 ] ::1 /LibraryWeb-master/index.php/Login/login.html
INFO: [ app_init ] --START--
INFO: Run Behavior\BuildLiteBehavior [ RunTime:0.000113s ]
INFO: [ app_init ] --END-- [ RunTime:0.001879s ]
INFO: [ app_begin ] --START--
INFO: Run Behavior\ReadHtmlCacheBehavior [ RunTime:0.001619s ]
INFO: [ app_begin ] --END-- [ RunTime:0.002176s ]
INFO: [ view_parse ] --START--
INFO: [ template_filter ] --START--
INFO: Run Behavior\ContentReplaceBehavior [ RunTime:0.000326s ]
INFO: [ template_filter ] --END-- [ RunTime:0.000925s ]
NOTIC: [8] Use of undefined constant verify - assumed 'verify' D:\php_code\LibraryWeb-master\Application\Runtime\Cache\Admin\0dfec61edd66f450033aa87c28a760f4.php 第 54 行.
INFO: Run Behavior\ParseTemplateBehavior [ RunTime:0.022007s ]
INFO: [ view_parse ] --END-- [ RunTime:0.022650s ]
INFO: [ view_filter ] --START--
INFO: Run Behavior\WriteHtmlCacheBehavior [ RunTime:0.001277s ]
INFO: [ view_filter ] --END-- [ RunTime:0.001838s ]
INFO: [ app_end ] --START--
INFO: Run Behavior\ShowPageTraceBehavior [ RunTime:0.002063s ]
INFO: [ app_end ] --END-- [ RunTime:0.002654s ]

[ 2016-10-11T23:30:45+08:00 ] ::1 /LibraryWeb-master/index.php/Login/verify.html
INFO: [ app_init ] --START--
INFO: Run Behavior\BuildLiteBehavior [ RunTime:0.000111s ]
INFO: [ app_init ] --END-- [ RunTime:0.001636s ]
INFO: [ app_begin ] --START--
INFO: Run Behavior\ReadHtmlCacheBehavior [ RunTime:0.001658s ]
INFO: [ app_begin ] --END-- [ RunTime:0.002224s ]
INFO: [ app_end ] --START--
INFO: Run Behavior\ShowPageTraceBehavior [ RunTime:0.003013s ]
INFO: [ app_end ] --END-- [ RunTime:0.003602s ]

[ 2016-10-11T23:31:00+08:00 ] ::1 /LibraryWeb-master/index.php/Login/verify.html?0.4852104617779396
INFO: [ app_init ] --START--
INFO: Run Behavior\BuildLiteBehavior [ RunTime:0.000113s ]
INFO: [ app_init ] --END-- [ RunTime:0.002326s ]
INFO: [ app_begin ] --START--
INFO: Run Behavior\ReadHtmlCacheBehavior [ RunTime:0.004394s ]
INFO: [ app_begin ] --END-- [ RunTime:0.004974s ]
INFO: [ app_end ] --START--
INFO: Run Behavior\ShowPageTraceBehavior [ RunTime:0.001823s ]
INFO: [ app_end ] --END-- [ RunTime:0.002384s ]

[ 2016-10-11T23:31:09+08:00 ] ::1 /LibraryWeb-master/index.php/Login/login.html
INFO: [ app_init ] --START--
INFO: Run Behavior\BuildLiteBehavior [ RunTime:0.000119s ]
INFO: [ app_init ] --END-- [ RunTime:0.006474s ]
INFO: [ app_begin ] --START--
INFO: Run Behavior\ReadHtmlCacheBehavior [ RunTime:0.001801s ]
INFO: [ app_begin ] --END-- [ RunTime:0.002391s ]
ERR: SQLSTATE[HY000] [1049] Base 'booksystem' inconnue

[ 2016-10-11T23:32:35+08:00 ] ::1 /LibraryWeb-master/index.php/Login/login.html
INFO: [ app_init ] --START--
INFO: Run Behavior\BuildLiteBehavior [ RunTime:0.000109s ]
INFO: [ app_init ] --END-- [ RunTime:0.001612s ]
INFO: [ app_begin ] --START--
INFO: Run Behavior\ReadHtmlCacheBehavior [ RunTime:0.001649s ]
INFO: [ app_begin ] --END-- [ RunTime:0.002206s ]
SQL: SHOW COLUMNS FROM `bs_administrator` [ RunTime:0.1423s ]
NOTIC: [8] Undefined index: validate D:\php_code\LibraryWeb-master\ThinkPHP\Library\Think\Model.class.php 第 1185 行.
NOTIC: [8] Undefined index: auto D:\php_code\LibraryWeb-master\ThinkPHP\Library\Think\Model.class.php 第 1128 行.
SQL: SELECT `workID`,`admin_name`,`password`,`last_date`,`last_ip` FROM `bs_administrator` WHERE `admin_name` = 'admin' LIMIT 1   [ RunTime:0.0234s ]
SQL: SHOW COLUMNS FROM `bs_administrator` [ RunTime:0.0094s ]
SQL: UPDATE `bs_administrator` SET `login_num`=login_num+1 WHERE `admin_name` = 'admin' AND `workID` = 1 [ RunTime:0.0450s ]
SQL: UPDATE `bs_administrator` SET `admin_name`='admin',`password`='21232f297a57a5a743894a0e4a801fc3',`last_date`='1476199955',`last_ip`='0.0.0.0' WHERE `admin_name` = 'admin' AND `workID` = 1 [ RunTime:0.0044s ]
INFO: [ view_parse ] --START--
INFO: [ template_filter ] --START--
INFO: Run Behavior\ContentReplaceBehavior [ RunTime:0.000270s ]
INFO: [ template_filter ] --END-- [ RunTime:0.000812s ]
INFO: Run Behavior\ParseTemplateBehavior [ RunTime:0.020374s ]
INFO: [ view_parse ] --END-- [ RunTime:0.020956s ]
INFO: [ view_filter ] --START--
INFO: Run Behavior\WriteHtmlCacheBehavior [ RunTime:0.001060s ]
INFO: [ view_filter ] --END-- [ RunTime:0.001592s ]
INFO: [ app_end ] --START--
INFO: Run Behavior\ShowPageTraceBehavior [ RunTime:0.002579s ]
INFO: [ app_end ] --END-- [ RunTime:0.003137s ]

[ 2016-10-11T23:32:37+08:00 ] ::1 /LibraryWeb-master/index.php/Index/index.html
INFO: [ app_init ] --START--
INFO: Run Behavior\BuildLiteBehavior [ RunTime:0.000109s ]
INFO: [ app_init ] --END-- [ RunTime:0.005026s ]
INFO: [ app_begin ] --START--
INFO: Run Behavior\ReadHtmlCacheBehavior [ RunTime:0.001693s ]
INFO: [ app_begin ] --END-- [ RunTime:0.002263s ]
SQL: SHOW COLUMNS FROM `bs_book` [ RunTime:0.0110s ]
SQL: SELECT COUNT(*) AS tp_count FROM `bs_book` LIMIT 1   [ RunTime:0.0409s ]
SQL: SELECT `book_ID`,`book_name`,`slf_name`,`author`,`pub_house`,`search_time`,`is_onslf` FROM `bs_book` WHERE `book_name` LIKE '%%' ORDER BY book_ID desc LIMIT 0,10   [ RunTime:0.0009s ]
INFO: [ view_parse ] --START--
INFO: [ template_filter ] --START--
INFO: Run Behavior\ContentReplaceBehavior [ RunTime:0.000461s ]
INFO: [ template_filter ] --END-- [ RunTime:0.001003s ]
INFO: Run Behavior\ParseTemplateBehavior [ RunTime:0.100071s ]
INFO: [ view_parse ] --END-- [ RunTime:0.100622s ]
INFO: [ view_filter ] --START--
INFO: Run Behavior\WriteHtmlCacheBehavior [ RunTime:0.001090s ]
INFO: [ view_filter ] --END-- [ RunTime:0.001615s ]
INFO: [ app_end ] --START--
INFO: Run Behavior\ShowPageTraceBehavior [ RunTime:0.007528s ]
INFO: [ app_end ] --END-- [ RunTime:0.010418s ]

[ 2016-10-11T23:35:09+08:00 ] ::1 /LibraryWeb-master/index.php/Index/edit_book/id/10
INFO: [ app_init ] --START--
INFO: Run Behavior\BuildLiteBehavior [ RunTime:0.000118s ]
INFO: [ app_init ] --END-- [ RunTime:0.002126s ]
INFO: [ app_begin ] --START--
INFO: Run Behavior\ReadHtmlCacheBehavior [ RunTime:0.002010s ]
INFO: [ app_begin ] --END-- [ RunTime:0.002520s ]
SQL: SHOW COLUMNS FROM `bs_book` [ RunTime:0.0145s ]
SQL: SELECT * FROM `bs_book` WHERE `book_ID` = 10 LIMIT 1   [ RunTime:0.0038s ]

[ 2016-10-11T23:35:17+08:00 ] ::1 /LibraryWeb-master/index.php/Index/edit_book/id/10
INFO: [ app_init ] --START--
INFO: Run Behavior\BuildLiteBehavior [ RunTime:0.000116s ]
INFO: [ app_init ] --END-- [ RunTime:0.006477s ]
INFO: [ app_begin ] --START--
INFO: Run Behavior\ReadHtmlCacheBehavior [ RunTime:0.001724s ]
INFO: [ app_begin ] --END-- [ RunTime:0.002462s ]
SQL: SHOW COLUMNS FROM `bs_book` [ RunTime:0.0130s ]
SQL: SELECT * FROM `bs_book` WHERE `book_ID` = 10 LIMIT 1   [ RunTime:0.0008s ]

[ 2016-10-11T23:35:23+08:00 ] ::1 /LibraryWeb-master/index.php/Index/delete/id/10
INFO: [ app_init ] --START--
INFO: Run Behavior\BuildLiteBehavior [ RunTime:0.000113s ]
INFO: [ app_init ] --END-- [ RunTime:0.001706s ]
INFO: [ app_begin ] --START--
INFO: Run Behavior\ReadHtmlCacheBehavior [ RunTime:0.001548s ]
INFO: [ app_begin ] --END-- [ RunTime:0.002125s ]
SQL: SHOW COLUMNS FROM `bs_book` [ RunTime:0.1599s ]
SQL: DELETE FROM `bs_book` WHERE `book_ID` = 10 [ RunTime:0.0475s ]
INFO: [ view_parse ] --START--
INFO: [ template_filter ] --START--
INFO: Run Behavior\ContentReplaceBehavior [ RunTime:0.000266s ]
INFO: [ template_filter ] --END-- [ RunTime:0.000822s ]
INFO: Run Behavior\ParseTemplateBehavior [ RunTime:0.024856s ]
INFO: [ view_parse ] --END-- [ RunTime:0.025440s ]
INFO: [ view_filter ] --START--
INFO: Run Behavior\WriteHtmlCacheBehavior [ RunTime:0.001352s ]
INFO: [ view_filter ] --END-- [ RunTime:0.001873s ]
INFO: [ app_end ] --START--
INFO: Run Behavior\ShowPageTraceBehavior [ RunTime:0.001814s ]
INFO: [ app_end ] --END-- [ RunTime:0.002347s ]

[ 2016-10-11T23:35:24+08:00 ] ::1 /LibraryWeb-master/index.php/Index/index.html
INFO: [ app_init ] --START--
INFO: Run Behavior\BuildLiteBehavior [ RunTime:0.000111s ]
INFO: [ app_init ] --END-- [ RunTime:0.001710s ]
INFO: [ app_begin ] --START--
INFO: Run Behavior\ReadHtmlCacheBehavior [ RunTime:0.001815s ]
INFO: [ app_begin ] --END-- [ RunTime:0.002594s ]
SQL: SHOW COLUMNS FROM `bs_book` [ RunTime:0.0852s ]
SQL: SELECT COUNT(*) AS tp_count FROM `bs_book` LIMIT 1   [ RunTime:0.0006s ]
SQL: SELECT `book_ID`,`book_name`,`slf_name`,`author`,`pub_house`,`search_time`,`is_onslf` FROM `bs_book` ORDER BY book_ID desc LIMIT 0,10   [ RunTime:0.0008s ]
INFO: [ view_parse ] --START--
INFO: [ template_filter ] --START--
INFO: Run Behavior\ContentReplaceBehavior [ RunTime:0.000478s ]
INFO: [ template_filter ] --END-- [ RunTime:0.001024s ]
INFO: Run Behavior\ParseTemplateBehavior [ RunTime:0.047312s ]
INFO: [ view_parse ] --END-- [ RunTime:0.047860s ]
INFO: [ view_filter ] --START--
INFO: Run Behavior\WriteHtmlCacheBehavior [ RunTime:0.001087s ]
INFO: [ view_filter ] --END-- [ RunTime:0.001610s ]
INFO: [ app_end ] --START--
INFO: Run Behavior\ShowPageTraceBehavior [ RunTime:0.001940s ]
INFO: [ app_end ] --END-- [ RunTime:0.015643s ]

[ 2016-10-11T23:35:42+08:00 ] ::1 /LibraryWeb-master/index.php/Index/edit_book/id/7
INFO: [ app_init ] --START--
INFO: Run Behavior\BuildLiteBehavior [ RunTime:0.000113s ]
INFO: [ app_init ] --END-- [ RunTime:0.002047s ]
INFO: [ app_begin ] --START--
INFO: Run Behavior\ReadHtmlCacheBehavior [ RunTime:0.001932s ]
INFO: [ app_begin ] --END-- [ RunTime:0.002432s ]
SQL: SHOW COLUMNS FROM `bs_book` [ RunTime:0.0104s ]
SQL: SELECT * FROM `bs_book` WHERE `book_ID` = 7 LIMIT 1   [ RunTime:0.0010s ]

[ 2016-10-11T23:35:50+08:00 ] ::1 /LibraryWeb-master/index.php/Index/save/id/7
INFO: [ app_init ] --START--
INFO: Run Behavior\BuildLiteBehavior [ RunTime:0.000116s ]
INFO: [ app_init ] --END-- [ RunTime:0.002550s ]
INFO: [ app_begin ] --START--
INFO: Run Behavior\ReadHtmlCacheBehavior [ RunTime:0.001798s ]
INFO: [ app_begin ] --END-- [ RunTime:0.002375s ]
SQL: SHOW COLUMNS FROM `bs_book` [ RunTime:0.0118s ]
NOTIC: [8] Undefined index: validate D:\php_code\LibraryWeb-master\ThinkPHP\Library\Think\Model.class.php 第 1185 行.
NOTIC: [8] Undefined index: auto D:\php_code\LibraryWeb-master\ThinkPHP\Library\Think\Model.class.php 第 1128 行.
SQL: UPDATE `bs_book` SET `book_name`='概率论',`author`='Test',`pub_house`='Test4386534563',`slf_name`='F2047',`is_onslf`='0' WHERE `book_ID` = 7 [ RunTime:0.0033s ]
INFO: [ view_parse ] --START--
INFO: [ template_filter ] --START--
INFO: Run Behavior\ContentReplaceBehavior [ RunTime:0.000277s ]
INFO: [ template_filter ] --END-- [ RunTime:0.000876s ]
INFO: Run Behavior\ParseTemplateBehavior [ RunTime:0.024377s ]
INFO: [ view_parse ] --END-- [ RunTime:0.024961s ]
INFO: [ view_filter ] --START--
INFO: Run Behavior\WriteHtmlCacheBehavior [ RunTime:0.001542s ]
INFO: [ view_filter ] --END-- [ RunTime:0.002123s ]
INFO: [ app_end ] --START--
INFO: Run Behavior\ShowPageTraceBehavior [ RunTime:0.001820s ]
INFO: [ app_end ] --END-- [ RunTime:0.002357s ]

[ 2016-10-11T23:35:52+08:00 ] ::1 /LibraryWeb-master/index.php/Index/index.html
INFO: [ app_init ] --START--
INFO: Run Behavior\BuildLiteBehavior [ RunTime:0.000115s ]
INFO: [ app_init ] --END-- [ RunTime:0.006099s ]
INFO: [ app_begin ] --START--
INFO: Run Behavior\ReadHtmlCacheBehavior [ RunTime:0.002302s ]
INFO: [ app_begin ] --END-- [ RunTime:0.002894s ]
SQL: SHOW COLUMNS FROM `bs_book` [ RunTime:0.0116s ]
SQL: SELECT COUNT(*) AS tp_count FROM `bs_book` LIMIT 1   [ RunTime:0.0007s ]
SQL: SELECT `book_ID`,`book_name`,`slf_name`,`author`,`pub_house`,`search_time`,`is_onslf` FROM `bs_book` ORDER BY book_ID desc LIMIT 0,10   [ RunTime:0.0021s ]
INFO: [ view_parse ] --START--
INFO: [ template_filter ] --START--
INFO: Run Behavior\ContentReplaceBehavior [ RunTime:0.000482s ]
INFO: [ template_filter ] --END-- [ RunTime:0.001031s ]
INFO: Run Behavior\ParseTemplateBehavior [ RunTime:0.044476s ]
INFO: [ view_parse ] --END-- [ RunTime:0.045661s ]
INFO: [ view_filter ] --START--
INFO: Run Behavior\WriteHtmlCacheBehavior [ RunTime:0.001394s ]
INFO: [ view_filter ] --END-- [ RunTime:0.002348s ]
INFO: [ app_end ] --START--
INFO: Run Behavior\ShowPageTraceBehavior [ RunTime:0.020853s ]
INFO: [ app_end ] --END-- [ RunTime:0.021786s ]

[ 2016-10-11T23:37:46+08:00 ] ::1 /LibraryWeb-master/index.php/Index/index.html
INFO: [ app_init ] --START--
INFO: Run Behavior\BuildLiteBehavior [ RunTime:0.000113s ]
INFO: [ app_init ] --END-- [ RunTime:0.002354s ]
INFO: [ app_begin ] --START--
INFO: Run Behavior\ReadHtmlCacheBehavior [ RunTime:0.001884s ]
INFO: [ app_begin ] --END-- [ RunTime:0.002457s ]
SQL: SHOW COLUMNS FROM `bs_book` [ RunTime:0.0560s ]
SQL: SELECT COUNT(*) AS tp_count FROM `bs_book` LIMIT 1   [ RunTime:0.0007s ]
SQL: SELECT `book_ID`,`book_name`,`slf_name`,`author`,`pub_house`,`search_time`,`is_onslf` FROM `bs_book` ORDER BY book_ID desc LIMIT 0,10   [ RunTime:0.0009s ]
INFO: [ view_parse ] --START--
INFO: [ template_filter ] --START--
INFO: Run Behavior\ContentReplaceBehavior [ RunTime:0.000490s ]
INFO: [ template_filter ] --END-- [ RunTime:0.001035s ]
INFO: Run Behavior\ParseTemplateBehavior [ RunTime:0.045594s ]
INFO: [ view_parse ] --END-- [ RunTime:0.046146s ]
INFO: [ view_filter ] --START--
INFO: Run Behavior\WriteHtmlCacheBehavior [ RunTime:0.001239s ]
INFO: [ view_filter ] --END-- [ RunTime:0.001764s ]
INFO: [ app_end ] --START--
INFO: Run Behavior\ShowPageTraceBehavior [ RunTime:0.007315s ]
INFO: [ app_end ] --END-- [ RunTime:0.009427s ]

[ 2016-10-11T23:37:56+08:00 ] ::1 /LibraryWeb-master/index.php/Index/createqr.html
INFO: [ app_init ] --START--
INFO: Run Behavior\BuildLiteBehavior [ RunTime:0.000109s ]
INFO: [ app_init ] --END-- [ RunTime:0.001758s ]
INFO: [ app_begin ] --START--
INFO: Run Behavior\ReadHtmlCacheBehavior [ RunTime:0.002679s ]
INFO: [ app_begin ] --END-- [ RunTime:0.003582s ]
INFO: [ view_parse ] --START--
INFO: [ template_filter ] --START--
INFO: Run Behavior\ContentReplaceBehavior [ RunTime:0.000361s ]
INFO: [ template_filter ] --END-- [ RunTime:0.000991s ]
NOTIC: [8] Undefined variable: data D:\php_code\LibraryWeb-master\Application\Runtime\Cache\Admin\2ac4b5698d8aa3cdf7148a5d395bcee5.php 第 85 行.
INFO: Run Behavior\ParseTemplateBehavior [ RunTime:0.097475s ]
INFO: [ view_parse ] --END-- [ RunTime:0.098050s ]
INFO: [ view_filter ] --START--
INFO: Run Behavior\WriteHtmlCacheBehavior [ RunTime:0.001875s ]
INFO: [ view_filter ] --END-- [ RunTime:0.002439s ]
INFO: [ app_end ] --START--
INFO: Run Behavior\ShowPageTraceBehavior [ RunTime:0.002444s ]
INFO: [ app_end ] --END-- [ RunTime:0.002981s ]

[ 2016-10-11T23:37:56+08:00 ] ::1 /LibraryWeb-master/index.php/index/qrcode.html
INFO: [ app_init ] --START--
INFO: Run Behavior\BuildLiteBehavior [ RunTime:0.000112s ]
INFO: [ app_init ] --END-- [ RunTime:0.001799s ]
INFO: [ app_begin ] --START--
INFO: Run Behavior\ReadHtmlCacheBehavior [ RunTime:0.001799s ]
INFO: [ app_begin ] --END-- [ RunTime:0.002378s ]
ERR: 参数错误或者未定义:data

[ 2016-10-11T23:38:01+08:00 ] ::1 /LibraryWeb-master/index.php/Index/index.html
INFO: [ app_init ] --START--
INFO: Run Behavior\BuildLiteBehavior [ RunTime:0.000115s ]
INFO: [ app_init ] --END-- [ RunTime:0.002347s ]
INFO: [ app_begin ] --START--
INFO: Run Behavior\ReadHtmlCacheBehavior [ RunTime:0.001577s ]
INFO: [ app_begin ] --END-- [ RunTime:0.002133s ]
SQL: SHOW COLUMNS FROM `bs_book` [ RunTime:0.0095s ]
SQL: SELECT COUNT(*) AS tp_count FROM `bs_book` LIMIT 1   [ RunTime:0.0007s ]
SQL: SELECT `book_ID`,`book_name`,`slf_name`,`author`,`pub_house`,`search_time`,`is_onslf` FROM `bs_book` ORDER BY book_ID desc LIMIT 0,10   [ RunTime:0.0008s ]
INFO: [ view_parse ] --START--
INFO: [ template_filter ] --START--
INFO: Run Behavior\ContentReplaceBehavior [ RunTime:0.000479s ]
INFO: [ template_filter ] --END-- [ RunTime:0.001024s ]
INFO: Run Behavior\ParseTemplateBehavior [ RunTime:0.045315s ]
INFO: [ view_parse ] --END-- [ RunTime:0.045901s ]
INFO: [ view_filter ] --START--
INFO: Run Behavior\WriteHtmlCacheBehavior [ RunTime:0.001285s ]
INFO: [ view_filter ] --END-- [ RunTime:0.002077s ]
INFO: [ app_end ] --START--
INFO: Run Behavior\ShowPageTraceBehavior [ RunTime:0.012518s ]
INFO: [ app_end ] --END-- [ RunTime:0.013094s ]

[ 2016-10-11T23:38:04+08:00 ] ::1 /LibraryWeb-master/index.php/Index/index.html
INFO: [ app_init ] --START--
INFO: Run Behavior\BuildLiteBehavior [ RunTime:0.000109s ]
INFO: [ app_init ] --END-- [ RunTime:0.001655s ]
INFO: [ app_begin ] --START--
INFO: Run Behavior\ReadHtmlCacheBehavior [ RunTime:0.001598s ]
INFO: [ app_begin ] --END-- [ RunTime:0.002155s ]
SQL: SHOW COLUMNS FROM `bs_book` [ RunTime:0.0568s ]
SQL: SELECT COUNT(*) AS tp_count FROM `bs_book` LIMIT 1   [ RunTime:0.0006s ]
SQL: SELECT `book_ID`,`book_name`,`slf_name`,`author`,`pub_house`,`search_time`,`is_onslf` FROM `bs_book` ORDER BY book_ID desc LIMIT 0,10   [ RunTime:0.0009s ]
INFO: [ view_parse ] --START--
INFO: [ template_filter ] --START--
INFO: Run Behavior\ContentReplaceBehavior [ RunTime:0.000499s ]
INFO: [ template_filter ] --END-- [ RunTime:0.001054s ]
INFO: Run Behavior\ParseTemplateBehavior [ RunTime:0.045484s ]
INFO: [ view_parse ] --END-- [ RunTime:0.046534s ]
INFO: [ view_filter ] --START--
INFO: Run Behavior\WriteHtmlCacheBehavior [ RunTime:0.001285s ]
INFO: [ view_filter ] --END-- [ RunTime:0.001853s ]
INFO: [ app_end ] --START--
INFO: Run Behavior\ShowPageTraceBehavior [ RunTime:0.007546s ]
INFO: [ app_end ] --END-- [ RunTime:0.008232s ]

[ 2016-10-11T23:38:17+08:00 ] ::1 /LibraryWeb-master/index.php/Index/search
INFO: [ app_init ] --START--
INFO: Run Behavior\BuildLiteBehavior [ RunTime:0.000108s ]
INFO: [ app_init ] --END-- [ RunTime:0.001601s ]
INFO: [ app_begin ] --START--
INFO: Run Behavior\ReadHtmlCacheBehavior [ RunTime:0.001594s ]
INFO: [ app_begin ] --END-- [ RunTime:0.002158s ]
INFO: [ view_parse ] --START--
INFO: [ template_filter ] --START--
INFO: Run Behavior\ContentReplaceBehavior [ RunTime:0.000262s ]
INFO: [ template_filter ] --END-- [ RunTime:0.000804s ]
INFO: Run Behavior\ParseTemplateBehavior [ RunTime:0.021711s ]
INFO: [ view_parse ] --END-- [ RunTime:0.022275s ]
INFO: [ view_filter ] --START--
INFO: Run Behavior\WriteHtmlCacheBehavior [ RunTime:0.001085s ]
INFO: [ view_filter ] --END-- [ RunTime:0.001609s ]
INFO: [ app_end ] --START--
INFO: Run Behavior\ShowPageTraceBehavior [ RunTime:0.001585s ]
INFO: [ app_end ] --END-- [ RunTime:0.002114s ]

[ 2016-10-11T23:38:18+08:00 ] ::1 /LibraryWeb-master/index.php/Index/index.html
INFO: [ app_init ] --START--
INFO: Run Behavior\BuildLiteBehavior [ RunTime:0.000108s ]
INFO: [ app_init ] --END-- [ RunTime:0.001611s ]
INFO: [ app_begin ] --START--
INFO: Run Behavior\ReadHtmlCacheBehavior [ RunTime:0.001753s ]
INFO: [ app_begin ] --END-- [ RunTime:0.002330s ]
SQL: SHOW COLUMNS FROM `bs_book` [ RunTime:0.0094s ]
SQL: SELECT COUNT(*) AS tp_count FROM `bs_book` LIMIT 1   [ RunTime:0.0015s ]
SQL: SELECT `book_ID`,`book_name`,`slf_name`,`author`,`pub_house`,`search_time`,`is_onslf` FROM `bs_book` WHERE `book_name` LIKE '%概率%' ORDER BY book_ID desc LIMIT 0,10   [ RunTime:0.0010s ]
INFO: [ view_parse ] --START--
INFO: [ template_filter ] --START--
INFO: Run Behavior\ContentReplaceBehavior [ RunTime:0.000472s ]
INFO: [ template_filter ] --END-- [ RunTime:0.001019s ]
INFO: Run Behavior\ParseTemplateBehavior [ RunTime:0.044460s ]
INFO: [ view_parse ] --END-- [ RunTime:0.045059s ]
INFO: [ view_filter ] --START--
INFO: Run Behavior\WriteHtmlCacheBehavior [ RunTime:0.001229s ]
INFO: [ view_filter ] --END-- [ RunTime:0.001787s ]
INFO: [ app_end ] --START--
INFO: Run Behavior\ShowPageTraceBehavior [ RunTime:0.017344s ]
INFO: [ app_end ] --END-- [ RunTime:0.018401s ]

[ 2016-10-11T23:38:33+08:00 ] ::1 /LibraryWeb-master/index.php/Index/search
INFO: [ app_init ] --START--
INFO: Run Behavior\BuildLiteBehavior [ RunTime:0.000110s ]
INFO: [ app_init ] --END-- [ RunTime:0.001679s ]
INFO: [ app_begin ] --START--
INFO: Run Behavior\ReadHtmlCacheBehavior [ RunTime:0.001515s ]
INFO: [ app_begin ] --END-- [ RunTime:0.002068s ]
INFO: [ view_parse ] --START--
INFO: [ template_filter ] --START--
INFO: Run Behavior\ContentReplaceBehavior [ RunTime:0.000282s ]
INFO: [ template_filter ] --END-- [ RunTime:0.000834s ]
INFO: Run Behavior\ParseTemplateBehavior [ RunTime:0.022016s ]
INFO: [ view_parse ] --END-- [ RunTime:0.022592s ]
INFO: [ view_filter ] --START--
INFO: Run Behavior\WriteHtmlCacheBehavior [ RunTime:0.001066s ]
INFO: [ view_filter ] --END-- [ RunTime:0.001596s ]
INFO: [ app_end ] --START--
INFO: Run Behavior\ShowPageTraceBehavior [ RunTime:0.001572s ]
INFO: [ app_end ] --END-- [ RunTime:0.002115s ]

[ 2016-10-11T23:38:35+08:00 ] ::1 /LibraryWeb-master/index.php/Index/index.html
INFO: [ app_init ] --START--
INFO: Run Behavior\BuildLiteBehavior [ RunTime:0.000757s ]
INFO: [ app_init ] --END-- [ RunTime:0.002730s ]
INFO: [ app_begin ] --START--
INFO: Run Behavior\ReadHtmlCacheBehavior [ RunTime:0.002175s ]
INFO: [ app_begin ] --END-- [ RunTime:0.002850s ]
SQL: SHOW COLUMNS FROM `bs_book` [ RunTime:0.0553s ]
SQL: SELECT COUNT(*) AS tp_count FROM `bs_book` LIMIT 1   [ RunTime:0.0007s ]
SQL: SELECT `book_ID`,`book_name`,`slf_name`,`author`,`pub_house`,`search_time`,`is_onslf` FROM `bs_book` WHERE `book_name` LIKE '%概率论%' ORDER BY book_ID desc LIMIT 0,10   [ RunTime:0.0009s ]
INFO: [ view_parse ] --START--
INFO: [ template_filter ] --START--
INFO: Run Behavior\ContentReplaceBehavior [ RunTime:0.000507s ]
INFO: [ template_filter ] --END-- [ RunTime:0.001082s ]
INFO: Run Behavior\ParseTemplateBehavior [ RunTime:0.046241s ]
INFO: [ view_parse ] --END-- [ RunTime:0.046832s ]
INFO: [ view_filter ] --START--
INFO: Run Behavior\WriteHtmlCacheBehavior [ RunTime:0.001267s ]
INFO: [ view_filter ] --END-- [ RunTime:0.001823s ]
INFO: [ app_end ] --START--
INFO: Run Behavior\ShowPageTraceBehavior [ RunTime:0.013068s ]
INFO: [ app_end ] --END-- [ RunTime:0.013996s ]

[ 2016-10-11T23:39:09+08:00 ] ::1 /LibraryWeb-master/index.php/Index/index.html
INFO: [ app_init ] --START--
INFO: Run Behavior\BuildLiteBehavior [ RunTime:0.000108s ]
INFO: [ app_init ] --END-- [ RunTime:0.001744s ]
INFO: [ app_begin ] --START--
INFO: Run Behavior\ReadHtmlCacheBehavior [ RunTime:0.001581s ]
INFO: [ app_begin ] --END-- [ RunTime:0.002136s ]
SQL: SHOW COLUMNS FROM `bs_book` [ RunTime:0.0594s ]
SQL: SELECT COUNT(*) AS tp_count FROM `bs_book` LIMIT 1   [ RunTime:0.0007s ]
SQL: SELECT `book_ID`,`book_name`,`slf_name`,`author`,`pub_house`,`search_time`,`is_onslf` FROM `bs_book` ORDER BY book_ID desc LIMIT 0,10   [ RunTime:0.0008s ]
INFO: [ view_parse ] --START--
INFO: [ template_filter ] --START--
INFO: Run Behavior\ContentReplaceBehavior [ RunTime:0.000477s ]
INFO: [ template_filter ] --END-- [ RunTime:0.001018s ]
INFO: Run Behavior\ParseTemplateBehavior [ RunTime:0.045706s ]
INFO: [ view_parse ] --END-- [ RunTime:0.046291s ]
INFO: [ view_filter ] --START--
INFO: Run Behavior\WriteHtmlCacheBehavior [ RunTime:0.001259s ]
INFO: [ view_filter ] --END-- [ RunTime:0.001819s ]
INFO: [ app_end ] --START--
INFO: Run Behavior\ShowPageTraceBehavior [ RunTime:0.010500s ]
INFO: [ app_end ] --END-- [ RunTime:0.011078s ]

[ 2016-10-11T23:39:20+08:00 ] ::1 /LibraryWeb-master/index.php/Index/search
INFO: [ app_init ] --START--
INFO: Run Behavior\BuildLiteBehavior [ RunTime:0.000111s ]
INFO: [ app_init ] --END-- [ RunTime:0.002252s ]
INFO: [ app_begin ] --START--
INFO: Run Behavior\ReadHtmlCacheBehavior [ RunTime:0.001643s ]
INFO: [ app_begin ] --END-- [ RunTime:0.002208s ]
INFO: [ view_parse ] --START--
INFO: [ template_filter ] --START--
INFO: Run Behavior\ContentReplaceBehavior [ RunTime:0.000273s ]
INFO: [ template_filter ] --END-- [ RunTime:0.000969s ]
INFO: Run Behavior\ParseTemplateBehavior [ RunTime:0.022261s ]
INFO: [ view_parse ] --END-- [ RunTime:0.022974s ]
INFO: [ view_filter ] --START--
INFO: Run Behavior\WriteHtmlCacheBehavior [ RunTime:0.001138s ]
INFO: [ view_filter ] --END-- [ RunTime:0.001666s ]
INFO: [ app_end ] --START--
INFO: Run Behavior\ShowPageTraceBehavior [ RunTime:0.001571s ]
INFO: [ app_end ] --END-- [ RunTime:0.002101s ]

[ 2016-10-11T23:39:21+08:00 ] ::1 /LibraryWeb-master/index.php/Index/index.html
INFO: [ app_init ] --START--
INFO: Run Behavior\BuildLiteBehavior [ RunTime:0.000108s ]
INFO: [ app_init ] --END-- [ RunTime:0.001682s ]
INFO: [ app_begin ] --START--
INFO: Run Behavior\ReadHtmlCacheBehavior [ RunTime:0.001700s ]
INFO: [ app_begin ] --END-- [ RunTime:0.002263s ]
SQL: SHOW COLUMNS FROM `bs_book` [ RunTime:0.0106s ]
SQL: SELECT COUNT(*) AS tp_count FROM `bs_book` LIMIT 1   [ RunTime:0.0007s ]
SQL: SELECT `book_ID`,`book_name`,`slf_name`,`author`,`pub_house`,`search_time`,`is_onslf` FROM `bs_book` WHERE `book_name` LIKE '%高等%' ORDER BY book_ID desc LIMIT 0,10   [ RunTime:0.0008s ]
INFO: [ view_parse ] --START--
INFO: [ template_filter ] --START--
INFO: Run Behavior\ContentReplaceBehavior [ RunTime:0.000473s ]
INFO: [ template_filter ] --END-- [ RunTime:0.001027s ]
INFO: Run Behavior\ParseTemplateBehavior [ RunTime:0.046281s ]
INFO: [ view_parse ] --END-- [ RunTime:0.046872s ]
INFO: [ view_filter ] --START--
INFO: Run Behavior\WriteHtmlCacheBehavior [ RunTime:0.001256s ]
INFO: [ view_filter ] --END-- [ RunTime:0.001818s ]
INFO: [ app_end ] --START--
INFO: Run Behavior\ShowPageTraceBehavior [ RunTime:0.012624s ]
INFO: [ app_end ] --END-- [ RunTime:0.015190s ]

[ 2016-10-11T23:39:42+08:00 ] ::1 /LibraryWeb-master/index.php/Login/login.html
INFO: [ app_init ] --START--
INFO: Run Behavior\BuildLiteBehavior [ RunTime:0.000113s ]
INFO: [ app_init ] --END-- [ RunTime:0.001713s ]
INFO: [ app_begin ] --START--
INFO: Run Behavior\ReadHtmlCacheBehavior [ RunTime:0.006238s ]
INFO: [ app_begin ] --END-- [ RunTime:0.006855s ]
INFO: [ view_parse ] --START--
INFO: [ template_filter ] --START--
INFO: Run Behavior\ContentReplaceBehavior [ RunTime:0.000330s ]
INFO: [ template_filter ] --END-- [ RunTime:0.001094s ]
NOTIC: [8] Use of undefined constant verify - assumed 'verify' D:\php_code\LibraryWeb-master\Application\Runtime\Cache\Admin\0dfec61edd66f450033aa87c28a760f4.php 第 54 行.
INFO: Run Behavior\ParseTemplateBehavior [ RunTime:0.048170s ]
INFO: [ view_parse ] --END-- [ RunTime:0.048741s ]
INFO: [ view_filter ] --START--
INFO: Run Behavior\WriteHtmlCacheBehavior [ RunTime:0.001307s ]
INFO: [ view_filter ] --END-- [ RunTime:0.001860s ]
INFO: [ app_end ] --START--
INFO: Run Behavior\ShowPageTraceBehavior [ RunTime:0.002132s ]
INFO: [ app_end ] --END-- [ RunTime:0.002695s ]

[ 2016-10-11T23:39:42+08:00 ] ::1 /LibraryWeb-master/index.php/Login/verify.html
INFO: [ app_init ] --START--
INFO: Run Behavior\BuildLiteBehavior [ RunTime:0.000109s ]
INFO: [ app_init ] --END-- [ RunTime:0.001682s ]
INFO: [ app_begin ] --START--
INFO: Run Behavior\ReadHtmlCacheBehavior [ RunTime:0.001718s ]
INFO: [ app_begin ] --END-- [ RunTime:0.002305s ]
INFO: [ app_end ] --START--
INFO: Run Behavior\ShowPageTraceBehavior [ RunTime:0.008143s ]
INFO: [ app_end ] --END-- [ RunTime:0.008754s ]

[ 2016-10-11T23:40:00+08:00 ] ::1 /LibraryWeb-master/index.php/Login/login.html
INFO: [ app_init ] --START--
INFO: Run Behavior\BuildLiteBehavior [ RunTime:0.000236s ]
INFO: [ app_init ] --END-- [ RunTime:0.002783s ]
INFO: [ app_begin ] --START--
INFO: Run Behavior\ReadHtmlCacheBehavior [ RunTime:0.005671s ]
INFO: [ app_begin ] --END-- [ RunTime:0.006297s ]
SQL: SHOW COLUMNS FROM `bs_administrator` [ RunTime:0.0134s ]
NOTIC: [8] Undefined index: validate D:\php_code\LibraryWeb-master\ThinkPHP\Library\Think\Model.class.php 第 1185 行.
NOTIC: [8] Undefined index: auto D:\php_code\LibraryWeb-master\ThinkPHP\Library\Think\Model.class.php 第 1128 行.
SQL: SELECT `workID`,`admin_name`,`password`,`last_date`,`last_ip` FROM `bs_administrator` WHERE `admin_name` = 'admin' LIMIT 1   [ RunTime:0.0011s ]
SQL: SHOW COLUMNS FROM `bs_administrator` [ RunTime:0.0127s ]
SQL: UPDATE `bs_administrator` SET `login_num`=login_num+1 WHERE `admin_name` = 'admin' AND `workID` = 1 [ RunTime:0.0074s ]
SQL: UPDATE `bs_administrator` SET `admin_name`='admin',`password`='21232f297a57a5a743894a0e4a801fc3',`last_date`='1476200400',`last_ip`='0.0.0.0' WHERE `admin_name` = 'admin' AND `workID` = 1 [ RunTime:0.0040s ]
INFO: [ view_parse ] --START--
INFO: [ template_filter ] --START--
INFO: Run Behavior\ContentReplaceBehavior [ RunTime:0.000276s ]
INFO: [ template_filter ] --END-- [ RunTime:0.000843s ]
INFO: Run Behavior\ParseTemplateBehavior [ RunTime:0.025073s ]
INFO: [ view_parse ] --END-- [ RunTime:0.025633s ]
INFO: [ view_filter ] --START--
INFO: Run Behavior\WriteHtmlCacheBehavior [ RunTime:0.004474s ]
INFO: [ view_filter ] --END-- [ RunTime:0.005032s ]
INFO: [ app_end ] --START--
INFO: Run Behavior\ShowPageTraceBehavior [ RunTime:0.001914s ]
INFO: [ app_end ] --END-- [ RunTime:0.002460s ]

[ 2016-10-11T23:40:02+08:00 ] ::1 /LibraryWeb-master/index.php/Index/index.html
INFO: [ app_init ] --START--
INFO: Run Behavior\BuildLiteBehavior [ RunTime:0.000120s ]
INFO: [ app_init ] --END-- [ RunTime:0.001834s ]
INFO: [ app_begin ] --START--
INFO: Run Behavior\ReadHtmlCacheBehavior [ RunTime:0.003229s ]
INFO: [ app_begin ] --END-- [ RunTime:0.003827s ]
SQL: SHOW COLUMNS FROM `bs_book` [ RunTime:0.0101s ]
SQL: SELECT COUNT(*) AS tp_count FROM `bs_book` LIMIT 1   [ RunTime:0.0007s ]
SQL: SELECT `book_ID`,`book_name`,`slf_name`,`author`,`pub_house`,`search_time`,`is_onslf` FROM `bs_book` ORDER BY book_ID desc LIMIT 0,10   [ RunTime:0.0009s ]
INFO: [ view_parse ] --START--
INFO: [ template_filter ] --START--
INFO: Run Behavior\ContentReplaceBehavior [ RunTime:0.000484s ]
INFO: [ template_filter ] --END-- [ RunTime:0.001027s ]
INFO: Run Behavior\ParseTemplateBehavior [ RunTime:0.047497s ]
INFO: [ view_parse ] --END-- [ RunTime:0.048106s ]
INFO: [ view_filter ] --START--
INFO: Run Behavior\WriteHtmlCacheBehavior [ RunTime:0.001275s ]
INFO: [ view_filter ] --END-- [ RunTime:0.001803s ]
INFO: [ app_end ] --START--
INFO: Run Behavior\ShowPageTraceBehavior [ RunTime:0.012225s ]
INFO: [ app_end ] --END-- [ RunTime:0.013074s ]

[ 2016-10-11T23:40:05+08:00 ] ::1 /LibraryWeb-master/index.php/Index/edit_book/id/7
INFO: [ app_init ] --START--
INFO: Run Behavior\BuildLiteBehavior [ RunTime:0.000114s ]
INFO: [ app_init ] --END-- [ RunTime:0.002218s ]
INFO: [ app_begin ] --START--
INFO: Run Behavior\ReadHtmlCacheBehavior [ RunTime:0.001744s ]
INFO: [ app_begin ] --END-- [ RunTime:0.002254s ]
SQL: SHOW COLUMNS FROM `bs_book` [ RunTime:0.0584s ]
SQL: SELECT * FROM `bs_book` WHERE `book_ID` = 7 LIMIT 1   [ RunTime:0.0010s ]

[ 2016-10-11T23:40:26+08:00 ] ::1 /LibraryWeb-master/index.php/Index/search
INFO: [ app_init ] --START--
INFO: Run Behavior\BuildLiteBehavior [ RunTime:0.000143s ]
INFO: [ app_init ] --END-- [ RunTime:0.002586s ]
INFO: [ app_begin ] --START--
INFO: Run Behavior\ReadHtmlCacheBehavior [ RunTime:0.002268s ]
INFO: [ app_begin ] --END-- [ RunTime:0.003963s ]
INFO: [ view_parse ] --START--
INFO: [ template_filter ] --START--
INFO: Run Behavior\ContentReplaceBehavior [ RunTime:0.000262s ]
INFO: [ template_filter ] --END-- [ RunTime:0.000806s ]
INFO: Run Behavior\ParseTemplateBehavior [ RunTime:0.020886s ]
INFO: [ view_parse ] --END-- [ RunTime:0.021446s ]
INFO: [ view_filter ] --START--
INFO: Run Behavior\WriteHtmlCacheBehavior [ RunTime:0.001177s ]
INFO: [ view_filter ] --END-- [ RunTime:0.001734s ]
INFO: [ app_end ] --START--
INFO: Run Behavior\ShowPageTraceBehavior [ RunTime:0.001887s ]
INFO: [ app_end ] --END-- [ RunTime:0.002464s ]

[ 2016-10-11T23:40:27+08:00 ] ::1 /LibraryWeb-master/index.php/Index/index.html
INFO: [ app_init ] --START--
INFO: Run Behavior\BuildLiteBehavior [ RunTime:0.000110s ]
INFO: [ app_init ] --END-- [ RunTime:0.001637s ]
INFO: [ app_begin ] --START--
INFO: Run Behavior\ReadHtmlCacheBehavior [ RunTime:0.001596s ]
INFO: [ app_begin ] --END-- [ RunTime:0.002170s ]
SQL: SHOW COLUMNS FROM `bs_book` [ RunTime:0.0095s ]
SQL: SELECT COUNT(*) AS tp_count FROM `bs_book` LIMIT 1   [ RunTime:0.0010s ]
SQL: SELECT `book_ID`,`book_name`,`slf_name`,`author`,`pub_house`,`search_time`,`is_onslf` FROM `bs_book` WHERE `book_name` LIKE '%概率论%' ORDER BY book_ID desc LIMIT 0,10   [ RunTime:0.0008s ]
INFO: [ view_parse ] --START--
INFO: [ template_filter ] --START--
INFO: Run Behavior\ContentReplaceBehavior [ RunTime:0.000506s ]
INFO: [ template_filter ] --END-- [ RunTime:0.001067s ]
INFO: Run Behavior\ParseTemplateBehavior [ RunTime:0.046047s ]
INFO: [ view_parse ] --END-- [ RunTime:0.046606s ]
INFO: [ view_filter ] --START--
INFO: Run Behavior\WriteHtmlCacheBehavior [ RunTime:0.001255s ]
INFO: [ view_filter ] --END-- [ RunTime:0.001780s ]
INFO: [ app_end ] --START--
INFO: Run Behavior\ShowPageTraceBehavior [ RunTime:0.012764s ]
INFO: [ app_end ] --END-- [ RunTime:0.014041s ]

[ 2016-10-11T23:40:36+08:00 ] ::1 /LibraryWeb-master/index.php/Index/search
INFO: [ app_init ] --START--
INFO: Run Behavior\BuildLiteBehavior [ RunTime:0.000111s ]
INFO: [ app_init ] --END-- [ RunTime:0.001596s ]
INFO: [ app_begin ] --START--
INFO: Run Behavior\ReadHtmlCacheBehavior [ RunTime:0.001542s ]
INFO: [ app_begin ] --END-- [ RunTime:0.002112s ]
INFO: [ view_parse ] --START--
INFO: [ template_filter ] --START--
INFO: Run Behavior\ContentReplaceBehavior [ RunTime:0.000266s ]
INFO: [ template_filter ] --END-- [ RunTime:0.000862s ]
INFO: Run Behavior\ParseTemplateBehavior [ RunTime:0.022135s ]
INFO: [ view_parse ] --END-- [ RunTime:0.022733s ]
INFO: [ view_filter ] --START--
INFO: Run Behavior\WriteHtmlCacheBehavior [ RunTime:0.001183s ]
INFO: [ view_filter ] --END-- [ RunTime:0.001721s ]
INFO: [ app_end ] --START--
INFO: Run Behavior\ShowPageTraceBehavior [ RunTime:0.003100s ]
INFO: [ app_end ] --END-- [ RunTime:0.003656s ]

[ 2016-10-11T23:40:37+08:00 ] ::1 /LibraryWeb-master/index.php/Index/index.html
INFO: [ app_init ] --START--
INFO: Run Behavior\BuildLiteBehavior [ RunTime:0.000115s ]
INFO: [ app_init ] --END-- [ RunTime:0.001631s ]
INFO: [ app_begin ] --START--
INFO: Run Behavior\ReadHtmlCacheBehavior [ RunTime:0.001577s ]
INFO: [ app_begin ] --END-- [ RunTime:0.002128s ]
SQL: SHOW COLUMNS FROM `bs_book` [ RunTime:0.0107s ]
SQL: SELECT COUNT(*) AS tp_count FROM `bs_book` LIMIT 1   [ RunTime:0.0007s ]
SQL: SELECT `book_ID`,`book_name`,`slf_name`,`author`,`pub_house`,`search_time`,`is_onslf` FROM `bs_book` WHERE `book_name` LIKE '%高数%' ORDER BY book_ID desc LIMIT 0,10   [ RunTime:0.0007s ]
INFO: [ view_parse ] --START--
INFO: [ template_filter ] --START--
INFO: Run Behavior\ContentReplaceBehavior [ RunTime:0.000483s ]
INFO: [ template_filter ] --END-- [ RunTime:0.001063s ]
INFO: Run Behavior\ParseTemplateBehavior [ RunTime:0.045731s ]
INFO: [ view_parse ] --END-- [ RunTime:0.046347s ]
INFO: [ view_filter ] --START--
INFO: Run Behavior\WriteHtmlCacheBehavior [ RunTime:0.003997s ]
INFO: [ view_filter ] --END-- [ RunTime:0.004538s ]
INFO: [ app_end ] --START--
INFO: Run Behavior\ShowPageTraceBehavior [ RunTime:0.016757s ]
INFO: [ app_end ] --END-- [ RunTime:0.017667s ]

[ 2016-10-11T23:40:44+08:00 ] ::1 /LibraryWeb-master/index.php/Index/search
INFO: [ app_init ] --START--
INFO: Run Behavior\BuildLiteBehavior [ RunTime:0.000113s ]
INFO: [ app_init ] --END-- [ RunTime:0.001774s ]
INFO: [ app_begin ] --START--
INFO: Run Behavior\ReadHtmlCacheBehavior [ RunTime:0.005593s ]
INFO: [ app_begin ] --END-- [ RunTime:0.006205s ]
INFO: [ view_parse ] --START--
INFO: [ template_filter ] --START--
INFO: Run Behavior\ContentReplaceBehavior [ RunTime:0.000272s ]
INFO: [ template_filter ] --END-- [ RunTime:0.000935s ]
INFO: Run Behavior\ParseTemplateBehavior [ RunTime:0.022940s ]
INFO: [ view_parse ] --END-- [ RunTime:0.023516s ]
INFO: [ view_filter ] --START--
INFO: Run Behavior\WriteHtmlCacheBehavior [ RunTime:0.001316s ]
INFO: [ view_filter ] --END-- [ RunTime:0.001943s ]
INFO: [ app_end ] --START--
INFO: Run Behavior\ShowPageTraceBehavior [ RunTime:0.001858s ]
INFO: [ app_end ] --END-- [ RunTime:0.002408s ]

[ 2016-10-11T23:40:46+08:00 ] ::1 /LibraryWeb-master/index.php/Index/index.html
INFO: [ app_init ] --START--
INFO: Run Behavior\BuildLiteBehavior [ RunTime:0.000112s ]
INFO: [ app_init ] --END-- [ RunTime:0.001779s ]
INFO: [ app_begin ] --START--
INFO: Run Behavior\ReadHtmlCacheBehavior [ RunTime:0.001751s ]
INFO: [ app_begin ] --END-- [ RunTime:0.002326s ]
SQL: SHOW COLUMNS FROM `bs_book` [ RunTime:0.1029s ]
SQL: SELECT COUNT(*) AS tp_count FROM `bs_book` LIMIT 1   [ RunTime:0.0006s ]
SQL: SELECT `book_ID`,`book_name`,`slf_name`,`author`,`pub_house`,`search_time`,`is_onslf` FROM `bs_book` WHERE `book_name` LIKE '%数%' ORDER BY book_ID desc LIMIT 0,10   [ RunTime:0.0008s ]
INFO: [ view_parse ] --START--
INFO: [ template_filter ] --START--
INFO: Run Behavior\ContentReplaceBehavior [ RunTime:0.000487s ]
INFO: [ template_filter ] --END-- [ RunTime:0.001030s ]
INFO: Run Behavior\ParseTemplateBehavior [ RunTime:0.045475s ]
INFO: [ view_parse ] --END-- [ RunTime:0.046051s ]
INFO: [ view_filter ] --START--
INFO: Run Behavior\WriteHtmlCacheBehavior [ RunTime:0.001290s ]
INFO: [ view_filter ] --END-- [ RunTime:0.001816s ]
INFO: [ app_end ] --START--
INFO: Run Behavior\ShowPageTraceBehavior [ RunTime:0.010720s ]
INFO: [ app_end ] --END-- [ RunTime:0.011673s ]

[ 2016-10-11T23:41:00+08:00 ] ::1 /LibraryWeb-master/index.php/Index/index.html
INFO: [ app_init ] --START--
INFO: Run Behavior\BuildLiteBehavior [ RunTime:0.000112s ]
INFO: [ app_init ] --END-- [ RunTime:0.001774s ]
INFO: [ app_begin ] --START--
INFO: Run Behavior\ReadHtmlCacheBehavior [ RunTime:0.001691s ]
INFO: [ app_begin ] --END-- [ RunTime:0.002265s ]
SQL: SHOW COLUMNS FROM `bs_book` [ RunTime:0.0107s ]
SQL: SELECT COUNT(*) AS tp_count FROM `bs_book` LIMIT 1   [ RunTime:0.0010s ]
SQL: SELECT `book_ID`,`book_name`,`slf_name`,`author`,`pub_house`,`search_time`,`is_onslf` FROM `bs_book` ORDER BY book_ID desc LIMIT 0,10   [ RunTime:0.0008s ]
INFO: [ view_parse ] --START--
INFO: [ template_filter ] --START--
INFO: Run Behavior\ContentReplaceBehavior [ RunTime:0.000502s ]
INFO: [ template_filter ] --END-- [ RunTime:0.001317s ]
INFO: Run Behavior\ParseTemplateBehavior [ RunTime:0.051255s ]
INFO: [ view_parse ] --END-- [ RunTime:0.051820s ]
INFO: [ view_filter ] --START--
INFO: Run Behavior\WriteHtmlCacheBehavior [ RunTime:0.002414s ]
INFO: [ view_filter ] --END-- [ RunTime:0.003206s ]
INFO: [ app_end ] --START--
INFO: Run Behavior\ShowPageTraceBehavior [ RunTime:0.007419s ]
INFO: [ app_end ] --END-- [ RunTime:0.008003s ]

[ 2016-10-11T23:56:30+08:00 ] ::1 /LibraryWeb-master/index.php/Index/createqr.html
INFO: [ app_init ] --START--
INFO: Run Behavior\BuildLiteBehavior [ RunTime:0.000113s ]
INFO: [ app_init ] --END-- [ RunTime:0.033252s ]
INFO: [ app_begin ] --START--
INFO: Run Behavior\ReadHtmlCacheBehavior [ RunTime:0.022232s ]
INFO: [ app_begin ] --END-- [ RunTime:0.022802s ]
INFO: [ view_parse ] --START--
INFO: [ template_filter ] --START--
INFO: Run Behavior\ContentReplaceBehavior [ RunTime:0.000339s ]
INFO: [ template_filter ] --END-- [ RunTime:0.000906s ]
NOTIC: [8] Undefined variable: data D:\php_code\LibraryWeb-master\Application\Runtime\Cache\Admin\2ac4b5698d8aa3cdf7148a5d395bcee5.php 第 85 行.
INFO: Run Behavior\ParseTemplateBehavior [ RunTime:0.131409s ]
INFO: [ view_parse ] --END-- [ RunTime:0.132011s ]
INFO: [ view_filter ] --START--
INFO: Run Behavior\WriteHtmlCacheBehavior [ RunTime:0.022577s ]
INFO: [ view_filter ] --END-- [ RunTime:0.023171s ]
INFO: [ app_end ] --START--
INFO: Run Behavior\ShowPageTraceBehavior [ RunTime:0.006183s ]
INFO: [ app_end ] --END-- [ RunTime:0.007182s ]

[ 2016-10-11T23:56:31+08:00 ] ::1 /LibraryWeb-master/index.php/index/qrcode.html
INFO: [ app_init ] --START--
INFO: Run Behavior\BuildLiteBehavior [ RunTime:0.000115s ]
INFO: [ app_init ] --END-- [ RunTime:0.002148s ]
INFO: [ app_begin ] --START--
INFO: Run Behavior\ReadHtmlCacheBehavior [ RunTime:0.002041s ]
INFO: [ app_begin ] --END-- [ RunTime:0.002698s ]
ERR: 参数错误或者未定义:data

[ 2016-10-11T23:56:39+08:00 ] ::1 /LibraryWeb-master/index.php/Index/createqr.html
INFO: [ app_init ] --START--
INFO: Run Behavior\BuildLiteBehavior [ RunTime:0.000112s ]
INFO: [ app_init ] --END-- [ RunTime:0.005779s ]
INFO: [ app_begin ] --START--
INFO: Run Behavior\ReadHtmlCacheBehavior [ RunTime:0.001954s ]
INFO: [ app_begin ] --END-- [ RunTime:0.002544s ]
INFO: [ view_parse ] --START--
INFO: [ template_filter ] --START--
INFO: Run Behavior\ContentReplaceBehavior [ RunTime:0.000340s ]
INFO: [ template_filter ] --END-- [ RunTime:0.000893s ]
INFO: Run Behavior\ParseTemplateBehavior [ RunTime:0.036869s ]
INFO: [ view_parse ] --END-- [ RunTime:0.037438s ]
INFO: [ view_filter ] --START--
INFO: Run Behavior\WriteHtmlCacheBehavior [ RunTime:0.001719s ]
INFO: [ view_filter ] --END-- [ RunTime:0.006379s ]
INFO: [ app_end ] --START--
INFO: Run Behavior\ShowPageTraceBehavior [ RunTime:0.002084s ]
INFO: [ app_end ] --END-- [ RunTime:0.002632s ]

[ 2016-10-11T23:56:40+08:00 ] ::1 /LibraryWeb-master/index.php/index/qrcode/data/F2001.html
INFO: [ app_init ] --START--
INFO: Run Behavior\BuildLiteBehavior [ RunTime:0.000109s ]
INFO: [ app_init ] --END-- [ RunTime:0.002008s ]
INFO: [ app_begin ] --START--
INFO: Run Behavior\ReadHtmlCacheBehavior [ RunTime:0.002003s ]
INFO: [ app_begin ] --END-- [ RunTime:0.002564s ]
INFO: [ app_end ] --START--
INFO: Run Behavior\ShowPageTraceBehavior [ RunTime:0.001931s ]
INFO: [ app_end ] --END-- [ RunTime:0.002539s ]

[ 2016-10-11T23:57:31+08:00 ] ::1 /LibraryWeb-master/index.php/Index/index.html
INFO: [ app_init ] --START--
INFO: Run Behavior\BuildLiteBehavior [ RunTime:0.000108s ]
INFO: [ app_init ] --END-- [ RunTime:0.001666s ]
INFO: [ app_begin ] --START--
INFO: Run Behavior\ReadHtmlCacheBehavior [ RunTime:0.001682s ]
INFO: [ app_begin ] --END-- [ RunTime:0.002245s ]
SQL: SHOW COLUMNS FROM `bs_book` [ RunTime:0.0145s ]
SQL: SELECT COUNT(*) AS tp_count FROM `bs_book` LIMIT 1   [ RunTime:0.0011s ]
SQL: SELECT `book_ID`,`book_name`,`slf_name`,`author`,`pub_house`,`search_time`,`is_onslf` FROM `bs_book` ORDER BY book_ID desc LIMIT 0,10   [ RunTime:0.0008s ]
INFO: [ view_parse ] --START--
INFO: [ template_filter ] --START--
INFO: Run Behavior\ContentReplaceBehavior [ RunTime:0.000505s ]
INFO: [ template_filter ] --END-- [ RunTime:0.001062s ]
INFO: Run Behavior\ParseTemplateBehavior [ RunTime:0.068271s ]
INFO: [ view_parse ] --END-- [ RunTime:0.068840s ]
INFO: [ view_filter ] --START--
INFO: Run Behavior\WriteHtmlCacheBehavior [ RunTime:0.001137s ]
INFO: [ view_filter ] --END-- [ RunTime:0.001658s ]
INFO: [ app_end ] --START--
INFO: Run Behavior\ShowPageTraceBehavior [ RunTime:0.012875s ]
INFO: [ app_end ] --END-- [ RunTime:0.013516s ]

[ 2016-10-11T23:58:32+08:00 ] ::1 /LibraryWeb-master/index.php/Index/index.html
INFO: [ app_init ] --START--
INFO: Run Behavior\BuildLiteBehavior [ RunTime:0.000114s ]
INFO: [ app_init ] --END-- [ RunTime:0.001809s ]
INFO: [ app_begin ] --START--
INFO: Run Behavior\ReadHtmlCacheBehavior [ RunTime:0.001823s ]
INFO: [ app_begin ] --END-- [ RunTime:0.002413s ]
SQL: SHOW COLUMNS FROM `bs_book` [ RunTime:0.0134s ]
SQL: SELECT COUNT(*) AS tp_count FROM `bs_book` LIMIT 1   [ RunTime:0.0010s ]
SQL: SELECT `book_ID`,`book_name`,`slf_name`,`author`,`pub_house`,`search_time`,`is_onslf` FROM `bs_book` ORDER BY book_ID desc LIMIT 0,10   [ RunTime:0.0011s ]
INFO: [ view_parse ] --START--
INFO: [ template_filter ] --START--
INFO: Run Behavior\ContentReplaceBehavior [ RunTime:0.000504s ]
INFO: [ template_filter ] --END-- [ RunTime:0.001069s ]
INFO: Run Behavior\ParseTemplateBehavior [ RunTime:0.048701s ]
INFO: [ view_parse ] --END-- [ RunTime:0.049297s ]
INFO: [ view_filter ] --START--
INFO: Run Behavior\WriteHtmlCacheBehavior [ RunTime:0.001449s ]
INFO: [ view_filter ] --END-- [ RunTime:0.002009s ]
INFO: [ app_end ] --START--
INFO: Run Behavior\ShowPageTraceBehavior [ RunTime:0.046836s ]
INFO: [ app_end ] --END-- [ RunTime:0.048990s ]

[ 2016-10-11T23:58:36+08:00 ] ::1 /LibraryWeb-master/index.php/Index/createqr.html
INFO: [ app_init ] --START--
INFO: Run Behavior\BuildLiteBehavior [ RunTime:0.000109s ]
INFO: [ app_init ] --END-- [ RunTime:0.001602s ]
INFO: [ app_begin ] --START--
INFO: Run Behavior\ReadHtmlCacheBehavior [ RunTime:0.001781s ]
INFO: [ app_begin ] --END-- [ RunTime:0.002365s ]
INFO: [ view_parse ] --START--
INFO: [ template_filter ] --START--
INFO: Run Behavior\ContentReplaceBehavior [ RunTime:0.000334s ]
INFO: [ template_filter ] --END-- [ RunTime:0.000905s ]
NOTIC: [8] Undefined variable: data D:\php_code\LibraryWeb-master\Application\Runtime\Cache\Admin\2ac4b5698d8aa3cdf7148a5d395bcee5.php 第 85 行.
INFO: Run Behavior\ParseTemplateBehavior [ RunTime:0.032450s ]
INFO: [ view_parse ] --END-- [ RunTime:0.032997s ]
INFO: [ view_filter ] --START--
INFO: Run Behavior\WriteHtmlCacheBehavior [ RunTime:0.001179s ]
INFO: [ view_filter ] --END-- [ RunTime:0.001709s ]
INFO: [ app_end ] --START--
INFO: Run Behavior\ShowPageTraceBehavior [ RunTime:0.001822s ]
INFO: [ app_end ] --END-- [ RunTime:0.004871s ]

[ 2016-10-11T23:58:36+08:00 ] ::1 /LibraryWeb-master/index.php/index/qrcode.html
INFO: [ app_init ] --START--
INFO: Run Behavior\BuildLiteBehavior [ RunTime:0.000111s ]
INFO: [ app_init ] --END-- [ RunTime:0.001684s ]
INFO: [ app_begin ] --START--
INFO: Run Behavior\ReadHtmlCacheBehavior [ RunTime:0.001739s ]
INFO: [ app_begin ] --END-- [ RunTime:0.002404s ]
ERR: 参数错误或者未定义:data

[ 2016-10-11T23:58:54+08:00 ] ::1 /LibraryWeb-master/index.php/Index/createqr.html
INFO: [ app_init ] --START--
INFO: Run Behavior\BuildLiteBehavior [ RunTime:0.000110s ]
INFO: [ app_init ] --END-- [ RunTime:0.001712s ]
INFO: [ app_begin ] --START--
INFO: Run Behavior\ReadHtmlCacheBehavior [ RunTime:0.002660s ]
INFO: [ app_begin ] --END-- [ RunTime:0.003249s ]
INFO: [ view_parse ] --START--
INFO: [ template_filter ] --START--
INFO: Run Behavior\ContentReplaceBehavior [ RunTime:0.000339s ]
INFO: [ template_filter ] --END-- [ RunTime:0.000886s ]
INFO: Run Behavior\ParseTemplateBehavior [ RunTime:0.039740s ]
INFO: [ view_parse ] --END-- [ RunTime:0.040303s ]
INFO: [ view_filter ] --START--
INFO: Run Behavior\WriteHtmlCacheBehavior [ RunTime:0.001429s ]
INFO: [ view_filter ] --END-- [ RunTime:0.001953s ]
INFO: [ app_end ] --START--
INFO: Run Behavior\ShowPageTraceBehavior [ RunTime:0.003794s ]
INFO: [ app_end ] --END-- [ RunTime:0.004424s ]

[ 2016-10-11T23:58:55+08:00 ] ::1 /LibraryWeb-master/index.php/index/qrcode/data/F2018.html
INFO: [ app_init ] --START--
INFO: Run Behavior\BuildLiteBehavior [ RunTime:0.000112s ]
INFO: [ app_init ] --END-- [ RunTime:0.001819s ]
INFO: [ app_begin ] --START--
INFO: Run Behavior\ReadHtmlCacheBehavior [ RunTime:0.001661s ]
INFO: [ app_begin ] --END-- [ RunTime:0.002222s ]
INFO: [ app_end ] --START--
INFO: Run Behavior\ShowPageTraceBehavior [ RunTime:0.001971s ]
INFO: [ app_end ] --END-- [ RunTime:0.002564s ]

[ 2016-10-11T23:59:16+08:00 ] ::1 /LibraryWeb-master/index.php/Index/index.html
INFO: [ app_init ] --START--
INFO: Run Behavior\BuildLiteBehavior [ RunTime:0.000113s ]
INFO: [ app_init ] --END-- [ RunTime:0.001846s ]
INFO: [ app_begin ] --START--
INFO: Run Behavior\ReadHtmlCacheBehavior [ RunTime:0.001658s ]
INFO: [ app_begin ] --END-- [ RunTime:0.002236s ]
SQL: SHOW COLUMNS FROM `bs_book` [ RunTime:0.0120s ]
SQL: SELECT COUNT(*) AS tp_count FROM `bs_book` LIMIT 1   [ RunTime:0.0006s ]
SQL: SELECT `book_ID`,`book_name`,`slf_name`,`author`,`pub_house`,`search_time`,`is_onslf` FROM `bs_book` ORDER BY book_ID desc LIMIT 0,10   [ RunTime:0.0008s ]
INFO: [ view_parse ] --START--
INFO: [ template_filter ] --START--
INFO: Run Behavior\ContentReplaceBehavior [ RunTime:0.000484s ]
INFO: [ template_filter ] --END-- [ RunTime:0.001037s ]
INFO: Run Behavior\ParseTemplateBehavior [ RunTime:0.046493s ]
INFO: [ view_parse ] --END-- [ RunTime:0.047048s ]
INFO: [ view_filter ] --START--
INFO: Run Behavior\WriteHtmlCacheBehavior [ RunTime:0.001177s ]
INFO: [ view_filter ] --END-- [ RunTime:0.001712s ]
INFO: [ app_end ] --START--
INFO: Run Behavior\ShowPageTraceBehavior [ RunTime:0.012350s ]
INFO: [ app_end ] --END-- [ RunTime:0.013090s ]

[ 2016-10-11T23:59:24+08:00 ] ::1 /LibraryWeb-master/index.php/Index/edit_book/id/4
INFO: [ app_init ] --START--
INFO: Run Behavior\BuildLiteBehavior [ RunTime:0.000114s ]
INFO: [ app_init ] --END-- [ RunTime:0.001770s ]
INFO: [ app_begin ] --START--
INFO: Run Behavior\ReadHtmlCacheBehavior [ RunTime:0.002217s ]
INFO: [ app_begin ] --END-- [ RunTime:0.002748s ]
SQL: SHOW COLUMNS FROM `bs_book` [ RunTime:0.0137s ]
SQL: SELECT * FROM `bs_book` WHERE `book_ID` = 4 LIMIT 1   [ RunTime:0.0011s ]

[ 2016-10-11T23:59:35+08:00 ] ::1 /LibraryWeb-master/index.php/Index/save/id/4
INFO: [ app_init ] --START--
INFO: Run Behavior\BuildLiteBehavior [ RunTime:0.000111s ]
INFO: [ app_init ] --END-- [ RunTime:0.001723s ]
INFO: [ app_begin ] --START--
INFO: Run Behavior\ReadHtmlCacheBehavior [ RunTime:0.002451s ]
INFO: [ app_begin ] --END-- [ RunTime:0.003099s ]
SQL: SHOW COLUMNS FROM `bs_book` [ RunTime:0.0117s ]
NOTIC: [8] Undefined index: validate D:\php_code\LibraryWeb-master\ThinkPHP\Library\Think\Model.class.php 第 1185 行.
NOTIC: [8] Undefined index: auto D:\php_code\LibraryWeb-master\ThinkPHP\Library\Think\Model.class.php 第 1128 行.
SQL: UPDATE `bs_book` SET `book_name`='高等数学',`author`='Test',`pub_house`='Test',`slf_name`='F2136',`is_onslf`='1' WHERE `book_ID` = 4 [ RunTime:0.0780s ]
INFO: [ view_parse ] --START--
INFO: [ template_filter ] --START--
INFO: Run Behavior\ContentReplaceBehavior [ RunTime:0.000269s ]
INFO: [ template_filter ] --END-- [ RunTime:0.000827s ]
INFO: Run Behavior\ParseTemplateBehavior [ RunTime:0.040241s ]
INFO: [ view_parse ] --END-- [ RunTime:0.040816s ]
INFO: [ view_filter ] --START--
INFO: Run Behavior\WriteHtmlCacheBehavior [ RunTime:0.001239s ]
INFO: [ view_filter ] --END-- [ RunTime:0.001783s ]
INFO: [ app_end ] --START--
INFO: Run Behavior\ShowPageTraceBehavior [ RunTime:0.001801s ]
INFO: [ app_end ] --END-- [ RunTime:0.002362s ]

[ 2016-10-11T23:59:37+08:00 ] ::1 /LibraryWeb-master/index.php/Index/index.html
INFO: [ app_init ] --START--
INFO: Run Behavior\BuildLiteBehavior [ RunTime:0.000111s ]
INFO: [ app_init ] --END-- [ RunTime:0.001608s ]
INFO: [ app_begin ] --START--
INFO: Run Behavior\ReadHtmlCacheBehavior [ RunTime:0.003181s ]
INFO: [ app_begin ] --END-- [ RunTime:0.003801s ]
SQL: SHOW COLUMNS FROM `bs_book` [ RunTime:0.0113s ]
SQL: SELECT COUNT(*) AS tp_count FROM `bs_book` LIMIT 1   [ RunTime:0.0006s ]
SQL: SELECT `book_ID`,`book_name`,`slf_name`,`author`,`pub_house`,`search_time`,`is_onslf` FROM `bs_book` ORDER BY book_ID desc LIMIT 0,10   [ RunTime:0.0008s ]
INFO: [ view_parse ] --START--
INFO: [ template_filter ] --START--
INFO: Run Behavior\ContentReplaceBehavior [ RunTime:0.000588s ]
INFO: [ template_filter ] --END-- [ RunTime:0.001245s ]
INFO: Run Behavior\ParseTemplateBehavior [ RunTime:0.046636s ]
INFO: [ view_parse ] --END-- [ RunTime:0.047190s ]
INFO: [ view_filter ] --START--
INFO: Run Behavior\WriteHtmlCacheBehavior [ RunTime:0.001136s ]
INFO: [ view_filter ] --END-- [ RunTime:0.001712s ]
INFO: [ app_end ] --START--
INFO: Run Behavior\ShowPageTraceBehavior [ RunTime:0.004460s ]
INFO: [ app_end ] --END-- [ RunTime:0.013846s ]

