[ 2016-10-12T00:01:05+08:00 ] ::1 /LibraryWeb-master/index.php/Index/createqr.html
INFO: [ app_init ] --START--
INFO: Run Behavior\BuildLiteBehavior [ RunTime:0.000108s ]
INFO: [ app_init ] --END-- [ RunTime:0.001686s ]
INFO: [ app_begin ] --START--
INFO: Run Behavior\ReadHtmlCacheBehavior [ RunTime:0.001996s ]
INFO: [ app_begin ] --END-- [ RunTime:0.002573s ]
INFO: [ view_parse ] --START--
INFO: [ template_filter ] --START--
INFO: Run Behavior\ContentReplaceBehavior [ RunTime:0.000344s ]
INFO: [ template_filter ] --END-- [ RunTime:0.000921s ]
NOTIC: [8] Undefined variable: data D:\php_code\LibraryWeb-master\Application\Runtime\Cache\Admin\2ac4b5698d8aa3cdf7148a5d395bcee5.php 第 85 行.
INFO: Run Behavior\ParseTemplateBehavior [ RunTime:0.032630s ]
INFO: [ view_parse ] --END-- [ RunTime:0.033201s ]
INFO: [ view_filter ] --START--
INFO: Run Behavior\WriteHtmlCacheBehavior [ RunTime:0.001401s ]
INFO: [ view_filter ] --END-- [ RunTime:0.001925s ]
INFO: [ app_end ] --START--
INFO: Run Behavior\ShowPageTraceBehavior [ RunTime:0.002287s ]
INFO: [ app_end ] --END-- [ RunTime:0.002844s ]

[ 2016-10-12T00:01:05+08:00 ] ::1 /LibraryWeb-master/index.php/index/qrcode.html
INFO: [ app_init ] --START--
INFO: Run Behavior\BuildLiteBehavior [ RunTime:0.000113s ]
INFO: [ app_init ] --END-- [ RunTime:0.001755s ]
INFO: [ app_begin ] --START--
INFO: Run Behavior\ReadHtmlCacheBehavior [ RunTime:0.003141s ]
INFO: [ app_begin ] --END-- [ RunTime:0.003745s ]
ERR: 参数错误或者未定义:data

[ 2016-10-12T00:01:12+08:00 ] ::1 /LibraryWeb-master/index.php/Index/createqr.html
INFO: [ app_init ] --START--
INFO: Run Behavior\BuildLiteBehavior [ RunTime:0.000109s ]
INFO: [ app_init ] --END-- [ RunTime:0.001597s ]
INFO: [ app_begin ] --START--
INFO: Run Behavior\ReadHtmlCacheBehavior [ RunTime:0.003903s ]
INFO: [ app_begin ] --END-- [ RunTime:0.004619s ]
INFO: [ view_parse ] --START--
INFO: [ template_filter ] --START--
INFO: Run Behavior\ContentReplaceBehavior [ RunTime:0.000334s ]
INFO: [ template_filter ] --END-- [ RunTime:0.000876s ]
INFO: Run Behavior\ParseTemplateBehavior [ RunTime:0.031058s ]
INFO: [ view_parse ] --END-- [ RunTime:0.031623s ]
INFO: [ view_filter ] --START--
INFO: Run Behavior\WriteHtmlCacheBehavior [ RunTime:0.001156s ]
INFO: [ view_filter ] --END-- [ RunTime:0.001682s ]
INFO: [ app_end ] --START--
INFO: Run Behavior\ShowPageTraceBehavior [ RunTime:0.001573s ]
INFO: [ app_end ] --END-- [ RunTime:0.002106s ]

[ 2016-10-12T00:01:13+08:00 ] ::1 /LibraryWeb-master/index.php/index/qrcode/data/F2018.html
INFO: [ app_init ] --START--
INFO: Run Behavior\BuildLiteBehavior [ RunTime:0.000111s ]
INFO: [ app_init ] --END-- [ RunTime:0.001652s ]
INFO: [ app_begin ] --START--
INFO: Run Behavior\ReadHtmlCacheBehavior [ RunTime:0.002448s ]
INFO: [ app_begin ] --END-- [ RunTime:0.003022s ]
INFO: [ app_end ] --START--
INFO: Run Behavior\ShowPageTraceBehavior [ RunTime:0.002887s ]
INFO: [ app_end ] --END-- [ RunTime:0.003499s ]

[ 2016-10-12T00:01:49+08:00 ] ::1 /LibraryWeb-master/index.php/Index/add.html
INFO: [ app_init ] --START--
INFO: Run Behavior\BuildLiteBehavior [ RunTime:0.000109s ]
INFO: [ app_init ] --END-- [ RunTime:0.001595s ]
INFO: [ app_begin ] --START--
INFO: Run Behavior\ReadHtmlCacheBehavior [ RunTime:0.001697s ]
INFO: [ app_begin ] --END-- [ RunTime:0.002268s ]
INFO: [ view_parse ] --START--
INFO: [ template_filter ] --START--
INFO: Run Behavior\ContentReplaceBehavior [ RunTime:0.000405s ]
INFO: [ template_filter ] --END-- [ RunTime:0.000952s ]
INFO: Run Behavior\ParseTemplateBehavior [ RunTime:0.058945s ]
INFO: [ view_parse ] --END-- [ RunTime:0.059514s ]
INFO: [ view_filter ] --START--
INFO: Run Behavior\WriteHtmlCacheBehavior [ RunTime:0.001239s ]
INFO: [ view_filter ] --END-- [ RunTime:0.001764s ]
INFO: [ app_end ] --START--
INFO: Run Behavior\ShowPageTraceBehavior [ RunTime:0.001894s ]
INFO: [ app_end ] --END-- [ RunTime:0.002525s ]

[ 2016-10-12T00:01:53+08:00 ] ::1 /LibraryWeb-master/index.php/Index/index.html
INFO: [ app_init ] --START--
INFO: Run Behavior\BuildLiteBehavior [ RunTime:0.000111s ]
INFO: [ app_init ] --END-- [ RunTime:0.001871s ]
INFO: [ app_begin ] --START--
INFO: Run Behavior\ReadHtmlCacheBehavior [ RunTime:0.002072s ]
INFO: [ app_begin ] --END-- [ RunTime:0.002649s ]
SQL: SHOW COLUMNS FROM `bs_book` [ RunTime:0.0118s ]
SQL: SELECT COUNT(*) AS tp_count FROM `bs_book` LIMIT 1   [ RunTime:0.0007s ]
SQL: SELECT `book_ID`,`book_name`,`slf_name`,`author`,`pub_house`,`search_time`,`is_onslf` FROM `bs_book` ORDER BY book_ID desc LIMIT 0,10   [ RunTime:0.0009s ]
INFO: [ view_parse ] --START--
INFO: [ template_filter ] --START--
INFO: Run Behavior\ContentReplaceBehavior [ RunTime:0.000482s ]
INFO: [ template_filter ] --END-- [ RunTime:0.001040s ]
INFO: Run Behavior\ParseTemplateBehavior [ RunTime:0.047255s ]
INFO: [ view_parse ] --END-- [ RunTime:0.048321s ]
INFO: [ view_filter ] --START--
INFO: Run Behavior\WriteHtmlCacheBehavior [ RunTime:0.001551s ]
INFO: [ view_filter ] --END-- [ RunTime:0.002082s ]
INFO: [ app_end ] --START--
INFO: Run Behavior\ShowPageTraceBehavior [ RunTime:0.002045s ]
INFO: [ app_end ] --END-- [ RunTime:0.002715s ]

[ 2016-10-12T00:06:36+08:00 ] ::1 /LibraryWeb-master/index.php/Index/createqr.html
INFO: [ app_init ] --START--
INFO: Run Behavior\BuildLiteBehavior [ RunTime:0.000108s ]
INFO: [ app_init ] --END-- [ RunTime:0.001730s ]
INFO: [ app_begin ] --START--
INFO: Run Behavior\ReadHtmlCacheBehavior [ RunTime:0.001875s ]
INFO: [ app_begin ] --END-- [ RunTime:0.002436s ]
INFO: [ view_parse ] --START--
INFO: [ template_filter ] --START--
INFO: Run Behavior\ContentReplaceBehavior [ RunTime:0.000357s ]
INFO: [ template_filter ] --END-- [ RunTime:0.000944s ]
NOTIC: [8] Undefined variable: data D:\php_code\LibraryWeb-master\Application\Runtime\Cache\Admin\2ac4b5698d8aa3cdf7148a5d395bcee5.php 第 85 行.
INFO: Run Behavior\ParseTemplateBehavior [ RunTime:0.032662s ]
INFO: [ view_parse ] --END-- [ RunTime:0.033202s ]
INFO: [ view_filter ] --START--
INFO: Run Behavior\WriteHtmlCacheBehavior [ RunTime:0.001439s ]
INFO: [ view_filter ] --END-- [ RunTime:0.002034s ]
INFO: [ app_end ] --START--
INFO: Run Behavior\ShowPageTraceBehavior [ RunTime:0.002616s ]
INFO: [ app_end ] --END-- [ RunTime:0.003179s ]

[ 2016-10-12T00:06:37+08:00 ] ::1 /LibraryWeb-master/index.php/index/qrcode.html
INFO: [ app_init ] --START--
INFO: Run Behavior\BuildLiteBehavior [ RunTime:0.000111s ]
INFO: [ app_init ] --END-- [ RunTime:0.001749s ]
INFO: [ app_begin ] --START--
INFO: Run Behavior\ReadHtmlCacheBehavior [ RunTime:0.001655s ]
INFO: [ app_begin ] --END-- [ RunTime:0.002215s ]
ERR: 参数错误或者未定义:data

[ 2016-10-12T00:06:44+08:00 ] ::1 /LibraryWeb-master/index.php/Index/createqr.html
INFO: [ app_init ] --START--
INFO: Run Behavior\BuildLiteBehavior [ RunTime:0.000117s ]
INFO: [ app_init ] --END-- [ RunTime:0.002607s ]
INFO: [ app_begin ] --START--
INFO: Run Behavior\ReadHtmlCacheBehavior [ RunTime:0.001971s ]
INFO: [ app_begin ] --END-- [ RunTime:0.002806s ]
INFO: [ view_parse ] --START--
INFO: [ template_filter ] --START--
INFO: Run Behavior\ContentReplaceBehavior [ RunTime:0.000415s ]
INFO: [ template_filter ] --END-- [ RunTime:0.001294s ]
INFO: Run Behavior\ParseTemplateBehavior [ RunTime:0.030704s ]
INFO: [ view_parse ] --END-- [ RunTime:0.031272s ]
INFO: [ view_filter ] --START--
INFO: Run Behavior\WriteHtmlCacheBehavior [ RunTime:0.001191s ]
INFO: [ view_filter ] --END-- [ RunTime:0.001711s ]
INFO: [ app_end ] --START--
INFO: Run Behavior\ShowPageTraceBehavior [ RunTime:0.001585s ]
INFO: [ app_end ] --END-- [ RunTime:0.002112s ]

[ 2016-10-12T00:06:44+08:00 ] ::1 /LibraryWeb-master/index.php/index/qrcode/data/F2018.html
INFO: [ app_init ] --START--
INFO: Run Behavior\BuildLiteBehavior [ RunTime:0.000110s ]
INFO: [ app_init ] --END-- [ RunTime:0.001706s ]
INFO: [ app_begin ] --START--
INFO: Run Behavior\ReadHtmlCacheBehavior [ RunTime:0.001652s ]
INFO: [ app_begin ] --END-- [ RunTime:0.002215s ]
INFO: [ app_end ] --START--
INFO: Run Behavior\ShowPageTraceBehavior [ RunTime:0.002593s ]
INFO: [ app_end ] --END-- [ RunTime:0.003202s ]

[ 2016-10-12T00:07:11+08:00 ] ::1 /LibraryWeb-master/index.php/Index/index.html
INFO: [ app_init ] --START--
INFO: Run Behavior\BuildLiteBehavior [ RunTime:0.000108s ]
INFO: [ app_init ] --END-- [ RunTime:0.001591s ]
INFO: [ app_begin ] --START--
INFO: Run Behavior\ReadHtmlCacheBehavior [ RunTime:0.001572s ]
INFO: [ app_begin ] --END-- [ RunTime:0.002133s ]
SQL: SHOW COLUMNS FROM `bs_book` [ RunTime:0.0095s ]
SQL: SELECT COUNT(*) AS tp_count FROM `bs_book` LIMIT 1   [ RunTime:0.0010s ]
SQL: SELECT `book_ID`,`book_name`,`slf_name`,`author`,`pub_house`,`search_time`,`is_onslf` FROM `bs_book` ORDER BY book_ID desc LIMIT 0,10   [ RunTime:0.0008s ]
INFO: [ view_parse ] --START--
INFO: [ template_filter ] --START--
INFO: Run Behavior\ContentReplaceBehavior [ RunTime:0.000480s ]
INFO: [ template_filter ] --END-- [ RunTime:0.001026s ]
INFO: Run Behavior\ParseTemplateBehavior [ RunTime:0.046062s ]
INFO: [ view_parse ] --END-- [ RunTime:0.046616s ]
INFO: [ view_filter ] --START--
INFO: Run Behavior\WriteHtmlCacheBehavior [ RunTime:0.001270s ]
INFO: [ view_filter ] --END-- [ RunTime:0.001812s ]
INFO: [ app_end ] --START--
INFO: Run Behavior\ShowPageTraceBehavior [ RunTime:0.013318s ]
INFO: [ app_end ] --END-- [ RunTime:0.013887s ]

[ 2016-10-12T00:08:50+08:00 ] ::1 /LibraryWeb-master/index.php/Index/createqr.html
INFO: [ app_init ] --START--
INFO: Run Behavior\BuildLiteBehavior [ RunTime:0.000109s ]
INFO: [ app_init ] --END-- [ RunTime:0.001706s ]
INFO: [ app_begin ] --START--
INFO: Run Behavior\ReadHtmlCacheBehavior [ RunTime:0.002120s ]
INFO: [ app_begin ] --END-- [ RunTime:0.003277s ]
INFO: [ view_parse ] --START--
INFO: [ template_filter ] --START--
INFO: Run Behavior\ContentReplaceBehavior [ RunTime:0.000369s ]
INFO: [ template_filter ] --END-- [ RunTime:0.001464s ]
NOTIC: [8] Undefined variable: data D:\php_code\LibraryWeb-master\Application\Runtime\Cache\Admin\2ac4b5698d8aa3cdf7148a5d395bcee5.php 第 85 行.
INFO: Run Behavior\ParseTemplateBehavior [ RunTime:0.033467s ]
INFO: [ view_parse ] --END-- [ RunTime:0.034002s ]
INFO: [ view_filter ] --START--
INFO: Run Behavior\WriteHtmlCacheBehavior [ RunTime:0.001324s ]
INFO: [ view_filter ] --END-- [ RunTime:0.001844s ]
INFO: [ app_end ] --START--
INFO: Run Behavior\ShowPageTraceBehavior [ RunTime:0.002829s ]
INFO: [ app_end ] --END-- [ RunTime:0.003892s ]

[ 2016-10-12T00:08:51+08:00 ] ::1 /LibraryWeb-master/index.php/index/qrcode.html
INFO: [ app_init ] --START--
INFO: Run Behavior\BuildLiteBehavior [ RunTime:0.000109s ]
INFO: [ app_init ] --END-- [ RunTime:0.001650s ]
INFO: [ app_begin ] --START--
INFO: Run Behavior\ReadHtmlCacheBehavior [ RunTime:0.001712s ]
INFO: [ app_begin ] --END-- [ RunTime:0.002283s ]
ERR: 参数错误或者未定义:data

[ 2016-10-12T00:08:57+08:00 ] ::1 /LibraryWeb-master/index.php/Index/createqr.html
INFO: [ app_init ] --START--
INFO: Run Behavior\BuildLiteBehavior [ RunTime:0.000112s ]
INFO: [ app_init ] --END-- [ RunTime:0.002029s ]
INFO: [ app_begin ] --START--
INFO: Run Behavior\ReadHtmlCacheBehavior [ RunTime:0.002120s ]
INFO: [ app_begin ] --END-- [ RunTime:0.003103s ]
INFO: [ view_parse ] --START--
INFO: [ template_filter ] --START--
INFO: Run Behavior\ContentReplaceBehavior [ RunTime:0.000338s ]
INFO: [ template_filter ] --END-- [ RunTime:0.000892s ]
INFO: Run Behavior\ParseTemplateBehavior [ RunTime:0.039315s ]
INFO: [ view_parse ] --END-- [ RunTime:0.039881s ]
INFO: [ view_filter ] --START--
INFO: Run Behavior\WriteHtmlCacheBehavior [ RunTime:0.001248s ]
INFO: [ view_filter ] --END-- [ RunTime:0.001773s ]
INFO: [ app_end ] --START--
INFO: Run Behavior\ShowPageTraceBehavior [ RunTime:0.001713s ]
INFO: [ app_end ] --END-- [ RunTime:0.007833s ]

[ 2016-10-12T00:08:58+08:00 ] ::1 /LibraryWeb-master/index.php/index/qrcode/data/F2018.html
INFO: [ app_init ] --START--
INFO: Run Behavior\BuildLiteBehavior [ RunTime:0.000110s ]
INFO: [ app_init ] --END-- [ RunTime:0.001638s ]
INFO: [ app_begin ] --START--
INFO: Run Behavior\ReadHtmlCacheBehavior [ RunTime:0.001676s ]
INFO: [ app_begin ] --END-- [ RunTime:0.002240s ]
INFO: [ app_end ] --START--
INFO: Run Behavior\ShowPageTraceBehavior [ RunTime:0.009031s ]
INFO: [ app_end ] --END-- [ RunTime:0.009638s ]

[ 2016-10-12T00:22:20+08:00 ] ::1 /LibraryWeb-master/
INFO: [ app_init ] --START--
INFO: Run Behavior\BuildLiteBehavior [ RunTime:0.000110s ]
INFO: [ app_init ] --END-- [ RunTime:0.001722s ]
INFO: [ app_begin ] --START--
INFO: Run Behavior\ReadHtmlCacheBehavior [ RunTime:0.002669s ]
INFO: [ app_begin ] --END-- [ RunTime:0.003277s ]
INFO: [ view_parse ] --START--
INFO: [ template_filter ] --START--
INFO: Run Behavior\ContentReplaceBehavior [ RunTime:0.000263s ]
INFO: [ template_filter ] --END-- [ RunTime:0.000808s ]
INFO: Run Behavior\ParseTemplateBehavior [ RunTime:0.024944s ]
INFO: [ view_parse ] --END-- [ RunTime:0.025518s ]
INFO: [ view_filter ] --START--
INFO: Run Behavior\WriteHtmlCacheBehavior [ RunTime:0.001545s ]
INFO: [ view_filter ] --END-- [ RunTime:0.002101s ]

[ 2016-10-12T00:22:24+08:00 ] ::1 /LibraryWeb-master/index.php/Login/login.html
INFO: [ app_init ] --START--
INFO: Run Behavior\BuildLiteBehavior [ RunTime:0.000112s ]
INFO: [ app_init ] --END-- [ RunTime:0.001770s ]
INFO: [ app_begin ] --START--
INFO: Run Behavior\ReadHtmlCacheBehavior [ RunTime:0.002426s ]
INFO: [ app_begin ] --END-- [ RunTime:0.003013s ]
INFO: [ view_parse ] --START--
INFO: [ template_filter ] --START--
INFO: Run Behavior\ContentReplaceBehavior [ RunTime:0.000299s ]
INFO: [ template_filter ] --END-- [ RunTime:0.000885s ]
NOTIC: [8] Use of undefined constant verify - assumed 'verify' D:\php_code\LibraryWeb-master\Application\Runtime\Cache\Admin\0dfec61edd66f450033aa87c28a760f4.php 第 54 行.
INFO: Run Behavior\ParseTemplateBehavior [ RunTime:0.023277s ]
INFO: [ view_parse ] --END-- [ RunTime:0.023841s ]
INFO: [ view_filter ] --START--
INFO: Run Behavior\WriteHtmlCacheBehavior [ RunTime:0.001234s ]
INFO: [ view_filter ] --END-- [ RunTime:0.001795s ]
INFO: [ app_end ] --START--
INFO: Run Behavior\ShowPageTraceBehavior [ RunTime:0.002073s ]
INFO: [ app_end ] --END-- [ RunTime:0.002636s ]

[ 2016-10-12T00:22:24+08:00 ] ::1 /LibraryWeb-master/index.php/Login/verify.html
INFO: [ app_init ] --START--
INFO: Run Behavior\BuildLiteBehavior [ RunTime:0.000110s ]
INFO: [ app_init ] --END-- [ RunTime:0.001689s ]
INFO: [ app_begin ] --START--
INFO: Run Behavior\ReadHtmlCacheBehavior [ RunTime:0.001693s ]
INFO: [ app_begin ] --END-- [ RunTime:0.002263s ]
INFO: [ app_end ] --START--
INFO: Run Behavior\ShowPageTraceBehavior [ RunTime:0.001901s ]
INFO: [ app_end ] --END-- [ RunTime:0.002487s ]

[ 2016-10-12T00:23:35+08:00 ] ::1 /LibraryWeb-master/index.php/Login/login.html
INFO: [ app_init ] --START--
INFO: Run Behavior\BuildLiteBehavior [ RunTime:0.000113s ]
INFO: [ app_init ] --END-- [ RunTime:0.002042s ]
INFO: [ app_begin ] --START--
INFO: Run Behavior\ReadHtmlCacheBehavior [ RunTime:0.002804s ]
INFO: [ app_begin ] --END-- [ RunTime:0.003416s ]
SQL: SHOW COLUMNS FROM `bs_administrator` [ RunTime:0.0149s ]
NOTIC: [8] Undefined index: validate D:\php_code\LibraryWeb-master\ThinkPHP\Library\Think\Model.class.php 第 1185 行.
INFO: [ view_parse ] --START--
INFO: [ template_filter ] --START--
INFO: Run Behavior\ContentReplaceBehavior [ RunTime:0.000283s ]
INFO: [ template_filter ] --END-- [ RunTime:0.000897s ]
INFO: Run Behavior\ParseTemplateBehavior [ RunTime:0.025455s ]
INFO: [ view_parse ] --END-- [ RunTime:0.026033s ]
INFO: [ view_filter ] --START--
INFO: Run Behavior\WriteHtmlCacheBehavior [ RunTime:0.001616s ]
INFO: [ view_filter ] --END-- [ RunTime:0.002163s ]

[ 2016-10-12T00:23:38+08:00 ] ::1 /LibraryWeb-master/index.php/Login/login.html
INFO: [ app_init ] --START--
INFO: Run Behavior\BuildLiteBehavior [ RunTime:0.000114s ]
INFO: [ app_init ] --END-- [ RunTime:0.001786s ]
INFO: [ app_begin ] --START--
INFO: Run Behavior\ReadHtmlCacheBehavior [ RunTime:0.001835s ]
INFO: [ app_begin ] --END-- [ RunTime:0.002433s ]
INFO: [ view_parse ] --START--
INFO: [ template_filter ] --START--
INFO: Run Behavior\ContentReplaceBehavior [ RunTime:0.000294s ]
INFO: [ template_filter ] --END-- [ RunTime:0.000895s ]
NOTIC: [8] Use of undefined constant verify - assumed 'verify' D:\php_code\LibraryWeb-master\Application\Runtime\Cache\Admin\0dfec61edd66f450033aa87c28a760f4.php 第 54 行.
INFO: Run Behavior\ParseTemplateBehavior [ RunTime:0.024046s ]
INFO: [ view_parse ] --END-- [ RunTime:0.024621s ]
INFO: [ view_filter ] --START--
INFO: Run Behavior\WriteHtmlCacheBehavior [ RunTime:0.001185s ]
INFO: [ view_filter ] --END-- [ RunTime:0.001712s ]
INFO: [ app_end ] --START--
INFO: Run Behavior\ShowPageTraceBehavior [ RunTime:0.002022s ]
INFO: [ app_end ] --END-- [ RunTime:0.003128s ]

[ 2016-10-12T00:23:39+08:00 ] ::1 /LibraryWeb-master/index.php/Login/verify.html
INFO: [ app_init ] --START--
INFO: Run Behavior\BuildLiteBehavior [ RunTime:0.000113s ]
INFO: [ app_init ] --END-- [ RunTime:0.002258s ]
INFO: [ app_begin ] --START--
INFO: Run Behavior\ReadHtmlCacheBehavior [ RunTime:0.004858s ]
INFO: [ app_begin ] --END-- [ RunTime:0.005442s ]
INFO: [ app_end ] --START--
INFO: Run Behavior\ShowPageTraceBehavior [ RunTime:0.001797s ]
INFO: [ app_end ] --END-- [ RunTime:0.002381s ]

[ 2016-10-12T00:24:11+08:00 ] ::1 /LibraryWeb-master/index.php/Login/login.html
INFO: [ app_init ] --START--
INFO: Run Behavior\BuildLiteBehavior [ RunTime:0.000115s ]
INFO: [ app_init ] --END-- [ RunTime:0.003106s ]
INFO: [ app_begin ] --START--
INFO: Run Behavior\ReadHtmlCacheBehavior [ RunTime:0.001590s ]
INFO: [ app_begin ] --END-- [ RunTime:0.002156s ]
SQL: SHOW COLUMNS FROM `bs_administrator` [ RunTime:0.0135s ]
NOTIC: [8] Undefined index: validate D:\php_code\LibraryWeb-master\ThinkPHP\Library\Think\Model.class.php 第 1185 行.
NOTIC: [8] Undefined index: auto D:\php_code\LibraryWeb-master\ThinkPHP\Library\Think\Model.class.php 第 1128 行.
SQL: SELECT `workID`,`admin_name`,`password`,`last_date`,`last_ip` FROM `bs_administrator` WHERE `admin_name` = 'admin' LIMIT 1   [ RunTime:0.0015s ]
SQL: SHOW COLUMNS FROM `bs_administrator` [ RunTime:0.0124s ]
SQL: UPDATE `bs_administrator` SET `login_num`=login_num+1 WHERE `admin_name` = 'admin' AND `workID` = 1 [ RunTime:0.0670s ]
SQL: UPDATE `bs_administrator` SET `admin_name`='admin',`password`='21232f297a57a5a743894a0e4a801fc3',`last_date`='1476203051',`last_ip`='0.0.0.0' WHERE `admin_name` = 'admin' AND `workID` = 1 [ RunTime:0.0416s ]
INFO: [ view_parse ] --START--
INFO: [ template_filter ] --START--
INFO: Run Behavior\ContentReplaceBehavior [ RunTime:0.000264s ]
INFO: [ template_filter ] --END-- [ RunTime:0.000817s ]
INFO: Run Behavior\ParseTemplateBehavior [ RunTime:0.021116s ]
INFO: [ view_parse ] --END-- [ RunTime:0.021656s ]
INFO: [ view_filter ] --START--
INFO: Run Behavior\WriteHtmlCacheBehavior [ RunTime:0.001060s ]
INFO: [ view_filter ] --END-- [ RunTime:0.001578s ]
INFO: [ app_end ] --START--
INFO: Run Behavior\ShowPageTraceBehavior [ RunTime:0.001564s ]
INFO: [ app_end ] --END-- [ RunTime:0.002092s ]

[ 2016-10-12T00:24:12+08:00 ] ::1 /LibraryWeb-master/index.php/Index/index.html
INFO: [ app_init ] --START--
INFO: Run Behavior\BuildLiteBehavior [ RunTime:0.000113s ]
INFO: [ app_init ] --END-- [ RunTime:0.001781s ]
INFO: [ app_begin ] --START--
INFO: Run Behavior\ReadHtmlCacheBehavior [ RunTime:0.001684s ]
INFO: [ app_begin ] --END-- [ RunTime:0.002258s ]
SQL: SHOW COLUMNS FROM `bs_book` [ RunTime:0.0603s ]
SQL: SELECT COUNT(*) AS tp_count FROM `bs_book` LIMIT 1   [ RunTime:0.0006s ]
SQL: SELECT `book_ID`,`book_name`,`slf_name`,`author`,`pub_house`,`search_time`,`is_onslf` FROM `bs_book` WHERE `book_name` LIKE '%%' ORDER BY book_ID desc LIMIT 0,10   [ RunTime:0.0008s ]
INFO: [ view_parse ] --START--
INFO: [ template_filter ] --START--
INFO: Run Behavior\ContentReplaceBehavior [ RunTime:0.000467s ]
INFO: [ template_filter ] --END-- [ RunTime:0.001011s ]
INFO: Run Behavior\ParseTemplateBehavior [ RunTime:0.045894s ]
INFO: [ view_parse ] --END-- [ RunTime:0.046470s ]
INFO: [ view_filter ] --START--
INFO: Run Behavior\WriteHtmlCacheBehavior [ RunTime:0.001335s ]
INFO: [ view_filter ] --END-- [ RunTime:0.001880s ]
INFO: [ app_end ] --START--
INFO: Run Behavior\ShowPageTraceBehavior [ RunTime:0.008599s ]
INFO: [ app_end ] --END-- [ RunTime:0.009181s ]

[ 2016-10-12T00:27:14+08:00 ] ::1 /LibraryWeb-master/index.php/Index/createqr.html
INFO: [ app_init ] --START--
INFO: Run Behavior\BuildLiteBehavior [ RunTime:0.000110s ]
INFO: [ app_init ] --END-- [ RunTime:0.001946s ]
INFO: [ app_begin ] --START--
INFO: Run Behavior\ReadHtmlCacheBehavior [ RunTime:0.001923s ]
INFO: [ app_begin ] --END-- [ RunTime:0.002504s ]
INFO: [ view_parse ] --START--
INFO: [ template_filter ] --START--
INFO: Run Behavior\ContentReplaceBehavior [ RunTime:0.000332s ]
INFO: [ template_filter ] --END-- [ RunTime:0.000886s ]
NOTIC: [8] Undefined variable: data D:\php_code\LibraryWeb-master\Application\Runtime\Cache\Admin\2ac4b5698d8aa3cdf7148a5d395bcee5.php 第 85 行.
INFO: Run Behavior\ParseTemplateBehavior [ RunTime:0.033373s ]
INFO: [ view_parse ] --END-- [ RunTime:0.033913s ]
INFO: [ view_filter ] --START--
INFO: Run Behavior\WriteHtmlCacheBehavior [ RunTime:0.001341s ]
INFO: [ view_filter ] --END-- [ RunTime:0.001860s ]
INFO: [ app_end ] --START--
INFO: Run Behavior\ShowPageTraceBehavior [ RunTime:0.001805s ]
INFO: [ app_end ] --END-- [ RunTime:0.002336s ]

[ 2016-10-12T00:27:14+08:00 ] ::1 /LibraryWeb-master/index.php/index/qrcode.html
INFO: [ app_init ] --START--
INFO: Run Behavior\BuildLiteBehavior [ RunTime:0.000111s ]
INFO: [ app_init ] --END-- [ RunTime:0.001769s ]
INFO: [ app_begin ] --START--
INFO: Run Behavior\ReadHtmlCacheBehavior [ RunTime:0.001648s ]
INFO: [ app_begin ] --END-- [ RunTime:0.002209s ]
ERR: 参数错误或者未定义:data

[ 2016-10-12T00:27:23+08:00 ] ::1 /LibraryWeb-master/index.php/Index/createqr.html
INFO: [ app_init ] --START--
INFO: Run Behavior\BuildLiteBehavior [ RunTime:0.000110s ]
INFO: [ app_init ] --END-- [ RunTime:0.001718s ]
INFO: [ app_begin ] --START--
INFO: Run Behavior\ReadHtmlCacheBehavior [ RunTime:0.006433s ]
INFO: [ app_begin ] --END-- [ RunTime:0.007025s ]
INFO: [ view_parse ] --START--
INFO: [ template_filter ] --START--
INFO: Run Behavior\ContentReplaceBehavior [ RunTime:0.000341s ]
INFO: [ template_filter ] --END-- [ RunTime:0.000890s ]
INFO: Run Behavior\ParseTemplateBehavior [ RunTime:0.032621s ]
INFO: [ view_parse ] --END-- [ RunTime:0.033188s ]
INFO: [ view_filter ] --START--
INFO: Run Behavior\WriteHtmlCacheBehavior [ RunTime:0.001457s ]
INFO: [ view_filter ] --END-- [ RunTime:0.001981s ]
INFO: [ app_end ] --START--
INFO: Run Behavior\ShowPageTraceBehavior [ RunTime:0.001793s ]
INFO: [ app_end ] --END-- [ RunTime:0.002321s ]

[ 2016-10-12T00:27:23+08:00 ] ::1 /LibraryWeb-master/index.php/index/qrcode/data/F2018.html
INFO: [ app_init ] --START--
INFO: Run Behavior\BuildLiteBehavior [ RunTime:0.000114s ]
INFO: [ app_init ] --END-- [ RunTime:0.001709s ]
INFO: [ app_begin ] --START--
INFO: Run Behavior\ReadHtmlCacheBehavior [ RunTime:0.001650s ]
INFO: [ app_begin ] --END-- [ RunTime:0.002216s ]
INFO: [ app_end ] --START--
INFO: Run Behavior\ShowPageTraceBehavior [ RunTime:0.001832s ]
INFO: [ app_end ] --END-- [ RunTime:0.002431s ]

[ 2016-10-12T00:28:35+08:00 ] ::1 /LibraryWeb-master/index.php/Index/index.html
INFO: [ app_init ] --START--
INFO: Run Behavior\BuildLiteBehavior [ RunTime:0.000110s ]
INFO: [ app_init ] --END-- [ RunTime:0.001602s ]
INFO: [ app_begin ] --START--
INFO: Run Behavior\ReadHtmlCacheBehavior [ RunTime:0.001657s ]
INFO: [ app_begin ] --END-- [ RunTime:0.002225s ]
SQL: SHOW COLUMNS FROM `bs_book` [ RunTime:0.0644s ]
SQL: SELECT COUNT(*) AS tp_count FROM `bs_book` LIMIT 1   [ RunTime:0.0006s ]
SQL: SELECT `book_ID`,`book_name`,`slf_name`,`author`,`pub_house`,`search_time`,`is_onslf` FROM `bs_book` ORDER BY book_ID desc LIMIT 0,10   [ RunTime:0.0010s ]
INFO: [ view_parse ] --START--
INFO: [ template_filter ] --START--
INFO: Run Behavior\ContentReplaceBehavior [ RunTime:0.000539s ]
INFO: [ template_filter ] --END-- [ RunTime:0.001629s ]
INFO: Run Behavior\ParseTemplateBehavior [ RunTime:0.044846s ]
INFO: [ view_parse ] --END-- [ RunTime:0.045402s ]
INFO: [ view_filter ] --START--
INFO: Run Behavior\WriteHtmlCacheBehavior [ RunTime:0.001309s ]
INFO: [ view_filter ] --END-- [ RunTime:0.002339s ]
INFO: [ app_end ] --START--
INFO: Run Behavior\ShowPageTraceBehavior [ RunTime:0.011303s ]
INFO: [ app_end ] --END-- [ RunTime:0.011927s ]

[ 2016-10-12T00:28:39+08:00 ] ::1 /LibraryWeb-master/index.php/Index/edit_book/id/7
INFO: [ app_init ] --START--
INFO: Run Behavior\BuildLiteBehavior [ RunTime:0.000114s ]
INFO: [ app_init ] --END-- [ RunTime:0.001940s ]
INFO: [ app_begin ] --START--
INFO: Run Behavior\ReadHtmlCacheBehavior [ RunTime:0.006623s ]
INFO: [ app_begin ] --END-- [ RunTime:0.007146s ]
SQL: SHOW COLUMNS FROM `bs_book` [ RunTime:0.0127s ]
SQL: SELECT * FROM `bs_book` WHERE `book_ID` = 7 LIMIT 1   [ RunTime:0.0007s ]

[ 2016-10-12T00:28:45+08:00 ] ::1 /LibraryWeb-master/index.php/Index/save/id/7
INFO: [ app_init ] --START--
INFO: Run Behavior\BuildLiteBehavior [ RunTime:0.000170s ]
INFO: [ app_init ] --END-- [ RunTime:0.002161s ]
INFO: [ app_begin ] --START--
INFO: Run Behavior\ReadHtmlCacheBehavior [ RunTime:0.001965s ]
INFO: [ app_begin ] --END-- [ RunTime:0.002554s ]
SQL: SHOW COLUMNS FROM `bs_book` [ RunTime:0.0109s ]
NOTIC: [8] Undefined index: validate D:\php_code\LibraryWeb-master\ThinkPHP\Library\Think\Model.class.php 第 1185 行.
NOTIC: [8] Undefined index: auto D:\php_code\LibraryWeb-master\ThinkPHP\Library\Think\Model.class.php 第 1128 行.
SQL: UPDATE `bs_book` SET `book_name`='概率论',`author`='Test',`pub_house`='Test4386534563',`slf_name`='F2047',`is_onslf`='1' WHERE `book_ID` = 7 [ RunTime:0.0579s ]
INFO: [ view_parse ] --START--
INFO: [ template_filter ] --START--
INFO: Run Behavior\ContentReplaceBehavior [ RunTime:0.000270s ]
INFO: [ template_filter ] --END-- [ RunTime:0.000840s ]
INFO: Run Behavior\ParseTemplateBehavior [ RunTime:0.022358s ]
INFO: [ view_parse ] --END-- [ RunTime:0.023027s ]
INFO: [ view_filter ] --START--
INFO: Run Behavior\WriteHtmlCacheBehavior [ RunTime:0.001425s ]
INFO: [ view_filter ] --END-- [ RunTime:0.002147s ]
INFO: [ app_end ] --START--
INFO: Run Behavior\ShowPageTraceBehavior [ RunTime:0.004270s ]
INFO: [ app_end ] --END-- [ RunTime:0.004845s ]

[ 2016-10-12T00:28:46+08:00 ] ::1 /LibraryWeb-master/index.php/Index/index.html
INFO: [ app_init ] --START--
INFO: Run Behavior\BuildLiteBehavior [ RunTime:0.000112s ]
INFO: [ app_init ] --END-- [ RunTime:0.001716s ]
INFO: [ app_begin ] --START--
INFO: Run Behavior\ReadHtmlCacheBehavior [ RunTime:0.001685s ]
INFO: [ app_begin ] --END-- [ RunTime:0.002258s ]
SQL: SHOW COLUMNS FROM `bs_book` [ RunTime:0.0101s ]
SQL: SELECT COUNT(*) AS tp_count FROM `bs_book` LIMIT 1   [ RunTime:0.0006s ]
SQL: SELECT `book_ID`,`book_name`,`slf_name`,`author`,`pub_house`,`search_time`,`is_onslf` FROM `bs_book` ORDER BY book_ID desc LIMIT 0,10   [ RunTime:0.0013s ]
INFO: [ view_parse ] --START--
INFO: [ template_filter ] --START--
INFO: Run Behavior\ContentReplaceBehavior [ RunTime:0.000481s ]
INFO: [ template_filter ] --END-- [ RunTime:0.001030s ]
INFO: Run Behavior\ParseTemplateBehavior [ RunTime:0.044873s ]
INFO: [ view_parse ] --END-- [ RunTime:0.045444s ]
INFO: [ view_filter ] --START--
INFO: Run Behavior\WriteHtmlCacheBehavior [ RunTime:0.002014s ]
INFO: [ view_filter ] --END-- [ RunTime:0.002590s ]
INFO: [ app_end ] --START--
INFO: Run Behavior\ShowPageTraceBehavior [ RunTime:0.014816s ]
INFO: [ app_end ] --END-- [ RunTime:0.015657s ]

[ 2016-10-12T00:30:18+08:00 ] ::1 /LibraryWeb-master/index.php/Index/createqr.html
INFO: [ app_init ] --START--
INFO: Run Behavior\BuildLiteBehavior [ RunTime:0.000109s ]
INFO: [ app_init ] --END-- [ RunTime:0.001759s ]
INFO: [ app_begin ] --START--
INFO: Run Behavior\ReadHtmlCacheBehavior [ RunTime:0.002776s ]
INFO: [ app_begin ] --END-- [ RunTime:0.003355s ]
INFO: [ view_parse ] --START--
INFO: [ template_filter ] --START--
INFO: Run Behavior\ContentReplaceBehavior [ RunTime:0.000346s ]
INFO: [ template_filter ] --END-- [ RunTime:0.000903s ]
NOTIC: [8] Undefined variable: data D:\php_code\LibraryWeb-master\Application\Runtime\Cache\Admin\2ac4b5698d8aa3cdf7148a5d395bcee5.php 第 85 行.
INFO: Run Behavior\ParseTemplateBehavior [ RunTime:0.033777s ]
INFO: [ view_parse ] --END-- [ RunTime:0.034322s ]
INFO: [ view_filter ] --START--
INFO: Run Behavior\WriteHtmlCacheBehavior [ RunTime:0.001393s ]
INFO: [ view_filter ] --END-- [ RunTime:0.001919s ]
INFO: [ app_end ] --START--
INFO: Run Behavior\ShowPageTraceBehavior [ RunTime:0.002183s ]
INFO: [ app_end ] --END-- [ RunTime:0.002884s ]

[ 2016-10-12T00:30:18+08:00 ] ::1 /LibraryWeb-master/index.php/index/qrcode.html
INFO: [ app_init ] --START--
INFO: Run Behavior\BuildLiteBehavior [ RunTime:0.000110s ]
INFO: [ app_init ] --END-- [ RunTime:0.001644s ]
INFO: [ app_begin ] --START--
INFO: Run Behavior\ReadHtmlCacheBehavior [ RunTime:0.002266s ]
INFO: [ app_begin ] --END-- [ RunTime:0.003043s ]
ERR: 参数错误或者未定义:data

[ 2016-10-12T00:30:26+08:00 ] ::1 /LibraryWeb-master/index.php/Index/createqr.html
INFO: [ app_init ] --START--
INFO: Run Behavior\BuildLiteBehavior [ RunTime:0.000114s ]
INFO: [ app_init ] --END-- [ RunTime:0.001852s ]
INFO: [ app_begin ] --START--
INFO: Run Behavior\ReadHtmlCacheBehavior [ RunTime:0.002137s ]
INFO: [ app_begin ] --END-- [ RunTime:0.004894s ]
INFO: [ view_parse ] --START--
INFO: [ template_filter ] --START--
INFO: Run Behavior\ContentReplaceBehavior [ RunTime:0.000343s ]
INFO: [ template_filter ] --END-- [ RunTime:0.000916s ]
INFO: Run Behavior\ParseTemplateBehavior [ RunTime:0.036800s ]
INFO: [ view_parse ] --END-- [ RunTime:0.037374s ]
INFO: [ view_filter ] --START--
INFO: Run Behavior\WriteHtmlCacheBehavior [ RunTime:0.001247s ]
INFO: [ view_filter ] --END-- [ RunTime:0.001776s ]
INFO: [ app_end ] --START--
INFO: Run Behavior\ShowPageTraceBehavior [ RunTime:0.001573s ]
INFO: [ app_end ] --END-- [ RunTime:0.002104s ]

[ 2016-10-12T00:30:27+08:00 ] ::1 /LibraryWeb-master/index.php/index/qrcode/data/F2018.html
INFO: [ app_init ] --START--
INFO: Run Behavior\BuildLiteBehavior [ RunTime:0.000111s ]
INFO: [ app_init ] --END-- [ RunTime:0.001657s ]
INFO: [ app_begin ] --START--
INFO: Run Behavior\ReadHtmlCacheBehavior [ RunTime:0.001627s ]
INFO: [ app_begin ] --END-- [ RunTime:0.002194s ]
INFO: [ app_end ] --START--
INFO: Run Behavior\ShowPageTraceBehavior [ RunTime:0.008744s ]
INFO: [ app_end ] --END-- [ RunTime:0.009348s ]

[ 2016-10-12T14:19:48+08:00 ] ::1 /LibraryWeb-master/
INFO: [ app_init ] --START--
INFO: Run Behavior\BuildLiteBehavior [ RunTime:0.000112s ]
INFO: [ app_init ] --END-- [ RunTime:0.029974s ]
INFO: [ app_begin ] --START--
INFO: Run Behavior\ReadHtmlCacheBehavior [ RunTime:0.013514s ]
INFO: [ app_begin ] --END-- [ RunTime:0.014500s ]
INFO: [ view_parse ] --START--
INFO: [ template_filter ] --START--
INFO: Run Behavior\ContentReplaceBehavior [ RunTime:0.011105s ]
INFO: [ template_filter ] --END-- [ RunTime:0.011655s ]
INFO: Run Behavior\ParseTemplateBehavior [ RunTime:0.115397s ]
INFO: [ view_parse ] --END-- [ RunTime:0.115968s ]
INFO: [ view_filter ] --START--
INFO: Run Behavior\WriteHtmlCacheBehavior [ RunTime:0.010778s ]
INFO: [ view_filter ] --END-- [ RunTime:0.011311s ]

[ 2016-10-12T14:19:52+08:00 ] ::1 /LibraryWeb-master/index.php/Login/login.html
INFO: [ app_init ] --START--
INFO: Run Behavior\BuildLiteBehavior [ RunTime:0.000110s ]
INFO: [ app_init ] --END-- [ RunTime:0.001712s ]
INFO: [ app_begin ] --START--
INFO: Run Behavior\ReadHtmlCacheBehavior [ RunTime:0.001861s ]
INFO: [ app_begin ] --END-- [ RunTime:0.004229s ]
INFO: [ view_parse ] --START--
INFO: [ template_filter ] --START--
INFO: Run Behavior\ContentReplaceBehavior [ RunTime:0.000362s ]
INFO: [ template_filter ] --END-- [ RunTime:0.001035s ]
NOTIC: [8] Use of undefined constant verify - assumed 'verify' D:\php_code\LibraryWeb-master\Application\Runtime\Cache\Admin\0dfec61edd66f450033aa87c28a760f4.php 第 54 行.
INFO: Run Behavior\ParseTemplateBehavior [ RunTime:0.043319s ]
INFO: [ view_parse ] --END-- [ RunTime:0.043864s ]
INFO: [ view_filter ] --START--
INFO: Run Behavior\WriteHtmlCacheBehavior [ RunTime:0.001323s ]
INFO: [ view_filter ] --END-- [ RunTime:0.001864s ]
INFO: [ app_end ] --START--
INFO: Run Behavior\ShowPageTraceBehavior [ RunTime:0.019674s ]
INFO: [ app_end ] --END-- [ RunTime:0.020222s ]

[ 2016-10-12T14:19:52+08:00 ] ::1 /LibraryWeb-master/index.php/Login/verify.html
INFO: [ app_init ] --START--
INFO: Run Behavior\BuildLiteBehavior [ RunTime:0.000117s ]
INFO: [ app_init ] --END-- [ RunTime:0.002480s ]
INFO: [ app_begin ] --START--
INFO: Run Behavior\ReadHtmlCacheBehavior [ RunTime:0.001924s ]
INFO: [ app_begin ] --END-- [ RunTime:0.002491s ]
INFO: [ app_end ] --START--
INFO: Run Behavior\ShowPageTraceBehavior [ RunTime:0.001883s ]
INFO: [ app_end ] --END-- [ RunTime:0.002465s ]

[ 2016-10-12T14:20:21+08:00 ] ::1 /LibraryWeb-master/index.php/Login/login.html
INFO: [ app_init ] --START--
INFO: Run Behavior\BuildLiteBehavior [ RunTime:0.000110s ]
INFO: [ app_init ] --END-- [ RunTime:0.001749s ]
INFO: [ app_begin ] --START--
INFO: Run Behavior\ReadHtmlCacheBehavior [ RunTime:0.001695s ]
INFO: [ app_begin ] --END-- [ RunTime:0.002288s ]
SQL: SHOW COLUMNS FROM `bs_administrator` [ RunTime:0.1699s ]
NOTIC: [8] Undefined index: validate D:\php_code\LibraryWeb-master\ThinkPHP\Library\Think\Model.class.php 第 1185 行.
NOTIC: [8] Undefined index: auto D:\php_code\LibraryWeb-master\ThinkPHP\Library\Think\Model.class.php 第 1128 行.
SQL: SELECT `workID`,`admin_name`,`password`,`last_date`,`last_ip` FROM `bs_administrator` WHERE `admin_name` = 'admin' LIMIT 1   [ RunTime:0.0505s ]
SQL: SHOW COLUMNS FROM `bs_administrator` [ RunTime:0.0130s ]
SQL: UPDATE `bs_administrator` SET `login_num`=login_num+1 WHERE `admin_name` = 'admin' AND `workID` = 1 [ RunTime:0.0252s ]
SQL: UPDATE `bs_administrator` SET `admin_name`='admin',`password`='21232f297a57a5a743894a0e4a801fc3',`last_date`='1476253221',`last_ip`='0.0.0.0' WHERE `admin_name` = 'admin' AND `workID` = 1 [ RunTime:0.0026s ]
INFO: [ view_parse ] --START--
INFO: [ template_filter ] --START--
INFO: Run Behavior\ContentReplaceBehavior [ RunTime:0.000360s ]
INFO: [ template_filter ] --END-- [ RunTime:0.000906s ]
INFO: Run Behavior\ParseTemplateBehavior [ RunTime:0.021462s ]
INFO: [ view_parse ] --END-- [ RunTime:0.022101s ]
INFO: [ view_filter ] --START--
INFO: Run Behavior\WriteHtmlCacheBehavior [ RunTime:0.001180s ]
INFO: [ view_filter ] --END-- [ RunTime:0.001710s ]
INFO: [ app_end ] --START--
INFO: Run Behavior\ShowPageTraceBehavior [ RunTime:0.001638s ]
INFO: [ app_end ] --END-- [ RunTime:0.002161s ]

[ 2016-10-12T14:20:22+08:00 ] ::1 /LibraryWeb-master/index.php/Index/index.html
INFO: [ app_init ] --START--
INFO: Run Behavior\BuildLiteBehavior [ RunTime:0.000106s ]
INFO: [ app_init ] --END-- [ RunTime:0.001638s ]
INFO: [ app_begin ] --START--
INFO: Run Behavior\ReadHtmlCacheBehavior [ RunTime:0.001627s ]
INFO: [ app_begin ] --END-- [ RunTime:0.002177s ]
SQL: SHOW COLUMNS FROM `bs_book` [ RunTime:0.0491s ]
SQL: SELECT COUNT(*) AS tp_count FROM `bs_book` LIMIT 1   [ RunTime:0.0531s ]
SQL: SELECT `book_ID`,`book_name`,`slf_name`,`author`,`pub_house`,`search_time`,`is_onslf` FROM `bs_book` WHERE `book_name` LIKE '%%' ORDER BY book_ID desc LIMIT 0,10   [ RunTime:0.0009s ]
INFO: [ view_parse ] --START--
INFO: [ template_filter ] --START--
INFO: Run Behavior\ContentReplaceBehavior [ RunTime:0.000460s ]
INFO: [ template_filter ] --END-- [ RunTime:0.000992s ]
INFO: Run Behavior\ParseTemplateBehavior [ RunTime:0.113895s ]
INFO: [ view_parse ] --END-- [ RunTime:0.114449s ]
INFO: [ view_filter ] --START--
INFO: Run Behavior\WriteHtmlCacheBehavior [ RunTime:0.001382s ]
INFO: [ view_filter ] --END-- [ RunTime:0.001953s ]
INFO: [ app_end ] --START--
INFO: Run Behavior\ShowPageTraceBehavior [ RunTime:0.014289s ]
INFO: [ app_end ] --END-- [ RunTime:0.015232s ]

[ 2016-10-12T14:20:38+08:00 ] ::1 /LibraryWeb-master/index.php/Index/add.html
INFO: [ app_init ] --START--
INFO: Run Behavior\BuildLiteBehavior [ RunTime:0.000107s ]
INFO: [ app_init ] --END-- [ RunTime:0.001603s ]
INFO: [ app_begin ] --START--
INFO: Run Behavior\ReadHtmlCacheBehavior [ RunTime:0.001586s ]
INFO: [ app_begin ] --END-- [ RunTime:0.002131s ]
INFO: [ view_parse ] --START--
INFO: [ template_filter ] --START--
INFO: Run Behavior\ContentReplaceBehavior [ RunTime:0.000414s ]
INFO: [ template_filter ] --END-- [ RunTime:0.000997s ]
INFO: Run Behavior\ParseTemplateBehavior [ RunTime:0.587733s ]
INFO: [ view_parse ] --END-- [ RunTime:0.588289s ]
INFO: [ view_filter ] --START--
INFO: Run Behavior\WriteHtmlCacheBehavior [ RunTime:0.001320s ]
INFO: [ view_filter ] --END-- [ RunTime:0.001887s ]
INFO: [ app_end ] --START--
INFO: Run Behavior\ShowPageTraceBehavior [ RunTime:0.013305s ]
INFO: [ app_end ] --END-- [ RunTime:0.013956s ]

[ 2016-10-12T14:21:56+08:00 ] ::1 /LibraryWeb-master/index.php/Index/add.html
INFO: [ app_init ] --START--
INFO: Run Behavior\BuildLiteBehavior [ RunTime:0.000112s ]
INFO: [ app_init ] --END-- [ RunTime:0.001932s ]
INFO: [ app_begin ] --START--
INFO: Run Behavior\ReadHtmlCacheBehavior [ RunTime:0.001950s ]
INFO: [ app_begin ] --END-- [ RunTime:0.002542s ]
SQL: SHOW COLUMNS FROM `bs_book` [ RunTime:0.0140s ]
NOTIC: [8] Undefined index: validate D:\php_code\LibraryWeb-master\ThinkPHP\Library\Think\Model.class.php 第 1185 行.
NOTIC: [8] Undefined index: auto D:\php_code\LibraryWeb-master\ThinkPHP\Library\Think\Model.class.php 第 1128 行.
SQL: INSERT INTO `bs_book` (`book_name`,`author`,`pub_house`,`slf_name`,`is_onslf`) VALUES ('数据结构','雍俊海','清华大学出版社','F2115','1') [ RunTime:0.3284s ]
INFO: [ view_parse ] --START--
INFO: [ template_filter ] --START--
INFO: Run Behavior\ContentReplaceBehavior [ RunTime:0.000275s ]
INFO: [ template_filter ] --END-- [ RunTime:0.000829s ]
INFO: Run Behavior\ParseTemplateBehavior [ RunTime:0.022477s ]
INFO: [ view_parse ] --END-- [ RunTime:0.023029s ]
INFO: [ view_filter ] --START--
INFO: Run Behavior\WriteHtmlCacheBehavior [ RunTime:0.001754s ]
INFO: [ view_filter ] --END-- [ RunTime:0.002313s ]
INFO: [ app_end ] --START--
INFO: Run Behavior\ShowPageTraceBehavior [ RunTime:0.002066s ]
INFO: [ app_end ] --END-- [ RunTime:0.002616s ]

[ 2016-10-12T14:21:58+08:00 ] ::1 /LibraryWeb-master/index.php/Index/index.html
INFO: [ app_init ] --START--
INFO: Run Behavior\BuildLiteBehavior [ RunTime:0.000124s ]
INFO: [ app_init ] --END-- [ RunTime:0.001651s ]
INFO: [ app_begin ] --START--
INFO: Run Behavior\ReadHtmlCacheBehavior [ RunTime:0.001633s ]
INFO: [ app_begin ] --END-- [ RunTime:0.002179s ]
SQL: SHOW COLUMNS FROM `bs_book` [ RunTime:0.0287s ]
SQL: SELECT COUNT(*) AS tp_count FROM `bs_book` LIMIT 1   [ RunTime:0.0008s ]
SQL: SELECT `book_ID`,`book_name`,`slf_name`,`author`,`pub_house`,`search_time`,`is_onslf` FROM `bs_book` ORDER BY book_ID desc LIMIT 0,10   [ RunTime:0.0009s ]
INFO: [ view_parse ] --START--
INFO: [ template_filter ] --START--
INFO: Run Behavior\ContentReplaceBehavior [ RunTime:0.000477s ]
INFO: [ template_filter ] --END-- [ RunTime:0.001046s ]
INFO: Run Behavior\ParseTemplateBehavior [ RunTime:0.047517s ]
INFO: [ view_parse ] --END-- [ RunTime:0.048075s ]
INFO: [ view_filter ] --START--
INFO: Run Behavior\WriteHtmlCacheBehavior [ RunTime:0.001944s ]
INFO: [ view_filter ] --END-- [ RunTime:0.002505s ]
INFO: [ app_end ] --START--
INFO: Run Behavior\ShowPageTraceBehavior [ RunTime:0.012345s ]
INFO: [ app_end ] --END-- [ RunTime:0.013350s ]

[ 2016-10-12T14:22:06+08:00 ] ::1 /LibraryWeb-master/index.php/Index/add.html
INFO: [ app_init ] --START--
INFO: Run Behavior\BuildLiteBehavior [ RunTime:0.000120s ]
INFO: [ app_init ] --END-- [ RunTime:0.001958s ]
INFO: [ app_begin ] --START--
INFO: Run Behavior\ReadHtmlCacheBehavior [ RunTime:0.001620s ]
INFO: [ app_begin ] --END-- [ RunTime:0.002162s ]
INFO: [ view_parse ] --START--
INFO: [ template_filter ] --START--
INFO: Run Behavior\ContentReplaceBehavior [ RunTime:0.000392s ]
INFO: [ template_filter ] --END-- [ RunTime:0.000929s ]
INFO: Run Behavior\ParseTemplateBehavior [ RunTime:0.033399s ]
INFO: [ view_parse ] --END-- [ RunTime:0.033968s ]
INFO: [ view_filter ] --START--
INFO: Run Behavior\WriteHtmlCacheBehavior [ RunTime:0.001311s ]
INFO: [ view_filter ] --END-- [ RunTime:0.001843s ]
INFO: [ app_end ] --START--
INFO: Run Behavior\ShowPageTraceBehavior [ RunTime:0.002376s ]
INFO: [ app_end ] --END-- [ RunTime:0.007982s ]

[ 2016-10-12T14:22:32+08:00 ] ::1 /LibraryWeb-master/index.php/Index/add.html
INFO: [ app_init ] --START--
INFO: Run Behavior\BuildLiteBehavior [ RunTime:0.000110s ]
INFO: [ app_init ] --END-- [ RunTime:0.001785s ]
INFO: [ app_begin ] --START--
INFO: Run Behavior\ReadHtmlCacheBehavior [ RunTime:0.002482s ]
INFO: [ app_begin ] --END-- [ RunTime:0.003055s ]
SQL: SHOW COLUMNS FROM `bs_book` [ RunTime:0.0106s ]
NOTIC: [8] Undefined index: validate D:\php_code\LibraryWeb-master\ThinkPHP\Library\Think\Model.class.php 第 1185 行.
NOTIC: [8] Undefined index: auto D:\php_code\LibraryWeb-master\ThinkPHP\Library\Think\Model.class.php 第 1128 行.
SQL: INSERT INTO `bs_book` (`book_name`,`author`,`pub_house`,`slf_name`,`is_onslf`) VALUES ('dhs','a','a','ry48','8') [ RunTime:0.0322s ]
INFO: [ view_parse ] --START--
INFO: [ template_filter ] --START--
INFO: Run Behavior\ContentReplaceBehavior [ RunTime:0.000270s ]
INFO: [ template_filter ] --END-- [ RunTime:0.000824s ]
INFO: Run Behavior\ParseTemplateBehavior [ RunTime:0.021926s ]
INFO: [ view_parse ] --END-- [ RunTime:0.022481s ]
INFO: [ view_filter ] --START--
INFO: Run Behavior\WriteHtmlCacheBehavior [ RunTime:0.001291s ]
INFO: [ view_filter ] --END-- [ RunTime:0.001881s ]
INFO: [ app_end ] --START--
INFO: Run Behavior\ShowPageTraceBehavior [ RunTime:0.002162s ]
INFO: [ app_end ] --END-- [ RunTime:0.002733s ]

[ 2016-10-12T14:22:35+08:00 ] ::1 /LibraryWeb-master/index.php/Index/index.html
INFO: [ app_init ] --START--
INFO: Run Behavior\BuildLiteBehavior [ RunTime:0.000106s ]
INFO: [ app_init ] --END-- [ RunTime:0.001566s ]
INFO: [ app_begin ] --START--
INFO: Run Behavior\ReadHtmlCacheBehavior [ RunTime:0.001701s ]
INFO: [ app_begin ] --END-- [ RunTime:0.002250s ]
SQL: SHOW COLUMNS FROM `bs_book` [ RunTime:0.0100s ]
SQL: SELECT COUNT(*) AS tp_count FROM `bs_book` LIMIT 1   [ RunTime:0.0013s ]
SQL: SELECT `book_ID`,`book_name`,`slf_name`,`author`,`pub_house`,`search_time`,`is_onslf` FROM `bs_book` ORDER BY book_ID desc LIMIT 0,10   [ RunTime:0.0010s ]
INFO: [ view_parse ] --START--
INFO: [ template_filter ] --START--
INFO: Run Behavior\ContentReplaceBehavior [ RunTime:0.000470s ]
INFO: [ template_filter ] --END-- [ RunTime:0.001002s ]
INFO: Run Behavior\ParseTemplateBehavior [ RunTime:0.045406s ]
INFO: [ view_parse ] --END-- [ RunTime:0.045961s ]
INFO: [ view_filter ] --START--
INFO: Run Behavior\WriteHtmlCacheBehavior [ RunTime:0.001319s ]
INFO: [ view_filter ] --END-- [ RunTime:0.001877s ]
INFO: [ app_end ] --START--
INFO: Run Behavior\ShowPageTraceBehavior [ RunTime:0.002267s ]
INFO: [ app_end ] --END-- [ RunTime:0.002837s ]

[ 2016-10-12T15:18:20+08:00 ] ::1 /LibraryWeb-master/
INFO: [ app_init ] --START--
INFO: Run Behavior\BuildLiteBehavior [ RunTime:0.000110s ]
INFO: [ app_init ] --END-- [ RunTime:0.002412s ]
INFO: [ app_begin ] --START--
INFO: Run Behavior\ReadHtmlCacheBehavior [ RunTime:0.002536s ]
INFO: [ app_begin ] --END-- [ RunTime:0.003085s ]
SQL: SHOW COLUMNS FROM `bs_book` [ RunTime:0.0335s ]
SQL: SELECT COUNT(*) AS tp_count FROM `bs_book` LIMIT 1   [ RunTime:0.0016s ]
SQL: SELECT `book_ID`,`book_name`,`slf_name`,`author`,`pub_house`,`search_time`,`is_onslf` FROM `bs_book` ORDER BY book_ID desc LIMIT 0,10   [ RunTime:0.0009s ]
INFO: [ view_parse ] --START--
INFO: [ template_filter ] --START--
INFO: Run Behavior\ContentReplaceBehavior [ RunTime:0.000484s ]
INFO: [ template_filter ] --END-- [ RunTime:0.001027s ]
INFO: Run Behavior\ParseTemplateBehavior [ RunTime:0.093355s ]
INFO: [ view_parse ] --END-- [ RunTime:0.093914s ]
INFO: [ view_filter ] --START--
INFO: Run Behavior\WriteHtmlCacheBehavior [ RunTime:0.007966s ]
INFO: [ view_filter ] --END-- [ RunTime:0.008501s ]
INFO: [ app_end ] --START--
INFO: Run Behavior\ShowPageTraceBehavior [ RunTime:0.020362s ]
INFO: [ app_end ] --END-- [ RunTime:0.021605s ]

[ 2016-10-12T16:46:48+08:00 ] ::1 /LibraryWeb-master/
INFO: [ app_init ] --START--
INFO: Run Behavior\BuildLiteBehavior [ RunTime:0.000108s ]
INFO: [ app_init ] --END-- [ RunTime:0.002250s ]
INFO: [ app_begin ] --START--
INFO: Run Behavior\ReadHtmlCacheBehavior [ RunTime:0.002851s ]
INFO: [ app_begin ] --END-- [ RunTime:0.004062s ]
SQL: SHOW COLUMNS FROM `bs_book` [ RunTime:0.1054s ]
SQL: SELECT COUNT(*) AS tp_count FROM `bs_book` LIMIT 1   [ RunTime:0.0572s ]
SQL: SELECT `book_ID`,`book_name`,`slf_name`,`author`,`pub_house`,`search_time`,`is_onslf` FROM `bs_book` ORDER BY book_ID desc LIMIT 0,10   [ RunTime:0.0009s ]
INFO: [ view_parse ] --START--
INFO: [ template_filter ] --START--
INFO: Run Behavior\ContentReplaceBehavior [ RunTime:0.000531s ]
INFO: [ template_filter ] --END-- [ RunTime:0.001427s ]
INFO: Run Behavior\ParseTemplateBehavior [ RunTime:0.093849s ]
INFO: [ view_parse ] --END-- [ RunTime:0.094408s ]
INFO: [ view_filter ] --START--
INFO: Run Behavior\WriteHtmlCacheBehavior [ RunTime:0.014339s ]
INFO: [ view_filter ] --END-- [ RunTime:0.014904s ]
INFO: [ app_end ] --START--
INFO: Run Behavior\ShowPageTraceBehavior [ RunTime:0.007399s ]
INFO: [ app_end ] --END-- [ RunTime:0.008382s ]

[ 2016-10-12T16:46:55+08:00 ] ::1 /LibraryWeb-master/index.php/index/information.html
INFO: [ app_init ] --START--
INFO: Run Behavior\BuildLiteBehavior [ RunTime:0.000105s ]
INFO: [ app_init ] --END-- [ RunTime:0.001694s ]
INFO: [ app_begin ] --START--
INFO: Run Behavior\ReadHtmlCacheBehavior [ RunTime:0.002518s ]
INFO: [ app_begin ] --END-- [ RunTime:0.003093s ]
SQL: SHOW COLUMNS FROM `bs_administrator` [ RunTime:0.0672s ]
SQL: SELECT `workID`,`admin_name`,`email`,`telephone`,`last_date`,`last_ip`,`login_num`,`regdate` FROM `bs_administrator` WHERE `workID` = 1 LIMIT 1   [ RunTime:0.0397s ]
INFO: [ view_parse ] --START--
INFO: [ template_filter ] --START--
INFO: Run Behavior\ContentReplaceBehavior [ RunTime:0.000304s ]
INFO: [ template_filter ] --END-- [ RunTime:0.000830s ]
INFO: Run Behavior\ParseTemplateBehavior [ RunTime:0.059309s ]
INFO: [ view_parse ] --END-- [ RunTime:0.059867s ]
INFO: [ view_filter ] --START--
INFO: Run Behavior\WriteHtmlCacheBehavior [ RunTime:0.001822s ]
INFO: [ view_filter ] --END-- [ RunTime:0.002334s ]
INFO: [ app_end ] --START--
INFO: Run Behavior\ShowPageTraceBehavior [ RunTime:0.002108s ]
INFO: [ app_end ] --END-- [ RunTime:0.002622s ]

[ 2016-10-12T16:47:07+08:00 ] ::1 /LibraryWeb-master/index.php/index/information.html
INFO: [ app_init ] --START--
INFO: Run Behavior\BuildLiteBehavior [ RunTime:0.000111s ]
INFO: [ app_init ] --END-- [ RunTime:0.002168s ]
INFO: [ app_begin ] --START--
INFO: Run Behavior\ReadHtmlCacheBehavior [ RunTime:0.003399s ]
INFO: [ app_begin ] --END-- [ RunTime:0.005199s ]
SQL: SHOW COLUMNS FROM `bs_administrator` [ RunTime:0.0144s ]
SQL: SELECT `workID`,`admin_name`,`email`,`telephone`,`last_date`,`last_ip`,`login_num`,`regdate` FROM `bs_administrator` WHERE `workID` = 1 LIMIT 1   [ RunTime:0.0008s ]
INFO: [ view_parse ] --START--
INFO: [ template_filter ] --START--
INFO: Run Behavior\ContentReplaceBehavior [ RunTime:0.000331s ]
INFO: [ template_filter ] --END-- [ RunTime:0.000859s ]
INFO: Run Behavior\ParseTemplateBehavior [ RunTime:0.036212s ]
INFO: [ view_parse ] --END-- [ RunTime:0.036822s ]
INFO: [ view_filter ] --START--
INFO: Run Behavior\WriteHtmlCacheBehavior [ RunTime:0.002534s ]
INFO: [ view_filter ] --END-- [ RunTime:0.003175s ]
INFO: [ app_end ] --START--
INFO: Run Behavior\ShowPageTraceBehavior [ RunTime:0.002133s ]
INFO: [ app_end ] --END-- [ RunTime:0.002649s ]

[ 2016-10-12T16:47:11+08:00 ] ::1 /LibraryWeb-master/index.php/Index/register.html
INFO: [ app_init ] --START--
INFO: Run Behavior\BuildLiteBehavior [ RunTime:0.000110s ]
INFO: [ app_init ] --END-- [ RunTime:0.001859s ]
INFO: [ app_begin ] --START--
INFO: Run Behavior\ReadHtmlCacheBehavior [ RunTime:0.002516s ]
INFO: [ app_begin ] --END-- [ RunTime:0.003100s ]
INFO: [ view_parse ] --START--
INFO: [ template_filter ] --START--
INFO: Run Behavior\ContentReplaceBehavior [ RunTime:0.000361s ]
INFO: [ template_filter ] --END-- [ RunTime:0.000915s ]
NOTIC: [8] Use of undefined constant verify - assumed 'verify' D:\php_code\LibraryWeb-master\Application\Runtime\Cache\Admin\52be8035eaf2b2a29247a44bcbae6036.php 第 109 行.
INFO: Run Behavior\ParseTemplateBehavior [ RunTime:0.058780s ]
INFO: [ view_parse ] --END-- [ RunTime:0.059334s ]
INFO: [ view_filter ] --START--
INFO: Run Behavior\WriteHtmlCacheBehavior [ RunTime:0.001952s ]
INFO: [ view_filter ] --END-- [ RunTime:0.002494s ]
INFO: [ app_end ] --START--
INFO: Run Behavior\ShowPageTraceBehavior [ RunTime:0.006853s ]
INFO: [ app_end ] --END-- [ RunTime:0.007402s ]

[ 2016-10-12T16:47:12+08:00 ] ::1 /LibraryWeb-master/index.php/Index/verify.html
INFO: [ app_init ] --START--
INFO: Run Behavior\BuildLiteBehavior [ RunTime:0.000109s ]
INFO: [ app_init ] --END-- [ RunTime:0.001805s ]
INFO: [ app_begin ] --START--
INFO: Run Behavior\ReadHtmlCacheBehavior [ RunTime:0.002382s ]
INFO: [ app_begin ] --END-- [ RunTime:0.002945s ]
INFO: [ app_end ] --START--
INFO: Run Behavior\ShowPageTraceBehavior [ RunTime:0.002524s ]
INFO: [ app_end ] --END-- [ RunTime:0.003116s ]

[ 2016-10-12T16:47:51+08:00 ] ::1 /LibraryWeb-master/index.php/Index/register.html
INFO: [ app_init ] --START--
INFO: Run Behavior\BuildLiteBehavior [ RunTime:0.000111s ]
INFO: [ app_init ] --END-- [ RunTime:0.001746s ]
INFO: [ app_begin ] --START--
INFO: Run Behavior\ReadHtmlCacheBehavior [ RunTime:0.002184s ]
INFO: [ app_begin ] --END-- [ RunTime:0.002788s ]
SQL: SHOW COLUMNS FROM `bs_administrator` [ RunTime:0.0117s ]
NOTIC: [8] Undefined index: validate D:\php_code\LibraryWeb-master\ThinkPHP\Library\Think\Model.class.php 第 1185 行.
SQL: SELECT * FROM `bs_administrator` WHERE `admin_name` = 'crazybreeze' LIMIT 1   [ RunTime:0.3020s ]
SQL: SELECT * FROM `bs_administrator` WHERE `email` = '773326002@qq.com' LIMIT 1   [ RunTime:0.0007s ]
SQL: SELECT * FROM `bs_administrator` WHERE `telephone` = '15521229762' LIMIT 1   [ RunTime:0.0006s ]
NOTIC: [8] Undefined index: auto D:\php_code\LibraryWeb-master\ThinkPHP\Library\Think\Model.class.php 第 1128 行.
SQL: INSERT INTO `bs_administrator` (`admin_name`,`password`,`email`,`telephone`,`regdate`) VALUES ('crazybreeze','e99a18c428cb38d5f260853678922e03','773326002@qq.com','15521229762','1476262071') [ RunTime:0.0761s ]
INFO: [ view_parse ] --START--
INFO: [ template_filter ] --START--
INFO: Run Behavior\ContentReplaceBehavior [ RunTime:0.000272s ]
INFO: [ template_filter ] --END-- [ RunTime:0.000816s ]
INFO: Run Behavior\ParseTemplateBehavior [ RunTime:0.041026s ]
INFO: [ view_parse ] --END-- [ RunTime:0.041579s ]
INFO: [ view_filter ] --START--
INFO: Run Behavior\WriteHtmlCacheBehavior [ RunTime:0.001595s ]
INFO: [ view_filter ] --END-- [ RunTime:0.002106s ]
INFO: [ app_end ] --START--
INFO: Run Behavior\ShowPageTraceBehavior [ RunTime:0.002243s ]
INFO: [ app_end ] --END-- [ RunTime:0.002784s ]

[ 2016-10-12T16:47:53+08:00 ] ::1 /LibraryWeb-master/index.php/Index/index.html
INFO: [ app_init ] --START--
INFO: Run Behavior\BuildLiteBehavior [ RunTime:0.000107s ]
INFO: [ app_init ] --END-- [ RunTime:0.001711s ]
INFO: [ app_begin ] --START--
INFO: Run Behavior\ReadHtmlCacheBehavior [ RunTime:0.002246s ]
INFO: [ app_begin ] --END-- [ RunTime:0.002800s ]
SQL: SHOW COLUMNS FROM `bs_book` [ RunTime:0.0125s ]
SQL: SELECT COUNT(*) AS tp_count FROM `bs_book` LIMIT 1   [ RunTime:0.0006s ]
SQL: SELECT `book_ID`,`book_name`,`slf_name`,`author`,`pub_house`,`search_time`,`is_onslf` FROM `bs_book` ORDER BY book_ID desc LIMIT 0,10   [ RunTime:0.0008s ]
INFO: [ view_parse ] --START--
INFO: [ template_filter ] --START--
INFO: Run Behavior\ContentReplaceBehavior [ RunTime:0.000481s ]
INFO: [ template_filter ] --END-- [ RunTime:0.001005s ]
INFO: Run Behavior\ParseTemplateBehavior [ RunTime:0.048493s ]
INFO: [ view_parse ] --END-- [ RunTime:0.049029s ]
INFO: [ view_filter ] --START--
INFO: Run Behavior\WriteHtmlCacheBehavior [ RunTime:0.001615s ]
INFO: [ view_filter ] --END-- [ RunTime:0.002127s ]
INFO: [ app_end ] --START--
INFO: Run Behavior\ShowPageTraceBehavior [ RunTime:0.002431s ]
INFO: [ app_end ] --END-- [ RunTime:0.012307s ]

[ 2016-10-12T16:47:59+08:00 ] ::1 /LibraryWeb-master/index.php/index/information.html
INFO: [ app_init ] --START--
INFO: Run Behavior\BuildLiteBehavior [ RunTime:0.000161s ]
INFO: [ app_init ] --END-- [ RunTime:0.001946s ]
INFO: [ app_begin ] --START--
INFO: Run Behavior\ReadHtmlCacheBehavior [ RunTime:0.002072s ]
INFO: [ app_begin ] --END-- [ RunTime:0.002613s ]
SQL: SHOW COLUMNS FROM `bs_administrator` [ RunTime:0.0622s ]
SQL: SELECT `workID`,`admin_name`,`email`,`telephone`,`last_date`,`last_ip`,`login_num`,`regdate` FROM `bs_administrator` WHERE `workID` = 1 LIMIT 1   [ RunTime:0.0017s ]
INFO: [ view_parse ] --START--
INFO: [ template_filter ] --START--
INFO: Run Behavior\ContentReplaceBehavior [ RunTime:0.000376s ]
INFO: [ template_filter ] --END-- [ RunTime:0.000906s ]
INFO: Run Behavior\ParseTemplateBehavior [ RunTime:0.036024s ]
INFO: [ view_parse ] --END-- [ RunTime:0.036572s ]
INFO: [ view_filter ] --START--
INFO: Run Behavior\WriteHtmlCacheBehavior [ RunTime:0.001741s ]
INFO: [ view_filter ] --END-- [ RunTime:0.002251s ]
INFO: [ app_end ] --START--
INFO: Run Behavior\ShowPageTraceBehavior [ RunTime:0.002288s ]
INFO: [ app_end ] --END-- [ RunTime:0.002821s ]

[ 2016-10-12T16:48:08+08:00 ] ::1 /LibraryWeb-master/index.php/index/information.html
INFO: [ app_init ] --START--
INFO: Run Behavior\BuildLiteBehavior [ RunTime:0.000110s ]
INFO: [ app_init ] --END-- [ RunTime:0.002739s ]
INFO: [ app_begin ] --START--
INFO: Run Behavior\ReadHtmlCacheBehavior [ RunTime:0.002078s ]
INFO: [ app_begin ] --END-- [ RunTime:0.002621s ]
SQL: SHOW COLUMNS FROM `bs_administrator` [ RunTime:0.0116s ]
SQL: SELECT `workID`,`admin_name`,`email`,`telephone`,`last_date`,`last_ip`,`login_num`,`regdate` FROM `bs_administrator` WHERE `workID` = 1 LIMIT 1   [ RunTime:0.0010s ]
INFO: [ view_parse ] --START--
INFO: [ template_filter ] --START--
INFO: Run Behavior\ContentReplaceBehavior [ RunTime:0.000304s ]
INFO: [ template_filter ] --END-- [ RunTime:0.000831s ]
INFO: Run Behavior\ParseTemplateBehavior [ RunTime:0.036251s ]
INFO: [ view_parse ] --END-- [ RunTime:0.036803s ]
INFO: [ view_filter ] --START--
INFO: Run Behavior\WriteHtmlCacheBehavior [ RunTime:0.001724s ]
INFO: [ view_filter ] --END-- [ RunTime:0.002236s ]
INFO: [ app_end ] --START--
INFO: Run Behavior\ShowPageTraceBehavior [ RunTime:0.002103s ]
INFO: [ app_end ] --END-- [ RunTime:0.002616s ]

[ 2016-10-12T16:48:17+08:00 ] ::1 /LibraryWeb-master/index.php/Login/logout.html
INFO: [ app_init ] --START--
INFO: Run Behavior\BuildLiteBehavior [ RunTime:0.000106s ]
INFO: [ app_init ] --END-- [ RunTime:0.001704s ]
INFO: [ app_begin ] --START--
INFO: Run Behavior\ReadHtmlCacheBehavior [ RunTime:0.001938s ]
INFO: [ app_begin ] --END-- [ RunTime:0.002488s ]

[ 2016-10-12T16:48:19+08:00 ] ::1 /LibraryWeb-master/index.php/Login/login.html
INFO: [ app_init ] --START--
INFO: Run Behavior\BuildLiteBehavior [ RunTime:0.000159s ]
INFO: [ app_init ] --END-- [ RunTime:0.001659s ]
INFO: [ app_begin ] --START--
INFO: Run Behavior\ReadHtmlCacheBehavior [ RunTime:0.001726s ]
INFO: [ app_begin ] --END-- [ RunTime:0.002284s ]
INFO: [ view_parse ] --START--
INFO: [ template_filter ] --START--
INFO: Run Behavior\ContentReplaceBehavior [ RunTime:0.000281s ]
INFO: [ template_filter ] --END-- [ RunTime:0.000814s ]
NOTIC: [8] Use of undefined constant verify - assumed 'verify' D:\php_code\LibraryWeb-master\Application\Runtime\Cache\Admin\0dfec61edd66f450033aa87c28a760f4.php 第 54 行.
INFO: Run Behavior\ParseTemplateBehavior [ RunTime:0.024762s ]
INFO: [ view_parse ] --END-- [ RunTime:0.025393s ]
INFO: [ view_filter ] --START--
INFO: Run Behavior\WriteHtmlCacheBehavior [ RunTime:0.001548s ]
INFO: [ view_filter ] --END-- [ RunTime:0.002076s ]
INFO: [ app_end ] --START--
INFO: Run Behavior\ShowPageTraceBehavior [ RunTime:0.001833s ]
INFO: [ app_end ] --END-- [ RunTime:0.002355s ]

[ 2016-10-12T16:48:20+08:00 ] ::1 /LibraryWeb-master/index.php/Login/verify.html
INFO: [ app_init ] --START--
INFO: Run Behavior\BuildLiteBehavior [ RunTime:0.000108s ]
INFO: [ app_init ] --END-- [ RunTime:0.001563s ]
INFO: [ app_begin ] --START--
INFO: Run Behavior\ReadHtmlCacheBehavior [ RunTime:0.001659s ]
INFO: [ app_begin ] --END-- [ RunTime:0.002203s ]
INFO: [ app_end ] --START--
INFO: Run Behavior\ShowPageTraceBehavior [ RunTime:0.001805s ]
INFO: [ app_end ] --END-- [ RunTime:0.002367s ]

[ 2016-10-12T16:48:35+08:00 ] ::1 /LibraryWeb-master/index.php/Login/login.html
INFO: [ app_init ] --START--
INFO: Run Behavior\BuildLiteBehavior [ RunTime:0.000112s ]
INFO: [ app_init ] --END-- [ RunTime:0.002413s ]
INFO: [ app_begin ] --START--
INFO: Run Behavior\ReadHtmlCacheBehavior [ RunTime:0.001715s ]
INFO: [ app_begin ] --END-- [ RunTime:0.002504s ]
SQL: SHOW COLUMNS FROM `bs_administrator` [ RunTime:0.0151s ]
NOTIC: [8] Undefined index: validate D:\php_code\LibraryWeb-master\ThinkPHP\Library\Think\Model.class.php 第 1185 行.
NOTIC: [8] Undefined index: auto D:\php_code\LibraryWeb-master\ThinkPHP\Library\Think\Model.class.php 第 1128 行.
SQL: SELECT `workID`,`admin_name`,`password`,`last_date`,`last_ip` FROM `bs_administrator` WHERE `admin_name` = 'crazybreeze' LIMIT 1   [ RunTime:0.0042s ]
SQL: SHOW COLUMNS FROM `bs_administrator` [ RunTime:0.0165s ]
SQL: UPDATE `bs_administrator` SET `login_num`=login_num+1 WHERE `admin_name` = 'crazybreeze' AND `workID` = 3 [ RunTime:0.0779s ]
SQL: UPDATE `bs_administrator` SET `admin_name`='crazybreeze',`password`='e99a18c428cb38d5f260853678922e03',`last_date`='1476262115',`last_ip`='0.0.0.0' WHERE `admin_name` = 'crazybreeze' AND `workID` = 3 [ RunTime:0.0028s ]
INFO: [ view_parse ] --START--
INFO: [ template_filter ] --START--
INFO: Run Behavior\ContentReplaceBehavior [ RunTime:0.000257s ]
INFO: [ template_filter ] --END-- [ RunTime:0.000788s ]
INFO: Run Behavior\ParseTemplateBehavior [ RunTime:0.022333s ]
INFO: [ view_parse ] --END-- [ RunTime:0.023023s ]
INFO: [ view_filter ] --START--
INFO: Run Behavior\WriteHtmlCacheBehavior [ RunTime:0.001712s ]
INFO: [ view_filter ] --END-- [ RunTime:0.002265s ]
INFO: [ app_end ] --START--
INFO: Run Behavior\ShowPageTraceBehavior [ RunTime:0.001666s ]
INFO: [ app_end ] --END-- [ RunTime:0.002185s ]

[ 2016-10-12T16:48:36+08:00 ] ::1 /LibraryWeb-master/index.php/Index/index.html
INFO: [ app_init ] --START--
INFO: Run Behavior\BuildLiteBehavior [ RunTime:0.000106s ]
INFO: [ app_init ] --END-- [ RunTime:0.001575s ]
INFO: [ app_begin ] --START--
INFO: Run Behavior\ReadHtmlCacheBehavior [ RunTime:0.001776s ]
INFO: [ app_begin ] --END-- [ RunTime:0.002351s ]
SQL: SHOW COLUMNS FROM `bs_book` [ RunTime:0.0124s ]
SQL: SELECT COUNT(*) AS tp_count FROM `bs_book` LIMIT 1   [ RunTime:0.0006s ]
SQL: SELECT `book_ID`,`book_name`,`slf_name`,`author`,`pub_house`,`search_time`,`is_onslf` FROM `bs_book` WHERE `book_name` LIKE '%%' ORDER BY book_ID desc LIMIT 0,10   [ RunTime:0.0339s ]
INFO: [ view_parse ] --START--
INFO: [ template_filter ] --START--
INFO: Run Behavior\ContentReplaceBehavior [ RunTime:0.000477s ]
INFO: [ template_filter ] --END-- [ RunTime:0.001017s ]
INFO: Run Behavior\ParseTemplateBehavior [ RunTime:0.048192s ]
INFO: [ view_parse ] --END-- [ RunTime:0.048734s ]
INFO: [ view_filter ] --START--
INFO: Run Behavior\WriteHtmlCacheBehavior [ RunTime:0.001154s ]
INFO: [ view_filter ] --END-- [ RunTime:0.001659s ]
INFO: [ app_end ] --START--
INFO: Run Behavior\ShowPageTraceBehavior [ RunTime:0.012611s ]
INFO: [ app_end ] --END-- [ RunTime:0.013428s ]

[ 2016-10-12T16:48:40+08:00 ] ::1 /LibraryWeb-master/index.php/index/information.html
INFO: [ app_init ] --START--
INFO: Run Behavior\BuildLiteBehavior [ RunTime:0.000107s ]
INFO: [ app_init ] --END-- [ RunTime:0.001563s ]
INFO: [ app_begin ] --START--
INFO: Run Behavior\ReadHtmlCacheBehavior [ RunTime:0.001690s ]
INFO: [ app_begin ] --END-- [ RunTime:0.002236s ]
SQL: SHOW COLUMNS FROM `bs_administrator` [ RunTime:0.0130s ]
SQL: SELECT `workID`,`admin_name`,`email`,`telephone`,`last_date`,`last_ip`,`login_num`,`regdate` FROM `bs_administrator` WHERE `workID` = 3 LIMIT 1   [ RunTime:0.0007s ]
INFO: [ view_parse ] --START--
INFO: [ template_filter ] --START--
INFO: Run Behavior\ContentReplaceBehavior [ RunTime:0.000305s ]
INFO: [ template_filter ] --END-- [ RunTime:0.000830s ]
INFO: Run Behavior\ParseTemplateBehavior [ RunTime:0.034068s ]
INFO: [ view_parse ] --END-- [ RunTime:0.034980s ]
INFO: [ view_filter ] --START--
INFO: Run Behavior\WriteHtmlCacheBehavior [ RunTime:0.001232s ]
INFO: [ view_filter ] --END-- [ RunTime:0.001737s ]
INFO: [ app_end ] --START--
INFO: Run Behavior\ShowPageTraceBehavior [ RunTime:0.001596s ]
INFO: [ app_end ] --END-- [ RunTime:0.002107s ]

[ 2016-10-12T16:49:09+08:00 ] ::1 /LibraryWeb-master/index.php/Index/register.html
INFO: [ app_init ] --START--
INFO: Run Behavior\BuildLiteBehavior [ RunTime:0.000106s ]
INFO: [ app_init ] --END-- [ RunTime:0.001561s ]
INFO: [ app_begin ] --START--
INFO: Run Behavior\ReadHtmlCacheBehavior [ RunTime:0.003751s ]
INFO: [ app_begin ] --END-- [ RunTime:0.004323s ]
INFO: [ view_parse ] --START--
INFO: [ template_filter ] --START--
INFO: Run Behavior\ContentReplaceBehavior [ RunTime:0.000959s ]
INFO: [ template_filter ] --END-- [ RunTime:0.001534s ]
NOTIC: [8] Use of undefined constant verify - assumed 'verify' D:\php_code\LibraryWeb-master\Application\Runtime\Cache\Admin\52be8035eaf2b2a29247a44bcbae6036.php 第 109 行.
INFO: Run Behavior\ParseTemplateBehavior [ RunTime:0.035284s ]
INFO: [ view_parse ] --END-- [ RunTime:0.035860s ]
INFO: [ view_filter ] --START--
INFO: Run Behavior\WriteHtmlCacheBehavior [ RunTime:0.001096s ]
INFO: [ view_filter ] --END-- [ RunTime:0.001605s ]
INFO: [ app_end ] --START--
INFO: Run Behavior\ShowPageTraceBehavior [ RunTime:0.003213s ]
INFO: [ app_end ] --END-- [ RunTime:0.003757s ]

[ 2016-10-12T16:49:09+08:00 ] ::1 /LibraryWeb-master/index.php/Index/verify.html
INFO: [ app_init ] --START--
INFO: Run Behavior\BuildLiteBehavior [ RunTime:0.000108s ]
INFO: [ app_init ] --END-- [ RunTime:0.001658s ]
INFO: [ app_begin ] --START--
INFO: Run Behavior\ReadHtmlCacheBehavior [ RunTime:0.001659s ]
INFO: [ app_begin ] --END-- [ RunTime:0.002206s ]
INFO: [ app_end ] --START--
INFO: Run Behavior\ShowPageTraceBehavior [ RunTime:0.001833s ]
INFO: [ app_end ] --END-- [ RunTime:0.003163s ]

[ 2016-10-12T16:51:44+08:00 ] ::1 /LibraryWeb-master/index.php/Index/register.html
INFO: [ app_init ] --START--
INFO: Run Behavior\BuildLiteBehavior [ RunTime:0.000114s ]
INFO: [ app_init ] --END-- [ RunTime:0.002059s ]
INFO: [ app_begin ] --START--
INFO: Run Behavior\ReadHtmlCacheBehavior [ RunTime:0.002081s ]
INFO: [ app_begin ] --END-- [ RunTime:0.002759s ]
SQL: SHOW COLUMNS FROM `bs_administrator` [ RunTime:0.0157s ]
NOTIC: [8] Undefined index: validate D:\php_code\LibraryWeb-master\ThinkPHP\Library\Think\Model.class.php 第 1185 行.
SQL: SELECT * FROM `bs_administrator` WHERE `admin_name` = 'a' LIMIT 1   [ RunTime:0.0008s ]
SQL: SELECT * FROM `bs_administrator` WHERE `email` = 'aaaaaaa@qq.com' LIMIT 1   [ RunTime:0.0006s ]
SQL: SELECT * FROM `bs_administrator` WHERE `telephone` = '15521229762' LIMIT 1   [ RunTime:0.0034s ]
INFO: [ view_parse ] --START--
INFO: [ template_filter ] --START--
INFO: Run Behavior\ContentReplaceBehavior [ RunTime:0.000261s ]
INFO: [ template_filter ] --END-- [ RunTime:0.000796s ]
INFO: Run Behavior\ParseTemplateBehavior [ RunTime:0.023706s ]
INFO: [ view_parse ] --END-- [ RunTime:0.024266s ]
INFO: [ view_filter ] --START--
INFO: Run Behavior\WriteHtmlCacheBehavior [ RunTime:0.001581s ]
INFO: [ view_filter ] --END-- [ RunTime:0.002130s ]

[ 2016-10-12T16:51:47+08:00 ] ::1 /LibraryWeb-master/index.php/index/register.html
INFO: [ app_init ] --START--
INFO: Run Behavior\BuildLiteBehavior [ RunTime:0.000110s ]
INFO: [ app_init ] --END-- [ RunTime:0.002318s ]
INFO: [ app_begin ] --START--
INFO: Run Behavior\ReadHtmlCacheBehavior [ RunTime:0.001562s ]
INFO: [ app_begin ] --END-- [ RunTime:0.002101s ]
INFO: [ view_parse ] --START--
INFO: [ template_filter ] --START--
INFO: Run Behavior\ContentReplaceBehavior [ RunTime:0.000331s ]
INFO: [ template_filter ] --END-- [ RunTime:0.000866s ]
NOTIC: [8] Use of undefined constant verify - assumed 'verify' D:\php_code\LibraryWeb-master\Application\Runtime\Cache\Admin\52be8035eaf2b2a29247a44bcbae6036.php 第 109 行.
INFO: Run Behavior\ParseTemplateBehavior [ RunTime:0.032991s ]
INFO: [ view_parse ] --END-- [ RunTime:0.033544s ]
INFO: [ view_filter ] --START--
INFO: Run Behavior\WriteHtmlCacheBehavior [ RunTime:0.001243s ]
INFO: [ view_filter ] --END-- [ RunTime:0.001750s ]
INFO: [ app_end ] --START--
INFO: Run Behavior\ShowPageTraceBehavior [ RunTime:0.001828s ]
INFO: [ app_end ] --END-- [ RunTime:0.002348s ]

[ 2016-10-12T16:51:47+08:00 ] ::1 /LibraryWeb-master/index.php/Index/verify.html
INFO: [ app_init ] --START--
INFO: Run Behavior\BuildLiteBehavior [ RunTime:0.000110s ]
INFO: [ app_init ] --END-- [ RunTime:0.001640s ]
INFO: [ app_begin ] --START--
INFO: Run Behavior\ReadHtmlCacheBehavior [ RunTime:0.001688s ]
INFO: [ app_begin ] --END-- [ RunTime:0.002249s ]
INFO: [ app_end ] --START--
INFO: Run Behavior\ShowPageTraceBehavior [ RunTime:0.036643s ]
INFO: [ app_end ] --END-- [ RunTime:0.037222s ]

[ 2016-10-12T16:52:22+08:00 ] ::1 /LibraryWeb-master/index.php/index/register.html
INFO: [ app_init ] --START--
INFO: Run Behavior\BuildLiteBehavior [ RunTime:0.000137s ]
INFO: [ app_init ] --END-- [ RunTime:0.003383s ]
INFO: [ app_begin ] --START--
INFO: Run Behavior\ReadHtmlCacheBehavior [ RunTime:0.002535s ]
INFO: [ app_begin ] --END-- [ RunTime:0.003422s ]
SQL: SHOW COLUMNS FROM `bs_administrator` [ RunTime:0.0141s ]
NOTIC: [8] Undefined index: validate D:\php_code\LibraryWeb-master\ThinkPHP\Library\Think\Model.class.php 第 1185 行.
SQL: SELECT * FROM `bs_administrator` WHERE `admin_name` = '1' LIMIT 1   [ RunTime:0.0007s ]
SQL: SELECT * FROM `bs_administrator` WHERE `email` = '1@qq.com' LIMIT 1   [ RunTime:0.0007s ]
SQL: SELECT * FROM `bs_administrator` WHERE `telephone` = '111111111111' LIMIT 1   [ RunTime:0.0019s ]
INFO: [ view_parse ] --START--
INFO: [ template_filter ] --START--
INFO: Run Behavior\ContentReplaceBehavior [ RunTime:0.000269s ]
INFO: [ template_filter ] --END-- [ RunTime:0.000806s ]
INFO: Run Behavior\ParseTemplateBehavior [ RunTime:0.021965s ]
INFO: [ view_parse ] --END-- [ RunTime:0.022725s ]
INFO: [ view_filter ] --START--
INFO: Run Behavior\WriteHtmlCacheBehavior [ RunTime:0.001104s ]
INFO: [ view_filter ] --END-- [ RunTime:0.001635s ]

[ 2016-10-12T16:52:25+08:00 ] ::1 /LibraryWeb-master/index.php/index/register.html
INFO: [ app_init ] --START--
INFO: Run Behavior\BuildLiteBehavior [ RunTime:0.000107s ]
INFO: [ app_init ] --END-- [ RunTime:0.001589s ]
INFO: [ app_begin ] --START--
INFO: Run Behavior\ReadHtmlCacheBehavior [ RunTime:0.001677s ]
INFO: [ app_begin ] --END-- [ RunTime:0.002246s ]
INFO: [ view_parse ] --START--
INFO: [ template_filter ] --START--
INFO: Run Behavior\ContentReplaceBehavior [ RunTime:0.000334s ]
INFO: [ template_filter ] --END-- [ RunTime:0.000866s ]
NOTIC: [8] Use of undefined constant verify - assumed 'verify' D:\php_code\LibraryWeb-master\Application\Runtime\Cache\Admin\52be8035eaf2b2a29247a44bcbae6036.php 第 109 行.
INFO: Run Behavior\ParseTemplateBehavior [ RunTime:0.032994s ]
INFO: [ view_parse ] --END-- [ RunTime:0.033530s ]
INFO: [ view_filter ] --START--
INFO: Run Behavior\WriteHtmlCacheBehavior [ RunTime:0.001247s ]
INFO: [ view_filter ] --END-- [ RunTime:0.001756s ]
INFO: [ app_end ] --START--
INFO: Run Behavior\ShowPageTraceBehavior [ RunTime:0.001595s ]
INFO: [ app_end ] --END-- [ RunTime:0.002116s ]

[ 2016-10-12T16:52:25+08:00 ] ::1 /LibraryWeb-master/index.php/Index/verify.html
INFO: [ app_init ] --START--
INFO: Run Behavior\BuildLiteBehavior [ RunTime:0.000108s ]
INFO: [ app_init ] --END-- [ RunTime:0.001639s ]
INFO: [ app_begin ] --START--
INFO: Run Behavior\ReadHtmlCacheBehavior [ RunTime:0.002455s ]
INFO: [ app_begin ] --END-- [ RunTime:0.003015s ]
INFO: [ app_end ] --START--
INFO: Run Behavior\ShowPageTraceBehavior [ RunTime:0.018759s ]
INFO: [ app_end ] --END-- [ RunTime:0.019327s ]

[ 2016-10-12T17:18:12+08:00 ] ::1 /LibraryWeb-master/index.php/Index/index.html
INFO: [ app_init ] --START--
INFO: Run Behavior\BuildLiteBehavior [ RunTime:0.000108s ]
INFO: [ app_init ] --END-- [ RunTime:0.001874s ]
INFO: [ app_begin ] --START--
INFO: Run Behavior\ReadHtmlCacheBehavior [ RunTime:0.005009s ]
INFO: [ app_begin ] --END-- [ RunTime:0.005856s ]
SQL: SHOW COLUMNS FROM `bs_book` [ RunTime:0.0160s ]
SQL: SELECT COUNT(*) AS tp_count FROM `bs_book` LIMIT 1   [ RunTime:0.0010s ]
SQL: SELECT `book_ID`,`book_name`,`slf_name`,`author`,`pub_house`,`search_time`,`is_onslf` FROM `bs_book` ORDER BY book_ID desc LIMIT 0,10   [ RunTime:0.0017s ]
INFO: [ view_parse ] --START--
INFO: [ template_filter ] --START--
INFO: Run Behavior\ContentReplaceBehavior [ RunTime:0.000479s ]
INFO: [ template_filter ] --END-- [ RunTime:0.001007s ]
INFO: Run Behavior\ParseTemplateBehavior [ RunTime:0.046447s ]
INFO: [ view_parse ] --END-- [ RunTime:0.047575s ]
INFO: [ view_filter ] --START--
INFO: Run Behavior\WriteHtmlCacheBehavior [ RunTime:0.001530s ]
INFO: [ view_filter ] --END-- [ RunTime:0.002100s ]
INFO: [ app_end ] --START--
INFO: Run Behavior\ShowPageTraceBehavior [ RunTime:0.002136s ]
INFO: [ app_end ] --END-- [ RunTime:0.015999s ]

[ 2016-10-12T17:18:15+08:00 ] ::1 /LibraryWeb-master/index.php/Index/add.html
INFO: [ app_init ] --START--
INFO: Run Behavior\BuildLiteBehavior [ RunTime:0.000110s ]
INFO: [ app_init ] --END-- [ RunTime:0.001781s ]
INFO: [ app_begin ] --START--
INFO: Run Behavior\ReadHtmlCacheBehavior [ RunTime:0.001631s ]
INFO: [ app_begin ] --END-- [ RunTime:0.002244s ]
INFO: [ view_parse ] --START--
INFO: [ template_filter ] --START--
INFO: Run Behavior\ContentReplaceBehavior [ RunTime:0.000397s ]
INFO: [ template_filter ] --END-- [ RunTime:0.000919s ]
INFO: Run Behavior\ParseTemplateBehavior [ RunTime:0.050630s ]
INFO: [ view_parse ] --END-- [ RunTime:0.051186s ]
INFO: [ view_filter ] --START--
INFO: Run Behavior\WriteHtmlCacheBehavior [ RunTime:0.001826s ]
INFO: [ view_filter ] --END-- [ RunTime:0.002355s ]
INFO: [ app_end ] --START--
INFO: Run Behavior\ShowPageTraceBehavior [ RunTime:0.004685s ]
INFO: [ app_end ] --END-- [ RunTime:0.005290s ]

[ 2016-10-12T17:18:18+08:00 ] ::1 /LibraryWeb-master/index.php/Index/register.html
INFO: [ app_init ] --START--
INFO: Run Behavior\BuildLiteBehavior [ RunTime:0.000120s ]
INFO: [ app_init ] --END-- [ RunTime:0.001775s ]
INFO: [ app_begin ] --START--
INFO: Run Behavior\ReadHtmlCacheBehavior [ RunTime:0.001811s ]
INFO: [ app_begin ] --END-- [ RunTime:0.002407s ]
INFO: [ view_parse ] --START--
INFO: [ template_filter ] --START--
INFO: Run Behavior\ContentReplaceBehavior [ RunTime:0.000340s ]
INFO: [ template_filter ] --END-- [ RunTime:0.000879s ]
NOTIC: [8] Use of undefined constant verify - assumed 'verify' D:\php_code\LibraryWeb-master\Application\Runtime\Cache\Admin\52be8035eaf2b2a29247a44bcbae6036.php 第 109 行.
INFO: Run Behavior\ParseTemplateBehavior [ RunTime:0.039701s ]
INFO: [ view_parse ] --END-- [ RunTime:0.040637s ]
INFO: [ view_filter ] --START--
INFO: Run Behavior\WriteHtmlCacheBehavior [ RunTime:0.001366s ]
INFO: [ view_filter ] --END-- [ RunTime:0.001994s ]
INFO: [ app_end ] --START--
INFO: Run Behavior\ShowPageTraceBehavior [ RunTime:0.001926s ]
INFO: [ app_end ] --END-- [ RunTime:0.002486s ]

[ 2016-10-12T17:18:18+08:00 ] ::1 /LibraryWeb-master/index.php/Index/verify.html
INFO: [ app_init ] --START--
INFO: Run Behavior\BuildLiteBehavior [ RunTime:0.000108s ]
INFO: [ app_init ] --END-- [ RunTime:0.001772s ]
INFO: [ app_begin ] --START--
INFO: Run Behavior\ReadHtmlCacheBehavior [ RunTime:0.001657s ]
INFO: [ app_begin ] --END-- [ RunTime:0.002232s ]
INFO: [ app_end ] --START--
INFO: Run Behavior\ShowPageTraceBehavior [ RunTime:0.001837s ]
INFO: [ app_end ] --END-- [ RunTime:0.002402s ]

[ 2016-10-12T17:18:19+08:00 ] ::1 /LibraryWeb-master/index.php/Index/add.html
INFO: [ app_init ] --START--
INFO: Run Behavior\BuildLiteBehavior [ RunTime:0.000105s ]
INFO: [ app_init ] --END-- [ RunTime:0.001594s ]
INFO: [ app_begin ] --START--
INFO: Run Behavior\ReadHtmlCacheBehavior [ RunTime:0.002105s ]
INFO: [ app_begin ] --END-- [ RunTime:0.002685s ]
INFO: [ view_parse ] --START--
INFO: [ template_filter ] --START--
INFO: Run Behavior\ContentReplaceBehavior [ RunTime:0.000402s ]
INFO: [ template_filter ] --END-- [ RunTime:0.000929s ]
INFO: Run Behavior\ParseTemplateBehavior [ RunTime:0.040203s ]
INFO: [ view_parse ] --END-- [ RunTime:0.040932s ]
INFO: [ view_filter ] --START--
INFO: Run Behavior\WriteHtmlCacheBehavior [ RunTime:0.001899s ]
INFO: [ view_filter ] --END-- [ RunTime:0.002516s ]
INFO: [ app_end ] --START--
INFO: Run Behavior\ShowPageTraceBehavior [ RunTime:0.002587s ]
INFO: [ app_end ] --END-- [ RunTime:0.003351s ]

[ 2016-10-12T17:18:21+08:00 ] ::1 /LibraryWeb-master/index.php/Index/add.html
INFO: [ app_init ] --START--
INFO: Run Behavior\BuildLiteBehavior [ RunTime:0.000203s ]
INFO: [ app_init ] --END-- [ RunTime:0.002089s ]
INFO: [ app_begin ] --START--
INFO: Run Behavior\ReadHtmlCacheBehavior [ RunTime:0.001665s ]
INFO: [ app_begin ] --END-- [ RunTime:0.002220s ]
INFO: [ view_parse ] --START--
INFO: [ template_filter ] --START--
INFO: Run Behavior\ContentReplaceBehavior [ RunTime:0.000748s ]
INFO: [ template_filter ] --END-- [ RunTime:0.001317s ]
INFO: Run Behavior\ParseTemplateBehavior [ RunTime:0.036886s ]
INFO: [ view_parse ] --END-- [ RunTime:0.037450s ]
INFO: [ view_filter ] --START--
INFO: Run Behavior\WriteHtmlCacheBehavior [ RunTime:0.002154s ]
INFO: [ view_filter ] --END-- [ RunTime:0.002698s ]
INFO: [ app_end ] --START--
INFO: Run Behavior\ShowPageTraceBehavior [ RunTime:0.004688s ]
INFO: [ app_end ] --END-- [ RunTime:0.005248s ]

[ 2016-10-12T17:18:22+08:00 ] ::1 /LibraryWeb-master/index.php/Index/register.html
INFO: [ app_init ] --START--
INFO: Run Behavior\BuildLiteBehavior [ RunTime:0.000116s ]
INFO: [ app_init ] --END-- [ RunTime:0.003048s ]
INFO: [ app_begin ] --START--
INFO: Run Behavior\ReadHtmlCacheBehavior [ RunTime:0.003657s ]
INFO: [ app_begin ] --END-- [ RunTime:0.004224s ]
INFO: [ view_parse ] --START--
INFO: [ template_filter ] --START--
INFO: Run Behavior\ContentReplaceBehavior [ RunTime:0.000348s ]
INFO: [ template_filter ] --END-- [ RunTime:0.002561s ]
NOTIC: [8] Use of undefined constant verify - assumed 'verify' D:\php_code\LibraryWeb-master\Application\Runtime\Cache\Admin\52be8035eaf2b2a29247a44bcbae6036.php 第 109 行.
INFO: Run Behavior\ParseTemplateBehavior [ RunTime:0.060447s ]
INFO: [ view_parse ] --END-- [ RunTime:0.060994s ]
INFO: [ view_filter ] --START--
INFO: Run Behavior\WriteHtmlCacheBehavior [ RunTime:0.001286s ]
INFO: [ view_filter ] --END-- [ RunTime:0.001800s ]
INFO: [ app_end ] --START--
INFO: Run Behavior\ShowPageTraceBehavior [ RunTime:0.002006s ]
INFO: [ app_end ] --END-- [ RunTime:0.002584s ]

[ 2016-10-12T17:18:22+08:00 ] ::1 /LibraryWeb-master/index.php/Index/verify.html
INFO: [ app_init ] --START--
INFO: Run Behavior\BuildLiteBehavior [ RunTime:0.000110s ]
INFO: [ app_init ] --END-- [ RunTime:0.001766s ]
INFO: [ app_begin ] --START--
INFO: Run Behavior\ReadHtmlCacheBehavior [ RunTime:0.001909s ]
INFO: [ app_begin ] --END-- [ RunTime:0.002506s ]
INFO: [ app_end ] --START--
INFO: Run Behavior\ShowPageTraceBehavior [ RunTime:0.003188s ]
INFO: [ app_end ] --END-- [ RunTime:0.003766s ]

[ 2016-10-12T17:18:25+08:00 ] ::1 /LibraryWeb-master/index.php/Index/createqr.html
INFO: [ app_init ] --START--
INFO: Run Behavior\BuildLiteBehavior [ RunTime:0.000106s ]
INFO: [ app_init ] --END-- [ RunTime:0.001597s ]
INFO: [ app_begin ] --START--
INFO: Run Behavior\ReadHtmlCacheBehavior [ RunTime:0.001616s ]
INFO: [ app_begin ] --END-- [ RunTime:0.002162s ]
INFO: [ view_parse ] --START--
INFO: [ template_filter ] --START--
INFO: Run Behavior\ContentReplaceBehavior [ RunTime:0.000330s ]
INFO: [ template_filter ] --END-- [ RunTime:0.000877s ]
NOTIC: [8] Undefined variable: data D:\php_code\LibraryWeb-master\Application\Runtime\Cache\Admin\2ac4b5698d8aa3cdf7148a5d395bcee5.php 第 85 行.
INFO: Run Behavior\ParseTemplateBehavior [ RunTime:0.084286s ]
INFO: [ view_parse ] --END-- [ RunTime:0.084820s ]
INFO: [ view_filter ] --START--
INFO: Run Behavior\WriteHtmlCacheBehavior [ RunTime:0.001316s ]
INFO: [ view_filter ] --END-- [ RunTime:0.001825s ]
INFO: [ app_end ] --START--
INFO: Run Behavior\ShowPageTraceBehavior [ RunTime:0.001693s ]
INFO: [ app_end ] --END-- [ RunTime:0.002208s ]

[ 2016-10-12T17:18:25+08:00 ] ::1 /LibraryWeb-master/index.php/index/qrcode.html
INFO: [ app_init ] --START--
INFO: Run Behavior\BuildLiteBehavior [ RunTime:0.000110s ]
INFO: [ app_init ] --END-- [ RunTime:0.001720s ]
INFO: [ app_begin ] --START--
INFO: Run Behavior\ReadHtmlCacheBehavior [ RunTime:0.001793s ]
INFO: [ app_begin ] --END-- [ RunTime:0.002596s ]
ERR: 参数错误或者未定义:data

[ 2016-10-12T17:18:35+08:00 ] ::1 /LibraryWeb-master/index.php/Index/index.html
INFO: [ app_init ] --START--
INFO: Run Behavior\BuildLiteBehavior [ RunTime:0.000106s ]
INFO: [ app_init ] --END-- [ RunTime:0.001842s ]
INFO: [ app_begin ] --START--
INFO: Run Behavior\ReadHtmlCacheBehavior [ RunTime:0.001984s ]
INFO: [ app_begin ] --END-- [ RunTime:0.002539s ]
SQL: SHOW COLUMNS FROM `bs_book` [ RunTime:0.0132s ]
SQL: SELECT COUNT(*) AS tp_count FROM `bs_book` LIMIT 1   [ RunTime:0.0006s ]
SQL: SELECT `book_ID`,`book_name`,`slf_name`,`author`,`pub_house`,`search_time`,`is_onslf` FROM `bs_book` ORDER BY book_ID desc LIMIT 0,10   [ RunTime:0.0018s ]
INFO: [ view_parse ] --START--
INFO: [ template_filter ] --START--
INFO: Run Behavior\ContentReplaceBehavior [ RunTime:0.000471s ]
INFO: [ template_filter ] --END-- [ RunTime:0.001014s ]
INFO: Run Behavior\ParseTemplateBehavior [ RunTime:0.049233s ]
INFO: [ view_parse ] --END-- [ RunTime:0.049771s ]
INFO: [ view_filter ] --START--
INFO: Run Behavior\WriteHtmlCacheBehavior [ RunTime:0.001501s ]
INFO: [ view_filter ] --END-- [ RunTime:0.002019s ]
INFO: [ app_end ] --START--
INFO: Run Behavior\ShowPageTraceBehavior [ RunTime:0.016239s ]
INFO: [ app_end ] --END-- [ RunTime:0.016795s ]

[ 2016-10-12T17:18:41+08:00 ] ::1 /LibraryWeb-master/index.php/Index/add.html
INFO: [ app_init ] --START--
INFO: Run Behavior\BuildLiteBehavior [ RunTime:0.000107s ]
INFO: [ app_init ] --END-- [ RunTime:0.001627s ]
INFO: [ app_begin ] --START--
INFO: Run Behavior\ReadHtmlCacheBehavior [ RunTime:0.001799s ]
INFO: [ app_begin ] --END-- [ RunTime:0.002378s ]
INFO: [ view_parse ] --START--
INFO: [ template_filter ] --START--
INFO: Run Behavior\ContentReplaceBehavior [ RunTime:0.000430s ]
INFO: [ template_filter ] --END-- [ RunTime:0.001822s ]
INFO: Run Behavior\ParseTemplateBehavior [ RunTime:0.032807s ]
INFO: [ view_parse ] --END-- [ RunTime:0.033376s ]
INFO: [ view_filter ] --START--
INFO: Run Behavior\WriteHtmlCacheBehavior [ RunTime:0.001306s ]
INFO: [ view_filter ] --END-- [ RunTime:0.001846s ]
INFO: [ app_end ] --START--
INFO: Run Behavior\ShowPageTraceBehavior [ RunTime:0.005491s ]
INFO: [ app_end ] --END-- [ RunTime:0.006059s ]

[ 2016-10-12T17:19:46+08:00 ] ::1 /LibraryWeb-master/index.php/Index/index.html
INFO: [ app_init ] --START--
INFO: Run Behavior\BuildLiteBehavior [ RunTime:0.000110s ]
INFO: [ app_init ] --END-- [ RunTime:0.001838s ]
INFO: [ app_begin ] --START--
INFO: Run Behavior\ReadHtmlCacheBehavior [ RunTime:0.003228s ]
INFO: [ app_begin ] --END-- [ RunTime:0.003809s ]
SQL: SHOW COLUMNS FROM `bs_book` [ RunTime:0.0129s ]
SQL: SELECT COUNT(*) AS tp_count FROM `bs_book` LIMIT 1   [ RunTime:0.0006s ]
SQL: SELECT `book_ID`,`book_name`,`slf_name`,`author`,`pub_house`,`search_time`,`is_onslf` FROM `bs_book` ORDER BY book_ID desc LIMIT 0,10   [ RunTime:0.0018s ]
INFO: [ view_parse ] --START--
INFO: [ template_filter ] --START--
INFO: Run Behavior\ContentReplaceBehavior [ RunTime:0.000494s ]
INFO: [ template_filter ] --END-- [ RunTime:0.001047s ]
INFO: Run Behavior\ParseTemplateBehavior [ RunTime:0.049411s ]
INFO: [ view_parse ] --END-- [ RunTime:0.049966s ]
INFO: [ view_filter ] --START--
INFO: Run Behavior\WriteHtmlCacheBehavior [ RunTime:0.001763s ]
INFO: [ view_filter ] --END-- [ RunTime:0.002307s ]
INFO: [ app_end ] --START--
INFO: Run Behavior\ShowPageTraceBehavior [ RunTime:0.002126s ]
INFO: [ app_end ] --END-- [ RunTime:0.002690s ]

[ 2016-10-12T17:19:50+08:00 ] ::1 /LibraryWeb-master/index.php/Index/index.html
INFO: [ app_init ] --START--
INFO: Run Behavior\BuildLiteBehavior [ RunTime:0.000110s ]
INFO: [ app_init ] --END-- [ RunTime:0.002443s ]
INFO: [ app_begin ] --START--
INFO: Run Behavior\ReadHtmlCacheBehavior [ RunTime:0.001613s ]
INFO: [ app_begin ] --END-- [ RunTime:0.002164s ]
SQL: SHOW COLUMNS FROM `bs_book` [ RunTime:0.0129s ]
SQL: SELECT COUNT(*) AS tp_count FROM `bs_book` LIMIT 1   [ RunTime:0.0006s ]
SQL: SELECT `book_ID`,`book_name`,`slf_name`,`author`,`pub_house`,`search_time`,`is_onslf` FROM `bs_book` ORDER BY book_ID desc LIMIT 0,10   [ RunTime:0.0008s ]
INFO: [ view_parse ] --START--
INFO: [ template_filter ] --START--
INFO: Run Behavior\ContentReplaceBehavior [ RunTime:0.000475s ]
INFO: [ template_filter ] --END-- [ RunTime:0.001008s ]
INFO: Run Behavior\ParseTemplateBehavior [ RunTime:0.045536s ]
INFO: [ view_parse ] --END-- [ RunTime:0.046098s ]
INFO: [ view_filter ] --START--
INFO: Run Behavior\WriteHtmlCacheBehavior [ RunTime:0.001127s ]
INFO: [ view_filter ] --END-- [ RunTime:0.001645s ]
INFO: [ app_end ] --START--
INFO: Run Behavior\ShowPageTraceBehavior [ RunTime:0.005803s ]
INFO: [ app_end ] --END-- [ RunTime:0.020881s ]

[ 2016-10-12T17:19:54+08:00 ] ::1 /LibraryWeb-master/index.php/Index/index.html
INFO: [ app_init ] --START--
INFO: Run Behavior\BuildLiteBehavior [ RunTime:0.000108s ]
INFO: [ app_init ] --END-- [ RunTime:0.001720s ]
INFO: [ app_begin ] --START--
INFO: Run Behavior\ReadHtmlCacheBehavior [ RunTime:0.001608s ]
INFO: [ app_begin ] --END-- [ RunTime:0.002161s ]
SQL: SHOW COLUMNS FROM `bs_book` [ RunTime:0.0138s ]
SQL: SELECT COUNT(*) AS tp_count FROM `bs_book` LIMIT 1   [ RunTime:0.0006s ]
SQL: SELECT `book_ID`,`book_name`,`slf_name`,`author`,`pub_house`,`search_time`,`is_onslf` FROM `bs_book` ORDER BY book_ID desc LIMIT 0,10   [ RunTime:0.0008s ]
INFO: [ view_parse ] --START--
INFO: [ template_filter ] --START--
INFO: Run Behavior\ContentReplaceBehavior [ RunTime:0.000500s ]
INFO: [ template_filter ] --END-- [ RunTime:0.001041s ]
INFO: Run Behavior\ParseTemplateBehavior [ RunTime:0.045977s ]
INFO: [ view_parse ] --END-- [ RunTime:0.046516s ]
INFO: [ view_filter ] --START--
INFO: Run Behavior\WriteHtmlCacheBehavior [ RunTime:0.001142s ]
INFO: [ view_filter ] --END-- [ RunTime:0.001654s ]
INFO: [ app_end ] --START--
INFO: Run Behavior\ShowPageTraceBehavior [ RunTime:0.011704s ]
INFO: [ app_end ] --END-- [ RunTime:0.012266s ]

[ 2016-10-12T17:20:01+08:00 ] ::1 /LibraryWeb-master/index.php/Index/register.html
INFO: [ app_init ] --START--
INFO: Run Behavior\BuildLiteBehavior [ RunTime:0.000108s ]
INFO: [ app_init ] --END-- [ RunTime:0.001618s ]
INFO: [ app_begin ] --START--
INFO: Run Behavior\ReadHtmlCacheBehavior [ RunTime:0.002693s ]
INFO: [ app_begin ] --END-- [ RunTime:0.003355s ]
INFO: [ view_parse ] --START--
INFO: [ template_filter ] --START--
INFO: Run Behavior\ContentReplaceBehavior [ RunTime:0.000334s ]
INFO: [ template_filter ] --END-- [ RunTime:0.000905s ]
NOTIC: [8] Use of undefined constant verify - assumed 'verify' D:\php_code\LibraryWeb-master\Application\Runtime\Cache\Admin\52be8035eaf2b2a29247a44bcbae6036.php 第 109 行.
INFO: Run Behavior\ParseTemplateBehavior [ RunTime:0.033180s ]
INFO: [ view_parse ] --END-- [ RunTime:0.033730s ]
INFO: [ view_filter ] --START--
INFO: Run Behavior\WriteHtmlCacheBehavior [ RunTime:0.001272s ]
INFO: [ view_filter ] --END-- [ RunTime:0.001795s ]
INFO: [ app_end ] --START--
INFO: Run Behavior\ShowPageTraceBehavior [ RunTime:0.001638s ]
INFO: [ app_end ] --END-- [ RunTime:0.002168s ]

[ 2016-10-12T17:20:02+08:00 ] ::1 /LibraryWeb-master/index.php/Index/verify.html
INFO: [ app_init ] --START--
INFO: Run Behavior\BuildLiteBehavior [ RunTime:0.000116s ]
INFO: [ app_init ] --END-- [ RunTime:0.002892s ]
INFO: [ app_begin ] --START--
INFO: Run Behavior\ReadHtmlCacheBehavior [ RunTime:0.001656s ]
INFO: [ app_begin ] --END-- [ RunTime:0.002232s ]
INFO: [ app_end ] --START--
INFO: Run Behavior\ShowPageTraceBehavior [ RunTime:0.001840s ]
INFO: [ app_end ] --END-- [ RunTime:0.002404s ]

[ 2016-10-12T17:20:04+08:00 ] ::1 /LibraryWeb-master/index.php/Index/add.html
INFO: [ app_init ] --START--
INFO: Run Behavior\BuildLiteBehavior [ RunTime:0.000106s ]
INFO: [ app_init ] --END-- [ RunTime:0.001594s ]
INFO: [ app_begin ] --START--
INFO: Run Behavior\ReadHtmlCacheBehavior [ RunTime:0.001577s ]
INFO: [ app_begin ] --END-- [ RunTime:0.002121s ]
INFO: [ view_parse ] --START--
INFO: [ template_filter ] --START--
INFO: Run Behavior\ContentReplaceBehavior [ RunTime:0.000403s ]
INFO: [ template_filter ] --END-- [ RunTime:0.000937s ]
INFO: Run Behavior\ParseTemplateBehavior [ RunTime:0.032879s ]
INFO: [ view_parse ] --END-- [ RunTime:0.033457s ]
INFO: [ view_filter ] --START--
INFO: Run Behavior\WriteHtmlCacheBehavior [ RunTime:0.001237s ]
INFO: [ view_filter ] --END-- [ RunTime:0.001756s ]
INFO: [ app_end ] --START--
INFO: Run Behavior\ShowPageTraceBehavior [ RunTime:0.011809s ]
INFO: [ app_end ] --END-- [ RunTime:0.012450s ]

[ 2016-10-12T17:20:39+08:00 ] ::1 /LibraryWeb-master/index.php/Index/index.html
INFO: [ app_init ] --START--
INFO: Run Behavior\BuildLiteBehavior [ RunTime:0.000110s ]
INFO: [ app_init ] --END-- [ RunTime:0.001942s ]
INFO: [ app_begin ] --START--
INFO: Run Behavior\ReadHtmlCacheBehavior [ RunTime:0.002060s ]
INFO: [ app_begin ] --END-- [ RunTime:0.002662s ]
SQL: SHOW COLUMNS FROM `bs_book` [ RunTime:0.0139s ]
SQL: SELECT COUNT(*) AS tp_count FROM `bs_book` LIMIT 1   [ RunTime:0.0007s ]
SQL: SELECT `book_ID`,`book_name`,`slf_name`,`author`,`pub_house`,`search_time`,`is_onslf` FROM `bs_book` ORDER BY book_ID desc LIMIT 0,10   [ RunTime:0.0017s ]
INFO: [ view_parse ] --START--
INFO: [ template_filter ] --START--
INFO: Run Behavior\ContentReplaceBehavior [ RunTime:0.000481s ]
INFO: [ template_filter ] --END-- [ RunTime:0.001021s ]
INFO: Run Behavior\ParseTemplateBehavior [ RunTime:0.051611s ]
INFO: [ view_parse ] --END-- [ RunTime:0.052181s ]
INFO: [ view_filter ] --START--
INFO: Run Behavior\WriteHtmlCacheBehavior [ RunTime:0.001601s ]
INFO: [ view_filter ] --END-- [ RunTime:0.002135s ]
INFO: [ app_end ] --START--
INFO: Run Behavior\ShowPageTraceBehavior [ RunTime:0.002113s ]
INFO: [ app_end ] --END-- [ RunTime:0.002670s ]

[ 2016-10-12T17:20:53+08:00 ] ::1 /LibraryWeb-master/index.php/Index/delete/id/9
INFO: [ app_init ] --START--
INFO: Run Behavior\BuildLiteBehavior [ RunTime:0.000109s ]
INFO: [ app_init ] --END-- [ RunTime:0.001729s ]
INFO: [ app_begin ] --START--
INFO: Run Behavior\ReadHtmlCacheBehavior [ RunTime:0.001717s ]
INFO: [ app_begin ] --END-- [ RunTime:0.002345s ]
SQL: SHOW COLUMNS FROM `bs_book` [ RunTime:0.0600s ]
SQL: DELETE FROM `bs_book` WHERE `book_ID` = 9 [ RunTime:0.0534s ]
INFO: [ view_parse ] --START--
INFO: [ template_filter ] --START--
INFO: Run Behavior\ContentReplaceBehavior [ RunTime:0.000302s ]
INFO: [ template_filter ] --END-- [ RunTime:0.001108s ]
INFO: Run Behavior\ParseTemplateBehavior [ RunTime:0.021780s ]
INFO: [ view_parse ] --END-- [ RunTime:0.022342s ]
INFO: [ view_filter ] --START--
INFO: Run Behavior\WriteHtmlCacheBehavior [ RunTime:0.001227s ]
INFO: [ view_filter ] --END-- [ RunTime:0.001750s ]
INFO: [ app_end ] --START--
INFO: Run Behavior\ShowPageTraceBehavior [ RunTime:0.002558s ]
INFO: [ app_end ] --END-- [ RunTime:0.003100s ]

[ 2016-10-12T17:20:54+08:00 ] ::1 /LibraryWeb-master/index.php/Index/index.html
INFO: [ app_init ] --START--
INFO: Run Behavior\BuildLiteBehavior [ RunTime:0.000106s ]
INFO: [ app_init ] --END-- [ RunTime:0.001614s ]
INFO: [ app_begin ] --START--
INFO: Run Behavior\ReadHtmlCacheBehavior [ RunTime:0.004832s ]
INFO: [ app_begin ] --END-- [ RunTime:0.005429s ]
SQL: SHOW COLUMNS FROM `bs_book` [ RunTime:0.0682s ]
SQL: SELECT COUNT(*) AS tp_count FROM `bs_book` LIMIT 1   [ RunTime:0.0006s ]
SQL: SELECT `book_ID`,`book_name`,`slf_name`,`author`,`pub_house`,`search_time`,`is_onslf` FROM `bs_book` ORDER BY book_ID desc LIMIT 0,10   [ RunTime:0.0010s ]
INFO: [ view_parse ] --START--
INFO: [ template_filter ] --START--
INFO: Run Behavior\ContentReplaceBehavior [ RunTime:0.000567s ]
INFO: [ template_filter ] --END-- [ RunTime:0.001101s ]
INFO: Run Behavior\ParseTemplateBehavior [ RunTime:0.044920s ]
INFO: [ view_parse ] --END-- [ RunTime:0.046027s ]
INFO: [ view_filter ] --START--
INFO: Run Behavior\WriteHtmlCacheBehavior [ RunTime:0.001205s ]
INFO: [ view_filter ] --END-- [ RunTime:0.001720s ]
INFO: [ app_end ] --START--
INFO: Run Behavior\ShowPageTraceBehavior [ RunTime:0.001845s ]
INFO: [ app_end ] --END-- [ RunTime:0.002410s ]

[ 2016-10-12T17:21:49+08:00 ] ::1 /LibraryWeb-master/
INFO: [ app_init ] --START--
INFO: Run Behavior\BuildLiteBehavior [ RunTime:0.000108s ]
INFO: [ app_init ] --END-- [ RunTime:0.001679s ]
INFO: [ app_begin ] --START--
INFO: Run Behavior\ReadHtmlCacheBehavior [ RunTime:0.001769s ]
INFO: [ app_begin ] --END-- [ RunTime:0.002991s ]
SQL: SHOW COLUMNS FROM `bs_book` [ RunTime:0.0689s ]
SQL: SELECT COUNT(*) AS tp_count FROM `bs_book` LIMIT 1   [ RunTime:0.0006s ]
SQL: SELECT `book_ID`,`book_name`,`slf_name`,`author`,`pub_house`,`search_time`,`is_onslf` FROM `bs_book` ORDER BY book_ID desc LIMIT 0,10   [ RunTime:0.0008s ]
INFO: [ view_parse ] --START--
INFO: [ template_filter ] --START--
INFO: Run Behavior\ContentReplaceBehavior [ RunTime:0.000468s ]
INFO: [ template_filter ] --END-- [ RunTime:0.001004s ]
INFO: Run Behavior\ParseTemplateBehavior [ RunTime:0.046124s ]
INFO: [ view_parse ] --END-- [ RunTime:0.046668s ]
INFO: [ view_filter ] --START--
INFO: Run Behavior\WriteHtmlCacheBehavior [ RunTime:0.001114s ]
INFO: [ view_filter ] --END-- [ RunTime:0.001626s ]
INFO: [ app_end ] --START--
INFO: Run Behavior\ShowPageTraceBehavior [ RunTime:0.011955s ]
INFO: [ app_end ] --END-- [ RunTime:0.013910s ]

[ 2016-10-12T17:23:27+08:00 ] ::1 /LibraryWeb-master/index.php/Login/logout.html
INFO: [ app_init ] --START--
INFO: Run Behavior\BuildLiteBehavior [ RunTime:0.000106s ]
INFO: [ app_init ] --END-- [ RunTime:0.001717s ]
INFO: [ app_begin ] --START--
INFO: Run Behavior\ReadHtmlCacheBehavior [ RunTime:0.001906s ]
INFO: [ app_begin ] --END-- [ RunTime:0.002533s ]

[ 2016-10-12T17:23:29+08:00 ] ::1 /LibraryWeb-master/index.php/Login/login.html
INFO: [ app_init ] --START--
INFO: Run Behavior\BuildLiteBehavior [ RunTime:0.000107s ]
INFO: [ app_init ] --END-- [ RunTime:0.001811s ]
INFO: [ app_begin ] --START--
INFO: Run Behavior\ReadHtmlCacheBehavior [ RunTime:0.001641s ]
INFO: [ app_begin ] --END-- [ RunTime:0.002416s ]
INFO: [ view_parse ] --START--
INFO: [ template_filter ] --START--
INFO: Run Behavior\ContentReplaceBehavior [ RunTime:0.000289s ]
INFO: [ template_filter ] --END-- [ RunTime:0.000829s ]
NOTIC: [8] Use of undefined constant verify - assumed 'verify' D:\php_code\LibraryWeb-master\Application\Runtime\Cache\Admin\0dfec61edd66f450033aa87c28a760f4.php 第 54 行.
INFO: Run Behavior\ParseTemplateBehavior [ RunTime:0.022458s ]
INFO: [ view_parse ] --END-- [ RunTime:0.022984s ]
INFO: [ view_filter ] --START--
INFO: Run Behavior\WriteHtmlCacheBehavior [ RunTime:0.001393s ]
INFO: [ view_filter ] --END-- [ RunTime:0.001946s ]
INFO: [ app_end ] --START--
INFO: Run Behavior\ShowPageTraceBehavior [ RunTime:0.001850s ]
INFO: [ app_end ] --END-- [ RunTime:0.002386s ]

[ 2016-10-12T17:23:29+08:00 ] ::1 /LibraryWeb-master/index.php/Login/verify.html
INFO: [ app_init ] --START--
INFO: Run Behavior\BuildLiteBehavior [ RunTime:0.000110s ]
INFO: [ app_init ] --END-- [ RunTime:0.001943s ]
INFO: [ app_begin ] --START--
INFO: Run Behavior\ReadHtmlCacheBehavior [ RunTime:0.003261s ]
INFO: [ app_begin ] --END-- [ RunTime:0.003827s ]
INFO: [ app_end ] --START--
INFO: Run Behavior\ShowPageTraceBehavior [ RunTime:0.001831s ]
INFO: [ app_end ] --END-- [ RunTime:0.002396s ]

