[ 2016-10-14T00:00:14+08:00 ] ::1 /LibraryWeb-master/index.php/Index/index.html
INFO: [ app_init ] --START--
INFO: Run Behavior\BuildLiteBehavior [ RunTime:0.000114s ]
INFO: [ app_init ] --END-- [ RunTime:0.011637s ]
INFO: [ app_begin ] --START--
INFO: Run Behavior\ReadHtmlCacheBehavior [ RunTime:0.006121s ]
INFO: [ app_begin ] --END-- [ RunTime:0.006735s ]
SQL: SHOW COLUMNS FROM `bs_book` [ RunTime:0.0186s ]
SQL: SELECT COUNT(*) AS tp_count FROM `bs_book` LIMIT 1   [ RunTime:0.0008s ]
SQL: SELECT `book_ID`,`book_name`,`slf_name`,`author`,`pub_house`,`search_time`,`is_onslf` FROM `bs_book` ORDER BY book_ID desc LIMIT 0,10   [ RunTime:0.0101s ]
INFO: [ view_parse ] --START--
INFO: [ template_filter ] --START--
INFO: Run Behavior\ContentReplaceBehavior [ RunTime:0.002633s ]
INFO: [ template_filter ] --END-- [ RunTime:0.003406s ]
INFO: Run Behavior\ParseTemplateBehavior [ RunTime:0.116494s ]
INFO: [ view_parse ] --END-- [ RunTime:0.117129s ]
INFO: [ view_filter ] --START--
INFO: Run Behavior\WriteHtmlCacheBehavior [ RunTime:0.004919s ]
INFO: [ view_filter ] --END-- [ RunTime:0.005539s ]
INFO: [ app_end ] --START--
INFO: Run Behavior\ShowPageTraceBehavior [ RunTime:0.002179s ]
INFO: [ app_end ] --END-- [ RunTime:0.041341s ]

[ 2016-10-14T00:02:26+08:00 ] ::1 /LibraryWeb-master/index.php/Index/index.html
INFO: [ app_init ] --START--
INFO: Run Behavior\BuildLiteBehavior [ RunTime:0.000108s ]
INFO: [ app_init ] --END-- [ RunTime:0.002425s ]
INFO: [ app_begin ] --START--
INFO: Run Behavior\ReadHtmlCacheBehavior [ RunTime:0.002287s ]
INFO: [ app_begin ] --END-- [ RunTime:0.002921s ]
SQL: SHOW COLUMNS FROM `bs_book` [ RunTime:0.0638s ]
SQL: SELECT COUNT(*) AS tp_count FROM `bs_book` LIMIT 1   [ RunTime:0.0007s ]
SQL: SELECT `book_ID`,`book_name`,`slf_name`,`author`,`pub_house`,`search_time`,`is_onslf` FROM `bs_book` ORDER BY book_ID desc LIMIT 0,10   [ RunTime:0.0010s ]
INFO: [ view_parse ] --START--
INFO: [ template_filter ] --START--
INFO: Run Behavior\ContentReplaceBehavior [ RunTime:0.000582s ]
INFO: [ template_filter ] --END-- [ RunTime:0.001203s ]
INFO: Run Behavior\ParseTemplateBehavior [ RunTime:0.060671s ]
INFO: [ view_parse ] --END-- [ RunTime:0.061518s ]
INFO: [ view_filter ] --START--
INFO: Run Behavior\WriteHtmlCacheBehavior [ RunTime:0.002060s ]
INFO: [ view_filter ] --END-- [ RunTime:0.002621s ]
INFO: [ app_end ] --START--
INFO: Run Behavior\ShowPageTraceBehavior [ RunTime:0.008459s ]
INFO: [ app_end ] --END-- [ RunTime:0.009030s ]

[ 2016-10-14T00:04:48+08:00 ] ::1 /LibraryWeb-master/index.php/Index/index.html
INFO: [ app_init ] --START--
INFO: Run Behavior\BuildLiteBehavior [ RunTime:0.000125s ]
INFO: [ app_init ] --END-- [ RunTime:0.002046s ]
INFO: [ app_begin ] --START--
INFO: Run Behavior\ReadHtmlCacheBehavior [ RunTime:0.002210s ]
INFO: [ app_begin ] --END-- [ RunTime:0.002841s ]
SQL: SHOW COLUMNS FROM `bs_book` [ RunTime:0.0853s ]
SQL: SELECT COUNT(*) AS tp_count FROM `bs_book` LIMIT 1   [ RunTime:0.0011s ]
SQL: SELECT `book_ID`,`book_name`,`slf_name`,`author`,`pub_house`,`search_time`,`is_onslf` FROM `bs_book` ORDER BY book_ID desc LIMIT 0,10   [ RunTime:0.0011s ]
INFO: [ view_parse ] --START--
INFO: [ template_filter ] --START--
INFO: Run Behavior\ContentReplaceBehavior [ RunTime:0.000564s ]
INFO: [ template_filter ] --END-- [ RunTime:0.001179s ]
INFO: Run Behavior\ParseTemplateBehavior [ RunTime:0.059715s ]
INFO: [ view_parse ] --END-- [ RunTime:0.060289s ]
INFO: [ view_filter ] --START--
INFO: Run Behavior\WriteHtmlCacheBehavior [ RunTime:0.001632s ]
INFO: [ view_filter ] --END-- [ RunTime:0.002158s ]
INFO: [ app_end ] --START--
INFO: Run Behavior\ShowPageTraceBehavior [ RunTime:0.012413s ]
INFO: [ app_end ] --END-- [ RunTime:0.013792s ]

[ 2016-10-14T00:07:30+08:00 ] ::1 /LibraryWeb-master/index.php/Index/index.html
INFO: [ app_init ] --START--
INFO: Run Behavior\BuildLiteBehavior [ RunTime:0.000122s ]
INFO: [ app_init ] --END-- [ RunTime:0.002049s ]
INFO: [ app_begin ] --START--
INFO: Run Behavior\ReadHtmlCacheBehavior [ RunTime:0.003012s ]
INFO: [ app_begin ] --END-- [ RunTime:0.003725s ]
SQL: SHOW COLUMNS FROM `bs_book` [ RunTime:0.0147s ]
SQL: SELECT COUNT(*) AS tp_count FROM `bs_book` LIMIT 1   [ RunTime:0.0009s ]
SQL: SELECT `book_ID`,`book_name`,`slf_name`,`author`,`pub_house`,`search_time`,`is_onslf` FROM `bs_book` ORDER BY book_ID desc LIMIT 0,10   [ RunTime:0.0020s ]
INFO: [ view_parse ] --START--
INFO: [ template_filter ] --START--
INFO: Run Behavior\ContentReplaceBehavior [ RunTime:0.000525s ]
INFO: [ template_filter ] --END-- [ RunTime:0.001067s ]
INFO: Run Behavior\ParseTemplateBehavior [ RunTime:0.081865s ]
INFO: [ view_parse ] --END-- [ RunTime:0.082462s ]
INFO: [ view_filter ] --START--
INFO: Run Behavior\WriteHtmlCacheBehavior [ RunTime:0.003495s ]
INFO: [ view_filter ] --END-- [ RunTime:0.005025s ]
INFO: [ app_end ] --START--
INFO: Run Behavior\ShowPageTraceBehavior [ RunTime:0.010604s ]
INFO: [ app_end ] --END-- [ RunTime:0.011166s ]

[ 2016-10-14T00:07:33+08:00 ] ::1 /LibraryWeb-master/index.php/Index/index.html
INFO: [ app_init ] --START--
INFO: Run Behavior\BuildLiteBehavior [ RunTime:0.000136s ]
INFO: [ app_init ] --END-- [ RunTime:0.002968s ]
INFO: [ app_begin ] --START--
INFO: Run Behavior\ReadHtmlCacheBehavior [ RunTime:0.003633s ]
INFO: [ app_begin ] --END-- [ RunTime:0.004333s ]
SQL: SHOW COLUMNS FROM `bs_book` [ RunTime:0.0130s ]
SQL: SELECT COUNT(*) AS tp_count FROM `bs_book` LIMIT 1   [ RunTime:0.0007s ]
SQL: SELECT `book_ID`,`book_name`,`slf_name`,`author`,`pub_house`,`search_time`,`is_onslf` FROM `bs_book` ORDER BY book_ID desc LIMIT 0,10   [ RunTime:0.0011s ]
INFO: [ view_parse ] --START--
INFO: [ template_filter ] --START--
INFO: Run Behavior\ContentReplaceBehavior [ RunTime:0.000554s ]
INFO: [ template_filter ] --END-- [ RunTime:0.001165s ]
INFO: Run Behavior\ParseTemplateBehavior [ RunTime:0.063070s ]
INFO: [ view_parse ] --END-- [ RunTime:0.063683s ]
INFO: [ view_filter ] --START--
INFO: Run Behavior\WriteHtmlCacheBehavior [ RunTime:0.016518s ]
INFO: [ view_filter ] --END-- [ RunTime:0.019868s ]
INFO: [ app_end ] --START--
INFO: Run Behavior\ShowPageTraceBehavior [ RunTime:0.002498s ]
INFO: [ app_end ] --END-- [ RunTime:0.003069s ]

[ 2016-10-14T00:08:07+08:00 ] ::1 /LibraryWeb-master/index.php/Index/index.html
INFO: [ app_init ] --START--
INFO: Run Behavior\BuildLiteBehavior [ RunTime:0.000125s ]
INFO: [ app_init ] --END-- [ RunTime:0.002107s ]
INFO: [ app_begin ] --START--
INFO: Run Behavior\ReadHtmlCacheBehavior [ RunTime:0.010120s ]
INFO: [ app_begin ] --END-- [ RunTime:0.010741s ]
SQL: SHOW COLUMNS FROM `bs_book` [ RunTime:0.0632s ]
SQL: SELECT COUNT(*) AS tp_count FROM `bs_book` LIMIT 1   [ RunTime:0.0008s ]
SQL: SELECT `book_ID`,`book_name`,`slf_name`,`author`,`pub_house`,`search_time`,`is_onslf` FROM `bs_book` ORDER BY book_ID desc LIMIT 0,10   [ RunTime:0.0012s ]
INFO: [ view_parse ] --START--
INFO: [ template_filter ] --START--
INFO: Run Behavior\ContentReplaceBehavior [ RunTime:0.000559s ]
INFO: [ template_filter ] --END-- [ RunTime:0.001169s ]
INFO: Run Behavior\ParseTemplateBehavior [ RunTime:0.059162s ]
INFO: [ view_parse ] --END-- [ RunTime:0.059759s ]
INFO: [ view_filter ] --START--
INFO: Run Behavior\WriteHtmlCacheBehavior [ RunTime:0.004865s ]
INFO: [ view_filter ] --END-- [ RunTime:0.005457s ]
INFO: [ app_end ] --START--
INFO: Run Behavior\ShowPageTraceBehavior [ RunTime:0.001987s ]
INFO: [ app_end ] --END-- [ RunTime:0.004703s ]

[ 2016-10-14T00:09:08+08:00 ] ::1 /LibraryWeb-master/index.php/Index/index.html
INFO: [ app_init ] --START--
INFO: Run Behavior\BuildLiteBehavior [ RunTime:0.000117s ]
INFO: [ app_init ] --END-- [ RunTime:0.003099s ]
INFO: [ app_begin ] --START--
INFO: Run Behavior\ReadHtmlCacheBehavior [ RunTime:0.013001s ]
INFO: [ app_begin ] --END-- [ RunTime:0.013577s ]
SQL: SHOW COLUMNS FROM `bs_book` [ RunTime:0.0126s ]
SQL: SELECT COUNT(*) AS tp_count FROM `bs_book` LIMIT 1   [ RunTime:0.0006s ]
SQL: SELECT `book_ID`,`book_name`,`slf_name`,`author`,`pub_house`,`search_time`,`is_onslf` FROM `bs_book` ORDER BY book_ID desc LIMIT 0,10   [ RunTime:0.0016s ]
INFO: [ view_parse ] --START--
INFO: [ template_filter ] --START--
INFO: Run Behavior\ContentReplaceBehavior [ RunTime:0.000566s ]
INFO: [ template_filter ] --END-- [ RunTime:0.001171s ]
INFO: Run Behavior\ParseTemplateBehavior [ RunTime:0.066044s ]
INFO: [ view_parse ] --END-- [ RunTime:0.066684s ]
INFO: [ view_filter ] --START--
INFO: Run Behavior\WriteHtmlCacheBehavior [ RunTime:0.001440s ]
INFO: [ view_filter ] --END-- [ RunTime:0.002039s ]
INFO: [ app_end ] --START--
INFO: Run Behavior\ShowPageTraceBehavior [ RunTime:0.002536s ]
INFO: [ app_end ] --END-- [ RunTime:0.003110s ]

[ 2016-10-14T00:17:47+08:00 ] ::1 /LibraryWeb-master/index.php/Index/index.html
INFO: [ app_init ] --START--
INFO: Run Behavior\BuildLiteBehavior [ RunTime:0.000137s ]
INFO: [ app_init ] --END-- [ RunTime:0.003414s ]
INFO: [ app_begin ] --START--
INFO: Run Behavior\ReadHtmlCacheBehavior [ RunTime:0.005700s ]
INFO: [ app_begin ] --END-- [ RunTime:0.006607s ]
SQL: SHOW COLUMNS FROM `bs_book` [ RunTime:0.0177s ]
SQL: SELECT COUNT(*) AS tp_count FROM `bs_book` LIMIT 1   [ RunTime:0.0009s ]
SQL: SELECT `book_ID`,`book_name`,`slf_name`,`author`,`pub_house`,`search_time`,`is_onslf` FROM `bs_book` ORDER BY book_ID desc LIMIT 0,10   [ RunTime:0.0011s ]
INFO: [ view_parse ] --START--
INFO: [ template_filter ] --START--
INFO: Run Behavior\ContentReplaceBehavior [ RunTime:0.000820s ]
INFO: [ template_filter ] --END-- [ RunTime:0.001557s ]
INFO: Run Behavior\ParseTemplateBehavior [ RunTime:0.063485s ]
INFO: [ view_parse ] --END-- [ RunTime:0.064169s ]
INFO: [ view_filter ] --START--
INFO: Run Behavior\WriteHtmlCacheBehavior [ RunTime:0.006138s ]
INFO: [ view_filter ] --END-- [ RunTime:0.008327s ]
INFO: [ app_end ] --START--
INFO: Run Behavior\ShowPageTraceBehavior [ RunTime:0.008201s ]
INFO: [ app_end ] --END-- [ RunTime:0.008772s ]

[ 2016-10-14T00:17:51+08:00 ] ::1 /LibraryWeb-master/index.php/Index/index.html
INFO: [ app_init ] --START--
INFO: Run Behavior\BuildLiteBehavior [ RunTime:0.000114s ]
INFO: [ app_init ] --END-- [ RunTime:0.002650s ]
INFO: [ app_begin ] --START--
INFO: Run Behavior\ReadHtmlCacheBehavior [ RunTime:0.004837s ]
INFO: [ app_begin ] --END-- [ RunTime:0.005807s ]
SQL: SHOW COLUMNS FROM `bs_book` [ RunTime:0.0296s ]
SQL: SELECT COUNT(*) AS tp_count FROM `bs_book` LIMIT 1   [ RunTime:0.0008s ]
SQL: SELECT `book_ID`,`book_name`,`slf_name`,`author`,`pub_house`,`search_time`,`is_onslf` FROM `bs_book` ORDER BY book_ID desc LIMIT 0,10   [ RunTime:0.0011s ]
INFO: [ view_parse ] --START--
INFO: [ template_filter ] --START--
INFO: Run Behavior\ContentReplaceBehavior [ RunTime:0.000558s ]
INFO: [ template_filter ] --END-- [ RunTime:0.001187s ]
INFO: Run Behavior\ParseTemplateBehavior [ RunTime:0.054864s ]
INFO: [ view_parse ] --END-- [ RunTime:0.055541s ]
INFO: [ view_filter ] --START--
INFO: Run Behavior\WriteHtmlCacheBehavior [ RunTime:0.001686s ]
INFO: [ view_filter ] --END-- [ RunTime:0.002281s ]
INFO: [ app_end ] --START--
INFO: Run Behavior\ShowPageTraceBehavior [ RunTime:0.002238s ]
INFO: [ app_end ] --END-- [ RunTime:0.002800s ]

[ 2016-10-14T00:19:07+08:00 ] ::1 /LibraryWeb-master/index.php/Index/index.html
INFO: [ app_init ] --START--
INFO: Run Behavior\BuildLiteBehavior [ RunTime:0.000127s ]
INFO: [ app_init ] --END-- [ RunTime:0.001876s ]
INFO: [ app_begin ] --START--
INFO: Run Behavior\ReadHtmlCacheBehavior [ RunTime:0.005824s ]
INFO: [ app_begin ] --END-- [ RunTime:0.006489s ]
SQL: SHOW COLUMNS FROM `bs_book` [ RunTime:0.0636s ]
SQL: SELECT COUNT(*) AS tp_count FROM `bs_book` LIMIT 1   [ RunTime:0.0006s ]
SQL: SELECT `book_ID`,`book_name`,`slf_name`,`author`,`pub_house`,`search_time`,`is_onslf` FROM `bs_book` ORDER BY book_ID desc LIMIT 0,10   [ RunTime:0.0018s ]
INFO: [ view_parse ] --START--
INFO: [ template_filter ] --START--
INFO: Run Behavior\ContentReplaceBehavior [ RunTime:0.000751s ]
INFO: [ template_filter ] --END-- [ RunTime:0.001528s ]
INFO: Run Behavior\ParseTemplateBehavior [ RunTime:0.060726s ]
INFO: [ view_parse ] --END-- [ RunTime:0.061515s ]
INFO: [ view_filter ] --START--
INFO: Run Behavior\WriteHtmlCacheBehavior [ RunTime:0.002799s ]
INFO: [ view_filter ] --END-- [ RunTime:0.003450s ]
INFO: [ app_end ] --START--
INFO: Run Behavior\ShowPageTraceBehavior [ RunTime:0.008634s ]
INFO: [ app_end ] --END-- [ RunTime:0.009197s ]

[ 2016-10-14T00:19:35+08:00 ] ::1 /LibraryWeb-master/index.php/Login/logout.html
INFO: [ app_init ] --START--
INFO: Run Behavior\BuildLiteBehavior [ RunTime:0.000126s ]
INFO: [ app_init ] --END-- [ RunTime:0.004069s ]
INFO: [ app_begin ] --START--
INFO: Run Behavior\ReadHtmlCacheBehavior [ RunTime:0.003190s ]
INFO: [ app_begin ] --END-- [ RunTime:0.003812s ]

[ 2016-10-14T00:19:37+08:00 ] ::1 /LibraryWeb-master/index.php/Login/login.html
INFO: [ app_init ] --START--
INFO: Run Behavior\BuildLiteBehavior [ RunTime:0.000111s ]
INFO: [ app_init ] --END-- [ RunTime:0.001668s ]
INFO: [ app_begin ] --START--
INFO: Run Behavior\ReadHtmlCacheBehavior [ RunTime:0.002353s ]
INFO: [ app_begin ] --END-- [ RunTime:0.002973s ]
INFO: [ view_parse ] --START--
INFO: [ template_filter ] --START--
INFO: Run Behavior\ContentReplaceBehavior [ RunTime:0.000347s ]
INFO: [ template_filter ] --END-- [ RunTime:0.000981s ]
NOTIC: [8] Use of undefined constant verify - assumed 'verify' D:\php_code\LibraryWeb-master\Application\Runtime\Cache\Admin\0dfec61edd66f450033aa87c28a760f4.php 第 54 行.
INFO: Run Behavior\ParseTemplateBehavior [ RunTime:0.100756s ]
INFO: [ view_parse ] --END-- [ RunTime:0.101455s ]
INFO: [ view_filter ] --START--
INFO: Run Behavior\WriteHtmlCacheBehavior [ RunTime:0.001422s ]
INFO: [ view_filter ] --END-- [ RunTime:0.002008s ]
INFO: [ app_end ] --START--
INFO: Run Behavior\ShowPageTraceBehavior [ RunTime:0.001711s ]
INFO: [ app_end ] --END-- [ RunTime:0.002296s ]

[ 2016-10-14T00:19:37+08:00 ] ::1 /LibraryWeb-master/index.php/Login/verify.html
INFO: [ app_init ] --START--
INFO: Run Behavior\BuildLiteBehavior [ RunTime:0.000129s ]
INFO: [ app_init ] --END-- [ RunTime:0.002317s ]
INFO: [ app_begin ] --START--
INFO: Run Behavior\ReadHtmlCacheBehavior [ RunTime:0.003576s ]
INFO: [ app_begin ] --END-- [ RunTime:0.004203s ]
INFO: [ app_end ] --START--
INFO: Run Behavior\ShowPageTraceBehavior [ RunTime:0.022145s ]
INFO: [ app_end ] --END-- [ RunTime:0.022740s ]

[ 2016-10-14T12:50:34+08:00 ] ::1 /LibraryWeb-master/
INFO: [ app_init ] --START--
INFO: Run Behavior\BuildLiteBehavior [ RunTime:0.000130s ]
INFO: [ app_init ] --END-- [ RunTime:0.006673s ]
INFO: [ app_begin ] --START--
INFO: Run Behavior\ReadHtmlCacheBehavior [ RunTime:0.003441s ]
INFO: [ app_begin ] --END-- [ RunTime:0.004026s ]
INFO: [ view_parse ] --START--
INFO: [ template_filter ] --START--
INFO: Run Behavior\ContentReplaceBehavior [ RunTime:0.023468s ]
INFO: [ template_filter ] --END-- [ RunTime:0.024063s ]
INFO: Run Behavior\ParseTemplateBehavior [ RunTime:0.116471s ]
INFO: [ view_parse ] --END-- [ RunTime:0.117034s ]
INFO: [ view_filter ] --START--
INFO: Run Behavior\WriteHtmlCacheBehavior [ RunTime:0.014604s ]
INFO: [ view_filter ] --END-- [ RunTime:0.015144s ]

[ 2016-10-14T12:50:37+08:00 ] ::1 /LibraryWeb-master/index.php/Login/login.html
INFO: [ app_init ] --START--
INFO: Run Behavior\BuildLiteBehavior [ RunTime:0.000155s ]
INFO: [ app_init ] --END-- [ RunTime:0.001988s ]
INFO: [ app_begin ] --START--
INFO: Run Behavior\ReadHtmlCacheBehavior [ RunTime:0.001814s ]
INFO: [ app_begin ] --END-- [ RunTime:0.002372s ]
INFO: [ view_parse ] --START--
INFO: [ template_filter ] --START--
INFO: Run Behavior\ContentReplaceBehavior [ RunTime:0.000305s ]
INFO: [ template_filter ] --END-- [ RunTime:0.001133s ]
NOTIC: [8] Use of undefined constant verify - assumed 'verify' D:\php_code\LibraryWeb-master\Application\Runtime\Cache\Admin\0dfec61edd66f450033aa87c28a760f4.php 第 63 行.
INFO: Run Behavior\ParseTemplateBehavior [ RunTime:0.048021s ]
INFO: [ view_parse ] --END-- [ RunTime:0.048620s ]
INFO: [ view_filter ] --START--
INFO: Run Behavior\WriteHtmlCacheBehavior [ RunTime:0.001879s ]
INFO: [ view_filter ] --END-- [ RunTime:0.002439s ]
INFO: [ app_end ] --START--
INFO: Run Behavior\ShowPageTraceBehavior [ RunTime:0.014734s ]
INFO: [ app_end ] --END-- [ RunTime:0.015289s ]

[ 2016-10-14T12:50:37+08:00 ] ::1 /LibraryWeb-master/index.php/Login/verify.html
INFO: [ app_init ] --START--
INFO: Run Behavior\BuildLiteBehavior [ RunTime:0.000114s ]
INFO: [ app_init ] --END-- [ RunTime:0.001929s ]
INFO: [ app_begin ] --START--
INFO: Run Behavior\ReadHtmlCacheBehavior [ RunTime:0.005605s ]
INFO: [ app_begin ] --END-- [ RunTime:0.006402s ]
INFO: [ app_end ] --START--
INFO: Run Behavior\ShowPageTraceBehavior [ RunTime:0.002254s ]
INFO: [ app_end ] --END-- [ RunTime:0.002858s ]

[ 2016-10-14T12:51:43+08:00 ] ::1 /LibraryWeb-master/index.php/Login/login.html
INFO: [ app_init ] --START--
INFO: Run Behavior\BuildLiteBehavior [ RunTime:0.000114s ]
INFO: [ app_init ] --END-- [ RunTime:0.001869s ]
INFO: [ app_begin ] --START--
INFO: Run Behavior\ReadHtmlCacheBehavior [ RunTime:0.005426s ]
INFO: [ app_begin ] --END-- [ RunTime:0.006011s ]
INFO: [ view_parse ] --START--
INFO: [ template_filter ] --START--
INFO: Run Behavior\ContentReplaceBehavior [ RunTime:0.000286s ]
INFO: [ template_filter ] --END-- [ RunTime:0.000830s ]
NOTIC: [8] Use of undefined constant verify - assumed 'verify' D:\php_code\LibraryWeb-master\Application\Runtime\Cache\Admin\0dfec61edd66f450033aa87c28a760f4.php 第 54 行.
INFO: Run Behavior\ParseTemplateBehavior [ RunTime:0.027639s ]
INFO: [ view_parse ] --END-- [ RunTime:0.028566s ]
INFO: [ view_filter ] --START--
INFO: Run Behavior\WriteHtmlCacheBehavior [ RunTime:0.001364s ]
INFO: [ view_filter ] --END-- [ RunTime:0.001902s ]
INFO: [ app_end ] --START--
INFO: Run Behavior\ShowPageTraceBehavior [ RunTime:0.001838s ]
INFO: [ app_end ] --END-- [ RunTime:0.002433s ]

[ 2016-10-14T12:51:43+08:00 ] ::1 /LibraryWeb-master/index.php/Login/verify.html
INFO: [ app_init ] --START--
INFO: Run Behavior\BuildLiteBehavior [ RunTime:0.000110s ]
INFO: [ app_init ] --END-- [ RunTime:0.003672s ]
INFO: [ app_begin ] --START--
INFO: Run Behavior\ReadHtmlCacheBehavior [ RunTime:0.003055s ]
INFO: [ app_begin ] --END-- [ RunTime:0.003637s ]
INFO: [ app_end ] --START--
INFO: Run Behavior\ShowPageTraceBehavior [ RunTime:0.002579s ]
INFO: [ app_end ] --END-- [ RunTime:0.003226s ]

